<?xml version='1.0' encoding='UTF-8'?>
<!DOCTYPE coverage SYSTEM 'http://cobertura.sourceforge.net/xml/coverage-04.dtd'>
<coverage line-rate="0.6295200525969756" branch-rate="0.4762059973924381" lines-covered="1915" lines-valid="3042" branches-covered="2922" branches-valid="6136" complexity="0.0" timestamp="1704675327" version="gcovr 6.0"><sources><source>.</source></sources><packages><package name="src" line-rate="0.7976782752902156" branch-rate="0.6835443037974683" complexity="0.0"><classes><class name="id_pool_c" filename="src/id_pool.c" line-rate="0.8823529411764706" branch-rate="0.7727272727272727" complexity="0.0"><methods/><lines><line number="20" hits="1514" branch="false"/><line number="22" hits="1514" branch="true" condition-coverage="100% (2/2)"><conditions><condition number="0" type="jump" coverage="100%"/></conditions></line><line number="23" hits="31" branch="false"/><line number="25" hits="1483" branch="false"/><line number="26" hits="1483" branch="true" condition-coverage="50% (1/2)"><conditions><condition number="0" type="jump" coverage="50%"/></conditions></line><line number="27" hits="0" branch="false"/><line number="29" hits="1483" branch="false"/><line number="30" hits="1483" branch="false"/><line number="32" hits="1483" branch="false"/><line number="36" hits="1472" branch="false"/><line number="38" hits="1472" branch="true" condition-coverage="100% (2/2)"><conditions><condition number="0" type="jump" coverage="100%"/></conditions></line><line number="39" hits="31" branch="false"/><line number="41" hits="1441" branch="true" condition-coverage="100% (2/2)"><conditions><condition number="0" type="jump" coverage="100%"/></conditions></line><line number="42" hits="1410" branch="false"/><line number="44" hits="1441" branch="false"/><line number="47" hits="1052" branch="false"/><line number="49" hits="1052" branch="true" condition-coverage="100% (2/2)"><conditions><condition number="0" type="jump" coverage="100%"/></conditions></line><line number="50" hits="31" branch="false"/><line number="52" hits="1021" branch="false"/><line number="53" hits="1021" branch="true" condition-coverage="100% (2/2)"><conditions><condition number="0" type="jump" coverage="100%"/></conditions></line><line number="54" hits="31" branch="false"/><line number="56" hits="990" branch="true" condition-coverage="100% (2/2)"><conditions><condition number="0" type="jump" coverage="100%"/></conditions></line><line number="57" hits="710" branch="false"/><line number="59" hits="990" branch="false"/><line number="62" hits="771" branch="false"/><line number="64" hits="771" branch="true" condition-coverage="50% (1/2)"><conditions><condition number="0" type="jump" coverage="50%"/></conditions></line><line number="65" hits="0" branch="false"/><line number="67" hits="771" branch="true" condition-coverage="50% (2/4)"><conditions><condition number="0" type="jump" coverage="50%"/></conditions></line><line number="68" hits="0" branch="false"/><line number="70" hits="771" branch="false"/><line number="71" hits="771" branch="false"/><line number="74" hits="771" branch="true" condition-coverage="50% (1/2)"><conditions><condition number="0" type="jump" coverage="50%"/></conditions></line><line number="75" hits="0" branch="false"/><line number="77" hits="771" branch="false"/></lines></class><class name="list_h" filename="src/list.h" line-rate="1.0" branch-rate="0.0" complexity="0.0"><methods/><lines><line number="20" hits="899" branch="false"/><line number="22" hits="899" branch="false"/><line number="25" hits="598" branch="false"/><line number="27" hits="598" branch="false"/><line number="31" hits="32848" branch="false"/><line number="33" hits="32848" branch="false"/><line number="34" hits="32848" branch="false"/><line number="35" hits="32848" branch="false"/><line number="38" hits="21578" branch="false"/><line number="40" hits="21578" branch="false"/><line number="41" hits="21578" branch="false"/><line number="44" hits="10646" branch="false"/><line number="47" hits="10646" branch="false"/><line number="48" hits="10646" branch="false"/><line number="49" hits="10646" branch="false"/><line number="50" hits="10646" branch="false"/><line number="51" hits="10646" branch="false"/><line number="54" hits="10584" branch="false"/><line number="56" hits="10584" branch="false"/><line number="57" hits="10584" branch="false"/><line number="58" hits="10584" branch="false"/><line number="59" hits="10584" branch="false"/><line number="70" hits="10646" branch="false"/><line number="72" hits="10646" branch="false"/><line number="73" hits="10646" branch="false"/></lines></class><class name="log_c" filename="src/log.c" line-rate="0.8205128205128205" branch-rate="0.5384615384615384" complexity="0.0"><methods/><lines><line number="27" hits="627" branch="false"/><line number="29" hits="627" branch="false"/><line number="30" hits="627" branch="true" condition-coverage="100% (2/2)"><conditions><condition number="0" type="jump" coverage="100%"/></conditions></line><line number="31" hits="217" branch="false"/><line number="33" hits="410" branch="false"/><line number="34" hits="410" branch="false"/><line number="35" hits="410" branch="true" condition-coverage="80% (4/5)"><conditions><condition number="0" type="jump" coverage="80%"/></conditions></line><line number="37" hits="317" branch="false"/><line number="38" hits="317" branch="false"/><line number="40" hits="348" branch="false"/><line number="41" hits="348" branch="false"/><line number="43" hits="379" branch="false"/><line number="44" hits="379" branch="false"/><line number="46" hits="410" branch="false"/><line number="47" hits="410" branch="false"/><line number="48" hits="410" branch="false"/><line number="49" hits="410" branch="false"/><line number="53" hits="410" branch="false"/><line number="54" hits="410" branch="false"/><line number="55" hits="410" branch="false"/><line number="58" hits="627" branch="false"/><line number="62" hits="627" branch="false"/><line number="63" hits="627" branch="true" condition-coverage="50% (1/2)"><conditions><condition number="0" type="jump" coverage="50%"/></conditions></line><line number="64" hits="627" branch="false"/><line number="66" hits="0" branch="false"/><line number="67" hits="0" branch="false"/><line number="69" hits="0" branch="true" condition-coverage="0% (0/2)"><conditions><condition number="0" type="jump" coverage="0%"/></conditions></line><line number="70" hits="0" branch="true" condition-coverage="0% (0/2)"><conditions><condition number="0" type="jump" coverage="0%"/></conditions></line><line number="71" hits="0" branch="false"/><line number="72" hits="0" branch="false"/><line number="75" hits="0" branch="false"/><line number="78" hits="627" branch="false"/><line number="80" hits="627" branch="false"/><line number="82" hits="627" branch="false"/><line number="83" hits="627" branch="false"/><line number="85" hits="627" branch="false"/><line number="88" hits="124" branch="false"/><line number="90" hits="124" branch="false"/><line number="91" hits="124" branch="false"/></lines></class><class name="misc_c" filename="src/misc.c" line-rate="1.0" branch-rate="1.0" complexity="0.0"><methods/><lines><line number="24" hits="155" branch="false"/><line number="26" hits="155" branch="true" condition-coverage="100% (2/2)"><conditions><condition number="0" type="jump" coverage="100%"/></conditions></line><line number="27" hits="31" branch="false"/><line number="29" hits="124" branch="false"/><line number="32" hits="124" branch="false"/><line number="34" hits="124" branch="false"/></lines></class><class name="plugin_c" filename="src/plugin.c" line-rate="0.8235294117647058" branch-rate="0.7567567567567568" complexity="0.0"><methods/><lines><line number="43" hits="314" branch="false"/><line number="45" hits="314" branch="true" condition-coverage="100% (2/2)"><conditions><condition number="0" type="jump" coverage="100%"/></conditions></line><line number="46" hits="10" branch="false"/><line number="47" hits="10" branch="false"/><line number="50" hits="304" branch="true" condition-coverage="100% (2/2)"><conditions><condition number="0" type="jump" coverage="100%"/></conditions></line><line number="51" hits="10" branch="false"/><line number="52" hits="10" branch="false"/><line number="55" hits="294" branch="true" condition-coverage="100% (2/2)"><conditions><condition number="0" type="jump" coverage="100%"/></conditions></line><line number="56" hits="10" branch="false"/><line number="57" hits="10" branch="false"/><line number="60" hits="284" branch="false"/><line number="63" hits="284" branch="false"/><line number="65" hits="284" branch="true" condition-coverage="75% (3/4)"><conditions><condition number="0" type="jump" coverage="75%"/></conditions></line><line number="68" hits="348" branch="false"/><line number="70" hits="348" branch="true" condition-coverage="100% (2/2)"><conditions><condition number="0" type="jump" coverage="100%"/></conditions></line><line number="71" hits="18" branch="false"/><line number="72" hits="18" branch="false"/><line number="75" hits="330" branch="true" condition-coverage="100% (2/2)"><conditions><condition number="0" type="jump" coverage="100%"/></conditions></line><line number="76" hits="16" branch="false"/><line number="77" hits="16" branch="false"/><line number="80" hits="314" branch="true" condition-coverage="50% (1/2)"><conditions><condition number="0" type="jump" coverage="50%"/></conditions></line><line number="81" hits="0" branch="false"/><line number="82" hits="0" branch="false"/><line number="85" hits="314" branch="true" condition-coverage="50% (1/2)"><conditions><condition number="0" type="jump" coverage="50%"/></conditions></line><line number="86" hits="0" branch="false"/><line number="88" hits="314" branch="true" condition-coverage="100% (2/2)"><conditions><condition number="0" type="jump" coverage="100%"/></conditions></line><line number="89" hits="30" branch="false"/><line number="91" hits="284" branch="false"/><line number="93" hits="284" branch="false"/><line number="95" hits="284" branch="false"/><line number="97" hits="284" branch="true" condition-coverage="100% (2/2)"><conditions><condition number="0" type="jump" coverage="100%"/></conditions></line><line number="98" hits="18" branch="false"/><line number="100" hits="18" branch="true" condition-coverage="50% (1/2)"><conditions><condition number="0" type="jump" coverage="50%"/></conditions></line><line number="101" hits="0" branch="false"/><line number="103" hits="18" branch="false"/><line number="107" hits="284" branch="false"/><line number="110" hits="284" branch="false"/><line number="112" hits="284" branch="true" condition-coverage="50% (1/2)"><conditions><condition number="0" type="jump" coverage="50%"/></conditions></line><line number="113" hits="0" branch="false"/><line number="115" hits="284" branch="true" condition-coverage="50% (1/2)"><conditions><condition number="0" type="jump" coverage="50%"/></conditions></line><line number="116" hits="0" branch="false"/><line number="118" hits="284" branch="true" condition-coverage="50% (1/2)"><conditions><condition number="0" type="jump" coverage="50%"/></conditions></line><line number="119" hits="0" branch="false"/><line number="121" hits="284" branch="true" condition-coverage="50% (1/2)"><conditions><condition number="0" type="jump" coverage="50%"/></conditions></line><line number="123" hits="0" branch="false"/><line number="128" hits="5298" branch="true" condition-coverage="100% (2/2)"><conditions><condition number="0" type="jump" coverage="100%"/></conditions></line><line number="129" hits="5014" branch="false"/><line number="130" hits="5014" branch="false"/><line number="133" hits="284" branch="false"/><line number="135" hits="284" branch="true" condition-coverage="50% (1/2)"><conditions><condition number="0" type="jump" coverage="50%"/></conditions></line><line number="136" hits="0" branch="false"/><line number="137" hits="0" branch="false"/><line number="141" hits="284" branch="false"/><line number="143" hits="284" branch="false"/><line number="145" hits="284" branch="true" condition-coverage="100% (2/2)"><conditions><condition number="0" type="jump" coverage="100%"/></conditions></line><line number="146" hits="248" branch="false"/><line number="148" hits="284" branch="false"/><line number="151" hits="5014" branch="false"/><line number="153" hits="5014" branch="true" condition-coverage="50% (2/4)"><conditions><condition number="0" type="jump" coverage="50%"/></conditions></line><line number="154" hits="0" branch="false"/><line number="155" hits="0" branch="false"/><line number="158" hits="5014" branch="true" condition-coverage="50% (1/2)"><conditions><condition number="0" type="jump" coverage="50%"/></conditions></line><line number="159" hits="0" branch="false"/><line number="160" hits="0" branch="false"/><line number="163" hits="5014" branch="false"/><line number="164" hits="5014" branch="true" condition-coverage="50% (1/2)"><conditions><condition number="0" type="jump" coverage="50%"/></conditions></line><line number="165" hits="0" branch="false"/><line number="166" hits="0" branch="false"/><line number="169" hits="5014" branch="false"/><line number="170" hits="5014" branch="false"/><line number="177" hits="5014" branch="false"/><line number="180" hits="266" branch="false"/><line number="182" hits="5262" branch="true" condition-coverage="100% (2/2)"><conditions><condition number="0" type="jump" coverage="100%"/></conditions></line><line number="183" hits="4996" branch="false"/><line number="184" hits="4996" branch="true" condition-coverage="50% (1/2)"><conditions><condition number="0" type="jump" coverage="50%"/></conditions></line><line number="185" hits="0" branch="false"/><line number="188" hits="266" branch="false"/><line number="191" hits="437" branch="false"/><line number="193" hits="437" branch="false"/><line number="194" hits="437" branch="false"/><line number="196" hits="437" branch="true" condition-coverage="50% (1/2)"><conditions><condition number="0" type="jump" coverage="50%"/></conditions></line><line number="197" hits="0" branch="false"/><line number="198" hits="0" branch="false"/><line number="201" hits="437" branch="true" condition-coverage="100% (2/2)"><conditions><condition number="0" type="jump" coverage="100%"/></conditions></line><line number="204" hits="18" branch="false"/><line number="211" hits="419" branch="true" condition-coverage="100% (2/2)"><conditions><condition number="0" type="jump" coverage="100%"/></conditions></line><line number="213" hits="11" branch="true" condition-coverage="50% (1/2)"><conditions><condition number="0" type="jump" coverage="50%"/></conditions></line><line number="215" hits="11" branch="true" condition-coverage="50% (1/2)"><conditions><condition number="0" type="jump" coverage="50%"/></conditions></line><line number="216" hits="11" branch="false"/><line number="217" hits="11" branch="false"/><line number="219" hits="11" branch="false"/><line number="225" hits="419" branch="true" condition-coverage="100% (2/2)"><conditions><condition number="0" type="jump" coverage="100%"/></conditions></line><line number="226" hits="408" branch="false"/><line number="230" hits="419" branch="false"/><line number="232" hits="419" branch="false"/><line number="235" hits="111" branch="false"/><line number="239" hits="222" branch="true" condition-coverage="100% (2/2)"><conditions><condition number="0" type="jump" coverage="100%"/></conditions></line><line number="246" hits="111" branch="false"/><line number="249" hits="1576" branch="false"/><line number="251" hits="1576" branch="false"/><line number="254" hits="614" branch="false"/><line number="256" hits="614" branch="false"/><line number="258" hits="15350" branch="true" condition-coverage="100% (2/2)"><conditions><condition number="0" type="jump" coverage="100%"/></conditions></line><line number="259" hits="14736" branch="false"/><line number="261" hits="614" branch="false"/><line number="263" hits="614" branch="false"/><line number="266" hits="620" branch="false"/><line number="268" hits="620" branch="true" condition-coverage="100% (2/2)"><conditions><condition number="0" type="jump" coverage="100%"/></conditions></line><line number="269" hits="81" branch="false"/><line number="271" hits="539" branch="false"/><line number="274" hits="787" branch="true" condition-coverage="100% (2/2)"><conditions><condition number="0" type="jump" coverage="100%"/></conditions></line><line number="276" hits="248" branch="false"/><line number="277" hits="248" branch="true" condition-coverage="50% (1/2)"><conditions><condition number="0" type="jump" coverage="50%"/></conditions></line><line number="278" hits="0" branch="false"/><line number="279" hits="0" branch="false"/><line number="283" hits="539" branch="true" condition-coverage="100% (2/2)"><conditions><condition number="0" type="jump" coverage="100%"/></conditions></line><line number="284" hits="18" branch="false"/><line number="286" hits="539" branch="false"/><line number="288" hits="539" branch="false"/></lines></class><class name="resources_c" filename="src/resources.c" line-rate="0.8297872340425532" branch-rate="0.6716417910447762" complexity="0.0"><methods/><lines><line number="42" hits="523" branch="false"/><line number="44" hits="523" branch="false"/><line number="45" hits="523" branch="true" condition-coverage="50% (1/2)"><conditions><condition number="0" type="jump" coverage="50%"/></conditions></line><line number="46" hits="0" branch="false"/><line number="48" hits="3661" branch="true" condition-coverage="100% (2/2)"><conditions><condition number="0" type="jump" coverage="100%"/></conditions></line><line number="49" hits="3138" branch="false"/><line number="51" hits="523" branch="false"/><line number="53" hits="523" branch="false"/><line number="56" hits="489" branch="false"/><line number="58" hits="489" branch="true" condition-coverage="100% (2/2)"><conditions><condition number="0" type="jump" coverage="100%"/></conditions></line><line number="59" hits="1" branch="false"/><line number="61" hits="3416" branch="true" condition-coverage="100% (2/2)"><conditions><condition number="0" type="jump" coverage="100%"/></conditions></line><line number="63" hits="2959" branch="true" condition-coverage="100% (2/2)"><conditions><condition number="0" type="jump" coverage="100%"/></conditions></line><line number="64" hits="31" branch="false"/><line number="67" hits="488" branch="false"/><line number="70" hits="160" branch="false"/><line number="73" hits="160" branch="true" condition-coverage="100% (2/2)"><conditions><condition number="0" type="jump" coverage="100%"/></conditions></line><line number="74" hits="1" branch="false"/><line number="76" hits="159" branch="true" condition-coverage="75% (3/4)"><conditions><condition number="0" type="jump" coverage="75%"/></conditions></line><line number="77" hits="1" branch="false"/><line number="81" hits="158" branch="false"/><line number="82" hits="158" branch="true" condition-coverage="50% (1/2)"><conditions><condition number="0" type="jump" coverage="50%"/></conditions></line><line number="83" hits="0" branch="false"/><line number="84" hits="0" branch="true" condition-coverage="0% (0/2)"><conditions><condition number="0" type="jump" coverage="0%"/></conditions></line><line number="85" hits="0" branch="false"/><line number="87" hits="158" branch="false"/><line number="90" hits="158" branch="true" condition-coverage="50% (1/2)"><conditions><condition number="0" type="jump" coverage="50%"/></conditions></line><line number="91" hits="0" branch="false"/><line number="93" hits="158" branch="false"/><line number="94" hits="158" branch="false"/><line number="95" hits="158" branch="false"/><line number="96" hits="158" branch="false"/><line number="97" hits="158" branch="false"/><line number="98" hits="158" branch="false"/><line number="99" hits="158" branch="false"/><line number="101" hits="158" branch="false"/><line number="104" hits="3" branch="false"/><line number="106" hits="3" branch="true" condition-coverage="100% (2/2)"><conditions><condition number="0" type="jump" coverage="100%"/></conditions></line><line number="107" hits="1" branch="false"/><line number="109" hits="8" branch="true" condition-coverage="100% (2/2)"><conditions><condition number="0" type="jump" coverage="100%"/></conditions></line><line number="111" hits="7" branch="true" condition-coverage="100% (2/2)"><conditions><condition number="0" type="jump" coverage="100%"/></conditions></line><line number="112" hits="1" branch="true" condition-coverage="50% (1/2)"><conditions><condition number="0" type="jump" coverage="50%"/></conditions></line><line number="113" hits="1" branch="false"/><line number="114" hits="1" branch="false"/><line number="119" hits="1" branch="true" condition-coverage="50% (1/2)"><conditions><condition number="0" type="jump" coverage="50%"/></conditions></line><line number="120" hits="1" branch="false"/><line number="123" hits="160" branch="false"/><line number="125" hits="160" branch="true" condition-coverage="100% (2/2)"><conditions><condition number="0" type="jump" coverage="100%"/></conditions></line><line number="126" hits="1" branch="false"/><line number="128" hits="159" branch="true" condition-coverage="100% (2/2)"><conditions><condition number="0" type="jump" coverage="100%"/></conditions></line><line number="129" hits="1" branch="false"/><line number="133" hits="158" branch="true" condition-coverage="100% (3/3)"><conditions><condition number="0" type="jump" coverage="100%"/></conditions></line><line number="134" hits="31" branch="false"/><line number="135" hits="31" branch="false"/><line number="138" hits="127" branch="false"/><line number="139" hits="127" branch="true" condition-coverage="50% (1/2)"><conditions><condition number="0" type="jump" coverage="50%"/></conditions></line><line number="140" hits="0" branch="false"/><line number="141" hits="0" branch="true" condition-coverage="0% (0/2)"><conditions><condition number="0" type="jump" coverage="0%"/></conditions></line><line number="142" hits="0" branch="false"/><line number="144" hits="127" branch="true" condition-coverage="50% (1/2)"><conditions><condition number="0" type="jump" coverage="50%"/></conditions></line><line number="145" hits="127" branch="false"/><line number="148" hits="127" branch="false"/><line number="151" hits="127" branch="true" condition-coverage="50% (1/2)"><conditions><condition number="0" type="jump" coverage="50%"/></conditions></line><line number="152" hits="127" branch="false"/><line number="154" hits="127" branch="true" condition-coverage="100% (2/2)"><conditions><condition number="0" type="jump" coverage="100%"/></conditions></line><line number="155" hits="63" branch="false"/><line number="156" hits="63" branch="false"/><line number="159" hits="127" branch="false"/><line number="162" hits="245" branch="false"/><line number="164" hits="245" branch="true" condition-coverage="50% (1/2)"><conditions><condition number="0" type="jump" coverage="50%"/></conditions></line><line number="165" hits="0" branch="false"/><line number="166" hits="0" branch="false"/><line number="169" hits="245" branch="false"/><line number="172" hits="214" branch="false"/><line number="174" hits="214" branch="true" condition-coverage="50% (1/2)"><conditions><condition number="0" type="jump" coverage="50%"/></conditions></line><line number="175" hits="0" branch="false"/><line number="176" hits="0" branch="false"/><line number="179" hits="214" branch="false"/><line number="182" hits="64" branch="false"/><line number="184" hits="64" branch="true" condition-coverage="100% (2/2)"><conditions><condition number="0" type="jump" coverage="100%"/></conditions></line><line number="185" hits="1" branch="true" condition-coverage="50% (1/2)"><conditions><condition number="0" type="jump" coverage="50%"/></conditions></line><line number="186" hits="1" branch="false"/><line number="189" hits="63" branch="true" condition-coverage="50% (1/2)"><conditions><condition number="0" type="jump" coverage="50%"/></conditions></line><line number="192" hits="63" branch="false"/><line number="194" hits="63" branch="true" condition-coverage="50% (1/2)"><conditions><condition number="0" type="jump" coverage="50%"/></conditions></line><line number="195" hits="0" branch="true" condition-coverage="0% (0/2)"><conditions><condition number="0" type="jump" coverage="0%"/></conditions></line><line number="197" hits="0" branch="false"/><line number="200" hits="63" branch="false"/><line number="201" hits="63" branch="true" condition-coverage="50% (1/2)"><conditions><condition number="0" type="jump" coverage="50%"/></conditions></line><line number="202" hits="0" branch="false"/><line number="204" hits="63" branch="false"/><line number="205" hits="63" branch="true" condition-coverage="50% (1/2)"><conditions><condition number="0" type="jump" coverage="50%"/></conditions></line><line number="206" hits="0" branch="false"/><line number="208" hits="63" branch="false"/></lines></class><class name="session_c" filename="src/session.c" line-rate="0.8300653594771242" branch-rate="0.7159090909090909" complexity="0.0"><methods/><lines><line number="41" hits="466" branch="false"/><line number="43" hits="466" branch="false"/><line number="46" hits="434" branch="false"/><line number="48" hits="434" branch="false"/><line number="49" hits="434" branch="false"/><line number="51" hits="543" branch="false"/><line number="53" hits="543" branch="false"/><line number="54" hits="543" branch="true" condition-coverage="50% (1/2)"><conditions><condition number="0" type="jump" coverage="50%"/></conditions></line><line number="55" hits="0" branch="false"/><line number="57" hits="556575" branch="true" condition-coverage="100% (2/2)"><conditions><condition number="0" type="jump" coverage="100%"/></conditions></line><line number="58" hits="556032" branch="false"/><line number="60" hits="543" branch="false"/><line number="62" hits="543" branch="false"/><line number="65" hits="505" branch="false"/><line number="67" hits="505" branch="false"/><line number="68" hits="505" branch="false"/><line number="70" hits="505" branch="false"/><line number="73" hits="194" branch="false"/><line number="76" hits="194" branch="true" condition-coverage="75% (6/8)"><conditions><condition number="0" type="jump" coverage="75%"/></conditions></line><line number="77" hits="18" branch="false"/><line number="79" hits="176" branch="false"/><line number="80" hits="176" branch="false"/><line number="81" hits="176" branch="true" condition-coverage="50% (1/2)"><conditions><condition number="0" type="jump" coverage="50%"/></conditions></line><line number="82" hits="0" branch="false"/><line number="84" hits="176" branch="false"/><line number="85" hits="176" branch="true" condition-coverage="100% (2/2)"><conditions><condition number="0" type="jump" coverage="100%"/></conditions></line><line number="86" hits="7" branch="false"/><line number="87" hits="7" branch="true" condition-coverage="50% (1/2)"><conditions><condition number="0" type="jump" coverage="50%"/></conditions></line><line number="88" hits="0" branch="false"/><line number="89" hits="0" branch="false"/><line number="93" hits="176" branch="false"/><line number="94" hits="176" branch="false"/><line number="95" hits="176" branch="false"/><line number="97" hits="176" branch="false"/><line number="101" hits="190" branch="false"/><line number="104" hits="190" branch="false"/><line number="105" hits="190" branch="false"/><line number="108" hits="190" branch="true" condition-coverage="100% (2/2)"><conditions><condition number="0" type="jump" coverage="100%"/></conditions></line><line number="109" hits="183" branch="true" condition-coverage="50% (1/2)"><conditions><condition number="0" type="jump" coverage="50%"/></conditions></line><line number="110" hits="183" branch="false"/><line number="113" hits="7" branch="false"/><line number="116" hits="166" branch="false"/><line number="119" hits="166" branch="true" condition-coverage="100% (6/6)"><conditions><condition number="0" type="jump" coverage="100%"/></conditions></line><line number="120" hits="21" branch="false"/><line number="124" hits="145" branch="false"/><line number="125" hits="145" branch="true" condition-coverage="50% (1/2)"><conditions><condition number="0" type="jump" coverage="50%"/></conditions></line><line number="126" hits="0" branch="false"/><line number="128" hits="0" branch="false"/><line number="131" hits="145" branch="false"/><line number="132" hits="145" branch="true" condition-coverage="100% (2/2)"><conditions><condition number="0" type="jump" coverage="100%"/></conditions></line><line number="133" hits="7" branch="false"/><line number="134" hits="7" branch="true" condition-coverage="50% (1/2)"><conditions><condition number="0" type="jump" coverage="50%"/></conditions></line><line number="135" hits="0" branch="false"/><line number="140" hits="145" branch="false"/><line number="141" hits="145" branch="false"/><line number="142" hits="145" branch="false"/><line number="144" hits="145" branch="false"/><line number="147" hits="45" branch="false"/><line number="151" hits="45" branch="false"/><line number="154" hits="474" branch="false"/><line number="156" hits="474" branch="true" condition-coverage="50% (1/2)"><conditions><condition number="0" type="jump" coverage="50%"/></conditions></line><line number="157" hits="0" branch="false"/><line number="159" hits="474" branch="false"/><line number="160" hits="474" branch="true" condition-coverage="50% (1/2)"><conditions><condition number="0" type="jump" coverage="50%"/></conditions></line><line number="161" hits="0" branch="false"/><line number="163" hits="474" branch="false"/><line number="164" hits="474" branch="false"/><line number="166" hits="474" branch="true" condition-coverage="50% (1/2)"><conditions><condition number="0" type="jump" coverage="50%"/></conditions></line><line number="167" hits="0" branch="false"/><line number="169" hits="0" branch="false"/><line number="170" hits="0" branch="false"/><line number="173" hits="474" branch="false"/><line number="174" hits="474" branch="true" condition-coverage="100% (2/2)"><conditions><condition number="0" type="jump" coverage="100%"/></conditions></line><line number="175" hits="4" branch="false"/><line number="177" hits="470" branch="false"/><line number="178" hits="3290" branch="true" condition-coverage="100% (2/2)"><conditions><condition number="0" type="jump" coverage="100%"/></conditions></line><line number="179" hits="2820" branch="false"/><line number="181" hits="470" branch="false"/><line number="183" hits="4" branch="false"/><line number="184" hits="4" branch="false"/><line number="185" hits="4" branch="false"/><line number="188" hits="438" branch="false"/><line number="190" hits="438" branch="true" condition-coverage="50% (2/4)"><conditions><condition number="0" type="jump" coverage="50%"/></conditions></line><line number="191" hits="0" branch="false"/><line number="193" hits="438" branch="false"/><line number="194" hits="3066" branch="true" condition-coverage="100% (2/2)"><conditions><condition number="0" type="jump" coverage="100%"/></conditions></line><line number="196" hits="2628" branch="true" condition-coverage="50% (1/2)"><conditions><condition number="0" type="jump" coverage="50%"/></conditions></line><line number="197" hits="0" branch="false"/><line number="198" hits="0" branch="true" condition-coverage="0% (0/2)"><conditions><condition number="0" type="jump" coverage="0%"/></conditions></line><line number="199" hits="0" branch="false"/><line number="205" hits="438" branch="false"/><line number="206" hits="438" branch="true" condition-coverage="50% (1/2)"><conditions><condition number="0" type="jump" coverage="50%"/></conditions></line><line number="207" hits="0" branch="false"/><line number="210" hits="438" branch="false"/><line number="211" hits="438" branch="false"/><line number="213" hits="438" branch="false"/><line number="216" hits="482" branch="false"/><line number="218" hits="482" branch="true" condition-coverage="100% (2/2)"><conditions><condition number="0" type="jump" coverage="100%"/></conditions></line><line number="219" hits="8" branch="false"/><line number="221" hits="474" branch="true" condition-coverage="50% (1/2)"><conditions><condition number="0" type="jump" coverage="50%"/></conditions></line><line number="222" hits="0" branch="false"/><line number="226" hits="474" branch="false"/><line number="227" hits="474" branch="true" condition-coverage="100% (2/2)"><conditions><condition number="0" type="jump" coverage="100%"/></conditions></line><line number="228" hits="8" branch="false"/><line number="229" hits="8" branch="true" condition-coverage="50% (1/2)"><conditions><condition number="0" type="jump" coverage="50%"/></conditions></line><line number="230" hits="0" branch="false"/><line number="231" hits="0" branch="false"/><line number="234" hits="466" branch="false"/><line number="235" hits="466" branch="true" condition-coverage="50% (1/2)"><conditions><condition number="0" type="jump" coverage="50%"/></conditions></line><line number="236" hits="0" branch="false"/><line number="238" hits="466" branch="false"/><line number="241" hits="474" branch="false"/><line number="242" hits="474" branch="true" condition-coverage="100% (2/2)"><conditions><condition number="0" type="jump" coverage="100%"/></conditions></line><line number="243" hits="4" branch="false"/><line number="245" hits="470" branch="false"/><line number="247" hits="470" branch="false"/><line number="249" hits="470" branch="false"/><line number="251" hits="470" branch="false"/><line number="253" hits="4" branch="false"/><line number="254" hits="4" branch="true" condition-coverage="100% (2/2)"><conditions><condition number="0" type="jump" coverage="100%"/></conditions></line><line number="255" hits="1" branch="false"/><line number="256" hits="1" branch="true" condition-coverage="50% (1/2)"><conditions><condition number="0" type="jump" coverage="50%"/></conditions></line><line number="257" hits="0" branch="false"/><line number="261" hits="3" branch="false"/><line number="264" hits="4" branch="false"/><line number="267" hits="28" branch="false"/><line number="269" hits="28" branch="true" condition-coverage="100% (2/2)"><conditions><condition number="0" type="jump" coverage="100%"/></conditions></line><line number="270" hits="7" branch="false"/><line number="272" hits="21" branch="true" condition-coverage="50% (1/2)"><conditions><condition number="0" type="jump" coverage="50%"/></conditions></line><line number="273" hits="0" branch="false"/><line number="277" hits="21" branch="false"/><line number="278" hits="21" branch="true" condition-coverage="100% (2/2)"><conditions><condition number="0" type="jump" coverage="100%"/></conditions></line><line number="279" hits="7" branch="false"/><line number="280" hits="7" branch="true" condition-coverage="50% (1/2)"><conditions><condition number="0" type="jump" coverage="50%"/></conditions></line><line number="281" hits="0" branch="false"/><line number="284" hits="14" branch="false"/><line number="287" hits="21" branch="false"/><line number="289" hits="21" branch="false"/><line number="292" hits="452" branch="false"/><line number="294" hits="452" branch="true" condition-coverage="100% (2/2)"><conditions><condition number="0" type="jump" coverage="100%"/></conditions></line><line number="295" hits="14" branch="false"/><line number="297" hits="438" branch="true" condition-coverage="50% (1/2)"><conditions><condition number="0" type="jump" coverage="50%"/></conditions></line><line number="298" hits="0" branch="false"/><line number="302" hits="438" branch="false"/><line number="303" hits="438" branch="true" condition-coverage="100% (2/2)"><conditions><condition number="0" type="jump" coverage="100%"/></conditions></line><line number="304" hits="7" branch="false"/><line number="305" hits="7" branch="true" condition-coverage="50% (1/2)"><conditions><condition number="0" type="jump" coverage="50%"/></conditions></line><line number="306" hits="0" branch="false"/><line number="309" hits="431" branch="false"/><line number="312" hits="438" branch="false"/><line number="313" hits="438" branch="false"/><line number="315" hits="438" branch="false"/><line number="317" hits="438" branch="false"/></lines></class><class name="utils_c" filename="src/utils.c" line-rate="0.6470588235294118" branch-rate="0.5833333333333334" complexity="0.0"><methods/><lines><line number="29" hits="720" branch="false"/><line number="31" hits="720" branch="false"/><line number="32" hits="720" branch="true" condition-coverage="50% (1/2)"><conditions><condition number="0" type="jump" coverage="50%"/></conditions></line><line number="33" hits="0" branch="false"/><line number="35" hits="720" branch="false"/><line number="36" hits="720" branch="false"/><line number="39" hits="1122" branch="false"/><line number="43" hits="1122" branch="true" condition-coverage="100% (2/2)"><conditions><condition number="0" type="jump" coverage="100%"/></conditions></line><line number="44" hits="32" branch="false"/><line number="46" hits="1090" branch="false"/><line number="49" hits="124" branch="false"/><line number="53" hits="124" branch="false"/><line number="54" hits="124" branch="true" condition-coverage="50% (1/2)"><conditions><condition number="0" type="jump" coverage="50%"/></conditions></line><line number="55" hits="0" branch="false"/><line number="56" hits="0" branch="false"/><line number="61" hits="124" branch="false"/><line number="62" hits="124" branch="true" condition-coverage="50% (1/2)"><conditions><condition number="0" type="jump" coverage="50%"/></conditions></line><line number="63" hits="0" branch="false"/><line number="64" hits="0" branch="false"/><line number="65" hits="0" branch="false"/><line number="67" hits="124" branch="true" condition-coverage="50% (1/2)"><conditions><condition number="0" type="jump" coverage="50%"/></conditions></line><line number="68" hits="0" branch="false"/><line number="69" hits="0" branch="false"/><line number="70" hits="0" branch="false"/><line number="73" hits="124" branch="false"/><line number="75" hits="124" branch="true" condition-coverage="50% (1/2)"><conditions><condition number="0" type="jump" coverage="50%"/></conditions></line><line number="76" hits="0" branch="false"/><line number="77" hits="0" branch="false"/><line number="78" hits="0" branch="false"/><line number="81" hits="124" branch="false"/><line number="82" hits="124" branch="false"/><line number="84" hits="124" branch="false"/><line number="85" hits="124" branch="false"/><line number="86" hits="124" branch="false"/></lines></class><class name="vaccel_c" filename="src/vaccel.c" line-rate="0.6363636363636364" branch-rate="0.5" complexity="0.0"><methods/><lines><line number="35" hits="248" branch="false"/><line number="40" hits="248" branch="false"/><line number="41" hits="248" branch="true" condition-coverage="50% (1/2)"><conditions><condition number="0" type="jump" coverage="50%"/></conditions></line><line number="42" hits="0" branch="false"/><line number="43" hits="0" branch="false"/><line number="46" hits="248" branch="false"/><line number="47" hits="248" branch="true" condition-coverage="50% (1/2)"><conditions><condition number="0" type="jump" coverage="50%"/></conditions></line><line number="48" hits="0" branch="false"/><line number="49" hits="0" branch="false"/><line number="50" hits="0" branch="false"/><line number="53" hits="248" branch="false"/><line number="54" hits="248" branch="false"/><line number="55" hits="248" branch="true" condition-coverage="50% (1/2)"><conditions><condition number="0" type="jump" coverage="50%"/></conditions></line><line number="56" hits="0" branch="false"/><line number="59" hits="248" branch="false"/><line number="60" hits="248" branch="true" condition-coverage="50% (1/2)"><conditions><condition number="0" type="jump" coverage="50%"/></conditions></line><line number="61" hits="0" branch="false"/><line number="64" hits="248" branch="false"/><line number="66" hits="248" branch="false"/><line number="68" hits="248" branch="false"/><line number="70" hits="0" branch="false"/><line number="71" hits="0" branch="false"/><line number="72" hits="0" branch="false"/><line number="75" hits="248" branch="false"/><line number="79" hits="248" branch="false"/><line number="80" hits="248" branch="true" condition-coverage="50% (1/2)"><conditions><condition number="0" type="jump" coverage="50%"/></conditions></line><line number="81" hits="0" branch="false"/><line number="83" hits="248" branch="false"/><line number="84" hits="248" branch="false"/><line number="85" hits="496" branch="true" condition-coverage="100% (2/2)"><conditions><condition number="0" type="jump" coverage="100%"/></conditions></line><line number="86" hits="248" branch="false"/><line number="87" hits="248" branch="true" condition-coverage="50% (1/2)"><conditions><condition number="0" type="jump" coverage="50%"/></conditions></line><line number="88" hits="0" branch="false"/><line number="90" hits="248" branch="false"/><line number="93" hits="248" branch="false"/><line number="94" hits="248" branch="false"/><line number="97" hits="477" branch="false"/><line number="99" hits="477" branch="false"/><line number="100" hits="477" branch="true" condition-coverage="50% (1/2)"><conditions><condition number="0" type="jump" coverage="50%"/></conditions></line><line number="101" hits="0" branch="false"/><line number="102" hits="0" branch="false"/><line number="105" hits="477" branch="true" condition-coverage="50% (1/2)"><conditions><condition number="0" type="jump" coverage="50%"/></conditions></line><line number="106" hits="0" branch="false"/><line number="107" hits="0" branch="true" condition-coverage="0% (0/2)"><conditions><condition number="0" type="jump" coverage="0%"/></conditions></line><line number="108" hits="0" branch="false"/><line number="109" hits="0" branch="false"/><line number="110" hits="0" branch="true" condition-coverage="0% (0/2)"><conditions><condition number="0" type="jump" coverage="0%"/></conditions></line><line number="111" hits="0" branch="false"/><line number="113" hits="0" branch="false"/><line number="116" hits="0" branch="false"/><line number="117" hits="0" branch="true" condition-coverage="0% (0/2)"><conditions><condition number="0" type="jump" coverage="0%"/></conditions></line><line number="118" hits="0" branch="false"/><line number="120" hits="0" branch="false"/><line number="123" hits="0" branch="false"/><line number="126" hits="477" branch="false"/><line number="128" hits="477" branch="true" condition-coverage="50% (1/2)"><conditions><condition number="0" type="jump" coverage="50%"/></conditions></line><line number="129" hits="0" branch="false"/><line number="130" hits="0" branch="false"/><line number="133" hits="477" branch="false"/><line number="134" hits="477" branch="true" condition-coverage="50% (1/2)"><conditions><condition number="0" type="jump" coverage="50%"/></conditions></line><line number="135" hits="0" branch="false"/><line number="136" hits="0" branch="false"/><line number="139" hits="477" branch="false"/><line number="141" hits="477" branch="false"/><line number="144" hits="477" branch="false"/><line number="148" hits="477" branch="true" condition-coverage="100% (2/2)"><conditions><condition number="0" type="jump" coverage="100%"/></conditions></line><line number="149" hits="32" branch="false"/><line number="151" hits="477" branch="false"/><line number="154" hits="681" branch="false"/><line number="156" hits="681" branch="false"/><line number="160" hits="477" branch="false"/><line number="162" hits="477" branch="false"/><line number="165" hits="477" branch="false"/><line number="167" hits="477" branch="false"/><line number="168" hits="477" branch="false"/><line number="170" hits="477" branch="false"/><line number="171" hits="477" branch="true" condition-coverage="50% (1/2)"><conditions><condition number="0" type="jump" coverage="50%"/></conditions></line><line number="172" hits="0" branch="false"/><line number="173" hits="0" branch="false"/><line number="176" hits="477" branch="false"/><line number="177" hits="477" branch="true" condition-coverage="50% (1/2)"><conditions><condition number="0" type="jump" coverage="50%"/></conditions></line><line number="178" hits="0" branch="false"/><line number="179" hits="0" branch="false"/><line number="182" hits="477" branch="false"/><line number="183" hits="477" branch="true" condition-coverage="50% (1/2)"><conditions><condition number="0" type="jump" coverage="50%"/></conditions></line><line number="184" hits="0" branch="false"/><line number="185" hits="0" branch="false"/><line number="189" hits="477" branch="false"/><line number="192" hits="477" branch="false"/><line number="193" hits="477" branch="true" condition-coverage="100% (2/2)"><conditions><condition number="0" type="jump" coverage="100%"/></conditions></line><line number="194" hits="229" branch="false"/><line number="196" hits="248" branch="false"/><line number="200" hits="477" branch="false"/><line number="202" hits="477" branch="false"/><line number="203" hits="477" branch="false"/><line number="204" hits="477" branch="false"/><line number="205" hits="477" branch="false"/><line number="206" hits="477" branch="false"/><line number="207" hits="477" branch="false"/></lines></class></classes></package><package name="src.include.ops" line-rate="1.0" branch-rate="0.0" complexity="0.0"><classes><class name="vaccel_ops_h" filename="src/include/ops/vaccel_ops.h" line-rate="1.0" branch-rate="0.0" complexity="0.0"><methods/><lines><line number="81" hits="279" branch="false"/><line number="83" hits="279" branch="false"/></lines></class></classes></package><package name="src.ops" line-rate="0.19569471624266144" branch-rate="0.12626262626262627" complexity="0.0"><classes><class name="blas_c" filename="src/ops/blas.c" line-rate="0.25" branch-rate="0.25" complexity="0.0"><methods/><lines><line number="24" hits="31" branch="false"/><line number="33" hits="31" branch="true" condition-coverage="50% (1/2)"><conditions><condition number="0" type="jump" coverage="50%"/></conditions></line><line number="34" hits="0" branch="false"/><line number="36" hits="31" branch="false"/><line number="40" hits="31" branch="false"/><line number="48" hits="31" branch="false"/><line number="49" hits="31" branch="true" condition-coverage="50% (1/2)"><conditions><condition number="0" type="jump" coverage="50%"/></conditions></line><line number="50" hits="0" branch="false"/><line number="52" hits="31" branch="false"/><line number="55" hits="0" branch="false"/><line number="60" hits="0" branch="true" condition-coverage="0% (0/2)"><conditions><condition number="0" type="jump" coverage="0%"/></conditions></line><line number="61" hits="0" branch="false"/><line number="63" hits="0" branch="false"/><line number="66" hits="0" branch="true" condition-coverage="0% (0/2)"><conditions><condition number="0" type="jump" coverage="0%"/></conditions></line><line number="67" hits="0" branch="false"/><line number="69" hits="0" branch="false"/><line number="72" hits="0" branch="false"/><line number="73" hits="0" branch="false"/><line number="74" hits="0" branch="false"/><line number="75" hits="0" branch="false"/><line number="76" hits="0" branch="false"/><line number="77" hits="0" branch="false"/><line number="78" hits="0" branch="false"/><line number="79" hits="0" branch="false"/><line number="80" hits="0" branch="false"/><line number="82" hits="0" branch="false"/><line number="83" hits="0" branch="false"/><line number="85" hits="0" branch="false"/></lines></class><class name="exec_c" filename="src/ops/exec.c" line-rate="0.0" branch-rate="0.0" complexity="0.0"><methods/><lines><line number="28" hits="0" branch="false"/><line number="32" hits="0" branch="true" condition-coverage="0% (0/2)"><conditions><condition number="0" type="jump" coverage="0%"/></conditions></line><line number="33" hits="0" branch="false"/><line number="35" hits="0" branch="false"/><line number="39" hits="0" branch="false"/><line number="40" hits="0" branch="true" condition-coverage="0% (0/2)"><conditions><condition number="0" type="jump" coverage="0%"/></conditions></line><line number="41" hits="0" branch="false"/><line number="43" hits="0" branch="false"/><line number="47" hits="0" branch="false"/><line number="51" hits="0" branch="true" condition-coverage="0% (0/2)"><conditions><condition number="0" type="jump" coverage="0%"/></conditions></line><line number="52" hits="0" branch="false"/><line number="54" hits="0" branch="false"/><line number="58" hits="0" branch="false"/><line number="59" hits="0" branch="true" condition-coverage="0% (0/2)"><conditions><condition number="0" type="jump" coverage="0%"/></conditions></line><line number="60" hits="0" branch="false"/><line number="62" hits="0" branch="false"/><line number="66" hits="0" branch="false"/><line number="70" hits="0" branch="true" condition-coverage="0% (0/2)"><conditions><condition number="0" type="jump" coverage="0%"/></conditions></line><line number="71" hits="0" branch="false"/><line number="73" hits="0" branch="false"/><line number="77" hits="0" branch="false"/><line number="78" hits="0" branch="false"/><line number="81" hits="0" branch="false"/><line number="82" hits="0" branch="false"/><line number="85" hits="0" branch="false"/><line number="89" hits="0" branch="false"/><line number="90" hits="0" branch="true" condition-coverage="0% (0/2)"><conditions><condition number="0" type="jump" coverage="0%"/></conditions></line><line number="91" hits="0" branch="false"/><line number="93" hits="0" branch="false"/><line number="100" hits="0" branch="false"/><line number="101" hits="0" branch="true" condition-coverage="0% (0/2)"><conditions><condition number="0" type="jump" coverage="0%"/></conditions></line><line number="102" hits="0" branch="false"/><line number="103" hits="0" branch="false"/><line number="105" hits="0" branch="false"/><line number="106" hits="0" branch="true" condition-coverage="0% (0/2)"><conditions><condition number="0" type="jump" coverage="0%"/></conditions></line><line number="107" hits="0" branch="false"/><line number="108" hits="0" branch="false"/><line number="111" hits="0" branch="false"/><line number="112" hits="0" branch="false"/><line number="115" hits="0" branch="false"/><line number="116" hits="0" branch="false"/></lines></class><class name="fpga_c" filename="src/ops/fpga.c" line-rate="0.25925925925925924" branch-rate="0.28125" complexity="0.0"><methods/><lines><line number="9" hits="62" branch="false"/><line number="11" hits="62" branch="true" condition-coverage="100% (2/2)"><conditions><condition number="0" type="jump" coverage="100%"/></conditions></line><line number="12" hits="31" branch="false"/><line number="14" hits="31" branch="false"/><line number="18" hits="31" branch="false"/><line number="19" hits="31" branch="true" condition-coverage="50% (1/2)"><conditions><condition number="0" type="jump" coverage="50%"/></conditions></line><line number="20" hits="0" branch="false"/><line number="22" hits="31" branch="false"/><line number="25" hits="0" branch="false"/><line number="28" hits="0" branch="true" condition-coverage="0% (0/2)"><conditions><condition number="0" type="jump" coverage="0%"/></conditions></line><line number="29" hits="0" branch="false"/><line number="31" hits="0" branch="false"/><line number="34" hits="0" branch="true" condition-coverage="0% (0/2)"><conditions><condition number="0" type="jump" coverage="0%"/></conditions></line><line number="35" hits="0" branch="false"/><line number="37" hits="0" branch="false"/><line number="39" hits="0" branch="false"/><line number="40" hits="0" branch="false"/><line number="41" hits="0" branch="false"/><line number="43" hits="0" branch="false"/><line number="51" hits="62" branch="false"/><line number="53" hits="62" branch="true" condition-coverage="100% (2/2)"><conditions><condition number="0" type="jump" coverage="100%"/></conditions></line><line number="54" hits="31" branch="false"/><line number="56" hits="31" branch="false"/><line number="60" hits="31" branch="false"/><line number="61" hits="31" branch="true" condition-coverage="50% (1/2)"><conditions><condition number="0" type="jump" coverage="50%"/></conditions></line><line number="62" hits="0" branch="false"/><line number="64" hits="31" branch="false"/><line number="67" hits="0" branch="false"/><line number="70" hits="0" branch="true" condition-coverage="0% (0/2)"><conditions><condition number="0" type="jump" coverage="0%"/></conditions></line><line number="71" hits="0" branch="false"/><line number="73" hits="0" branch="false"/><line number="76" hits="0" branch="true" condition-coverage="0% (0/2)"><conditions><condition number="0" type="jump" coverage="0%"/></conditions></line><line number="77" hits="0" branch="false"/><line number="79" hits="0" branch="false"/><line number="81" hits="0" branch="false"/><line number="82" hits="0" branch="false"/><line number="83" hits="0" branch="false"/><line number="84" hits="0" branch="false"/><line number="86" hits="0" branch="false"/><line number="93" hits="0" branch="false"/><line number="95" hits="0" branch="true" condition-coverage="0% (0/2)"><conditions><condition number="0" type="jump" coverage="0%"/></conditions></line><line number="96" hits="0" branch="false"/><line number="98" hits="0" branch="false"/><line number="102" hits="0" branch="false"/><line number="103" hits="0" branch="true" condition-coverage="0% (0/2)"><conditions><condition number="0" type="jump" coverage="0%"/></conditions></line><line number="104" hits="0" branch="false"/><line number="106" hits="0" branch="false"/><line number="109" hits="0" branch="false"/><line number="112" hits="0" branch="true" condition-coverage="0% (0/2)"><conditions><condition number="0" type="jump" coverage="0%"/></conditions></line><line number="113" hits="0" branch="false"/><line number="115" hits="0" branch="false"/><line number="118" hits="0" branch="true" condition-coverage="0% (0/2)"><conditions><condition number="0" type="jump" coverage="0%"/></conditions></line><line number="119" hits="0" branch="false"/><line number="121" hits="0" branch="false"/><line number="123" hits="0" branch="false"/><line number="124" hits="0" branch="false"/><line number="125" hits="0" branch="false"/><line number="126" hits="0" branch="false"/><line number="127" hits="0" branch="false"/><line number="130" hits="0" branch="false"/><line number="138" hits="62" branch="false"/><line number="140" hits="62" branch="true" condition-coverage="100% (2/2)"><conditions><condition number="0" type="jump" coverage="100%"/></conditions></line><line number="141" hits="31" branch="false"/><line number="143" hits="31" branch="false"/><line number="147" hits="31" branch="false"/><line number="148" hits="31" branch="true" condition-coverage="50% (1/2)"><conditions><condition number="0" type="jump" coverage="50%"/></conditions></line><line number="149" hits="0" branch="false"/><line number="151" hits="31" branch="false"/><line number="154" hits="0" branch="false"/><line number="157" hits="0" branch="true" condition-coverage="0% (0/2)"><conditions><condition number="0" type="jump" coverage="0%"/></conditions></line><line number="158" hits="0" branch="false"/><line number="160" hits="0" branch="false"/><line number="163" hits="0" branch="true" condition-coverage="0% (0/2)"><conditions><condition number="0" type="jump" coverage="0%"/></conditions></line><line number="164" hits="0" branch="false"/><line number="166" hits="0" branch="false"/><line number="168" hits="0" branch="false"/><line number="169" hits="0" branch="false"/><line number="170" hits="0" branch="false"/><line number="171" hits="0" branch="false"/><line number="172" hits="0" branch="false"/><line number="174" hits="0" branch="false"/></lines></class><class name="genop_c" filename="src/ops/genop.c" line-rate="0.0" branch-rate="0.0" complexity="0.0"><methods/><lines><line number="66" hits="0" branch="false"/><line number="69" hits="0" branch="true" condition-coverage="0% (0/2)"><conditions><condition number="0" type="jump" coverage="0%"/></conditions></line><line number="70" hits="0" branch="false"/><line number="71" hits="0" branch="false"/><line number="74" hits="0" branch="false"/><line number="75" hits="0" branch="true" condition-coverage="0% (0/2)"><conditions><condition number="0" type="jump" coverage="0%"/></conditions></line><line number="76" hits="0" branch="false"/><line number="77" hits="0" branch="false"/><line number="80" hits="0" branch="false"/></lines></class><class name="image_c" filename="src/ops/image.c" line-rate="0.46551724137931033" branch-rate="0.35714285714285715" complexity="0.0"><methods/><lines><line number="27" hits="155" branch="false"/><line number="34" hits="155" branch="true" condition-coverage="50% (1/2)"><conditions><condition number="0" type="jump" coverage="50%"/></conditions></line><line number="35" hits="0" branch="false"/><line number="37" hits="155" branch="false"/><line number="40" hits="155" branch="false"/><line number="43" hits="155" branch="false"/><line number="44" hits="155" branch="true" condition-coverage="50% (1/2)"><conditions><condition number="0" type="jump" coverage="50%"/></conditions></line><line number="45" hits="0" branch="false"/><line number="46" hits="0" branch="false"/><line number="49" hits="155" branch="true" condition-coverage="75% (3/4)"><conditions><condition number="0" type="jump" coverage="75%"/></conditions></line><line number="50" hits="31" branch="false"/><line number="53" hits="124" branch="false"/><line number="57" hits="155" branch="false"/><line number="58" hits="155" branch="false"/><line number="59" hits="155" branch="false"/><line number="67" hits="0" branch="false"/><line number="72" hits="0" branch="true" condition-coverage="0% (0/2)"><conditions><condition number="0" type="jump" coverage="0%"/></conditions></line><line number="73" hits="0" branch="false"/><line number="76" hits="0" branch="false"/><line number="79" hits="0" branch="true" condition-coverage="0% (0/2)"><conditions><condition number="0" type="jump" coverage="0%"/></conditions></line><line number="80" hits="0" branch="false"/><line number="83" hits="0" branch="false"/><line number="86" hits="0" branch="false"/><line number="87" hits="0" branch="false"/><line number="89" hits="0" branch="true" condition-coverage="0% (0/2)"><conditions><condition number="0" type="jump" coverage="0%"/></conditions></line><line number="90" hits="0" branch="false"/><line number="91" hits="0" branch="false"/><line number="92" hits="0" branch="false"/><line number="93" hits="0" branch="false"/><line number="95" hits="0" branch="false"/><line number="99" hits="0" branch="false"/><line number="100" hits="0" branch="false"/><line number="102" hits="0" branch="false"/><line number="107" hits="31" branch="false"/><line number="111" hits="31" branch="false"/><line number="115" hits="0" branch="false"/><line number="119" hits="0" branch="false"/><line number="123" hits="31" branch="false"/><line number="127" hits="31" branch="false"/><line number="131" hits="0" branch="false"/><line number="135" hits="0" branch="false"/><line number="139" hits="31" branch="false"/><line number="143" hits="31" branch="false"/><line number="147" hits="0" branch="false"/><line number="151" hits="0" branch="false"/><line number="155" hits="31" branch="false"/><line number="159" hits="31" branch="false"/><line number="163" hits="0" branch="false"/><line number="167" hits="0" branch="false"/><line number="171" hits="31" branch="false"/><line number="175" hits="31" branch="false"/><line number="179" hits="0" branch="false"/><line number="183" hits="0" branch="false"/><line number="188" hits="477" branch="false"/><line number="190" hits="477" branch="false"/><line number="193" hits="477" branch="false"/><line number="195" hits="477" branch="false"/><line number="196" hits="477" branch="false"/></lines></class><class name="minmax_c" filename="src/ops/minmax.c" line-rate="0.0" branch-rate="0.0" complexity="0.0"><methods/><lines><line number="10" hits="0" branch="false"/><line number="17" hits="0" branch="true" condition-coverage="0% (0/2)"><conditions><condition number="0" type="jump" coverage="0%"/></conditions></line><line number="18" hits="0" branch="false"/><line number="20" hits="0" branch="false"/><line number="24" hits="0" branch="false"/><line number="30" hits="0" branch="false"/><line number="31" hits="0" branch="true" condition-coverage="0% (0/2)"><conditions><condition number="0" type="jump" coverage="0%"/></conditions></line><line number="32" hits="0" branch="false"/><line number="34" hits="0" branch="false"/><line number="38" hits="0" branch="false"/><line number="43" hits="0" branch="true" condition-coverage="0% (0/2)"><conditions><condition number="0" type="jump" coverage="0%"/></conditions></line><line number="44" hits="0" branch="false"/><line number="46" hits="0" branch="false"/><line number="49" hits="0" branch="true" condition-coverage="0% (0/2)"><conditions><condition number="0" type="jump" coverage="0%"/></conditions></line><line number="50" hits="0" branch="false"/><line number="52" hits="0" branch="false"/><line number="55" hits="0" branch="false"/><line number="56" hits="0" branch="false"/><line number="57" hits="0" branch="false"/><line number="58" hits="0" branch="false"/><line number="60" hits="0" branch="false"/><line number="61" hits="0" branch="false"/><line number="62" hits="0" branch="false"/><line number="63" hits="0" branch="false"/><line number="64" hits="0" branch="false"/><line number="66" hits="0" branch="false"/></lines></class><class name="noop_c" filename="src/ops/noop.c" line-rate="0.375" branch-rate="0.16666666666666666" complexity="0.0"><methods/><lines><line number="24" hits="31" branch="false"/><line number="26" hits="31" branch="true" condition-coverage="50% (1/2)"><conditions><condition number="0" type="jump" coverage="50%"/></conditions></line><line number="27" hits="0" branch="false"/><line number="29" hits="31" branch="false"/><line number="33" hits="31" branch="false"/><line number="34" hits="31" branch="true" condition-coverage="50% (1/2)"><conditions><condition number="0" type="jump" coverage="50%"/></conditions></line><line number="35" hits="0" branch="false"/><line number="37" hits="31" branch="false"/><line number="40" hits="0" branch="false"/><line number="44" hits="0" branch="true" condition-coverage="0% (0/4)"><conditions><condition number="0" type="jump" coverage="0%"/></conditions></line><line number="45" hits="0" branch="false"/><line number="47" hits="0" branch="false"/><line number="50" hits="0" branch="true" condition-coverage="0% (0/4)"><conditions><condition number="0" type="jump" coverage="0%"/></conditions></line><line number="51" hits="0" branch="false"/><line number="53" hits="0" branch="false"/><line number="56" hits="0" branch="false"/></lines></class><class name="opencv_c" filename="src/ops/opencv.c" line-rate="0.0" branch-rate="0.0" complexity="0.0"><methods/><lines><line number="9" hits="0" branch="false"/><line number="12" hits="0" branch="true" condition-coverage="0% (0/2)"><conditions><condition number="0" type="jump" coverage="0%"/></conditions></line><line number="13" hits="0" branch="false"/><line number="15" hits="0" branch="false"/><line number="19" hits="0" branch="false"/><line number="20" hits="0" branch="true" condition-coverage="0% (0/2)"><conditions><condition number="0" type="jump" coverage="0%"/></conditions></line><line number="21" hits="0" branch="false"/><line number="23" hits="0" branch="false"/><line number="26" hits="0" branch="false"/><line number="43" hits="0" branch="false"/></lines></class><class name="tf_c" filename="src/ops/tf.c" line-rate="0.26" branch-rate="0.1206896551724138" complexity="0.0"><methods/><lines><line number="32" hits="0" branch="false"/><line number="34" hits="0" branch="false"/><line number="35" hits="0" branch="true" condition-coverage="0% (0/2)"><conditions><condition number="0" type="jump" coverage="0%"/></conditions></line><line number="36" hits="0" branch="false"/><line number="38" hits="0" branch="false"/><line number="39" hits="0" branch="false"/><line number="41" hits="0" branch="false"/><line number="48" hits="0" branch="false"/><line number="50" hits="0" branch="true" condition-coverage="0% (0/2)"><conditions><condition number="0" type="jump" coverage="0%"/></conditions></line><line number="51" hits="0" branch="false"/><line number="53" hits="0" branch="false"/><line number="54" hits="0" branch="false"/><line number="61" hits="0" branch="false"/><line number="64" hits="0" branch="true" condition-coverage="0% (0/2)"><conditions><condition number="0" type="jump" coverage="0%"/></conditions></line><line number="65" hits="0" branch="false"/><line number="67" hits="0" branch="false"/><line number="68" hits="0" branch="false"/><line number="69" hits="0" branch="false"/><line number="70" hits="0" branch="false"/><line number="72" hits="0" branch="false"/><line number="76" hits="0" branch="false"/><line number="80" hits="0" branch="true" condition-coverage="0% (0/2)"><conditions><condition number="0" type="jump" coverage="0%"/></conditions></line><line number="81" hits="0" branch="false"/><line number="83" hits="0" branch="false"/><line number="84" hits="0" branch="false"/><line number="91" hits="0" branch="false"/><line number="92" hits="0" branch="false"/><line number="93" hits="0" branch="true" condition-coverage="0% (0/2)"><conditions><condition number="0" type="jump" coverage="0%"/></conditions></line><line number="94" hits="0" branch="false"/><line number="96" hits="0" branch="false"/><line number="97" hits="0" branch="true" condition-coverage="0% (0/2)"><conditions><condition number="0" type="jump" coverage="0%"/></conditions></line><line number="98" hits="0" branch="false"/><line number="100" hits="0" branch="false"/><line number="101" hits="0" branch="false"/><line number="103" hits="0" branch="false"/><line number="104" hits="0" branch="false"/><line number="105" hits="0" branch="false"/><line number="109" hits="0" branch="false"/><line number="111" hits="0" branch="true" condition-coverage="0% (0/2)"><conditions><condition number="0" type="jump" coverage="0%"/></conditions></line><line number="112" hits="0" branch="false"/><line number="114" hits="0" branch="true" condition-coverage="0% (0/2)"><conditions><condition number="0" type="jump" coverage="0%"/></conditions></line><line number="115" hits="0" branch="false"/><line number="117" hits="0" branch="false"/><line number="121" hits="0" branch="false"/><line number="123" hits="0" branch="true" condition-coverage="0% (0/2)"><conditions><condition number="0" type="jump" coverage="0%"/></conditions></line><line number="124" hits="0" branch="false"/><line number="126" hits="0" branch="false"/><line number="134" hits="0" branch="false"/><line number="136" hits="0" branch="true" condition-coverage="0% (0/2)"><conditions><condition number="0" type="jump" coverage="0%"/></conditions></line><line number="137" hits="0" branch="false"/><line number="139" hits="0" branch="false"/><line number="143" hits="31" branch="false"/><line number="147" hits="31" branch="false"/><line number="148" hits="31" branch="true" condition-coverage="50% (1/2)"><conditions><condition number="0" type="jump" coverage="50%"/></conditions></line><line number="149" hits="0" branch="false"/><line number="151" hits="31" branch="false"/><line number="152" hits="31" branch="false"/><line number="153" hits="31" branch="false"/><line number="154" hits="31" branch="true" condition-coverage="50% (1/2)"><conditions><condition number="0" type="jump" coverage="50%"/></conditions></line><line number="155" hits="0" branch="false"/><line number="156" hits="0" branch="false"/><line number="159" hits="31" branch="true" condition-coverage="50% (1/2)"><conditions><condition number="0" type="jump" coverage="50%"/></conditions></line><line number="160" hits="31" branch="false"/><line number="162" hits="31" branch="false"/><line number="166" hits="0" branch="false"/><line number="172" hits="0" branch="false"/><line number="173" hits="0" branch="true" condition-coverage="0% (0/2)"><conditions><condition number="0" type="jump" coverage="0%"/></conditions></line><line number="174" hits="0" branch="false"/><line number="176" hits="0" branch="true" condition-coverage="0% (0/2)"><conditions><condition number="0" type="jump" coverage="0%"/></conditions></line><line number="177" hits="0" branch="false"/><line number="179" hits="0" branch="false"/><line number="180" hits="0" branch="true" condition-coverage="0% (0/2)"><conditions><condition number="0" type="jump" coverage="0%"/></conditions></line><line number="181" hits="0" branch="false"/><line number="183" hits="0" branch="false"/><line number="184" hits="0" branch="false"/><line number="186" hits="0" branch="false"/><line number="188" hits="0" branch="false"/><line number="189" hits="0" branch="false"/><line number="190" hits="0" branch="false"/><line number="193" hits="0" branch="false"/><line number="195" hits="0" branch="true" condition-coverage="0% (0/2)"><conditions><condition number="0" type="jump" coverage="0%"/></conditions></line><line number="196" hits="0" branch="false"/><line number="198" hits="0" branch="false"/><line number="200" hits="0" branch="true" condition-coverage="0% (0/4)"><conditions><condition number="0" type="jump" coverage="0%"/></conditions></line><line number="201" hits="0" branch="false"/><line number="203" hits="0" branch="false"/><line number="204" hits="0" branch="false"/><line number="207" hits="0" branch="false"/><line number="212" hits="0" branch="true" condition-coverage="0% (0/2)"><conditions><condition number="0" type="jump" coverage="0%"/></conditions></line><line number="213" hits="0" branch="false"/><line number="215" hits="0" branch="true" condition-coverage="0% (0/4)"><conditions><condition number="0" type="jump" coverage="0%"/></conditions></line><line number="216" hits="0" branch="false"/><line number="218" hits="0" branch="false"/><line number="219" hits="0" branch="false"/><line number="221" hits="0" branch="false"/><line number="224" hits="0" branch="false"/><line number="226" hits="0" branch="true" condition-coverage="0% (0/2)"><conditions><condition number="0" type="jump" coverage="0%"/></conditions></line><line number="227" hits="0" branch="false"/><line number="229" hits="0" branch="false"/><line number="235" hits="31" branch="false"/><line number="241" hits="31" branch="false"/><line number="243" hits="31" branch="true" condition-coverage="50% (1/2)"><conditions><condition number="0" type="jump" coverage="50%"/></conditions></line><line number="244" hits="0" branch="false"/><line number="245" hits="0" branch="false"/><line number="248" hits="31" branch="false"/><line number="251" hits="31" branch="false"/><line number="255" hits="31" branch="false"/><line number="256" hits="31" branch="true" condition-coverage="50% (1/2)"><conditions><condition number="0" type="jump" coverage="50%"/></conditions></line><line number="257" hits="0" branch="false"/><line number="258" hits="0" branch="false"/><line number="261" hits="31" branch="false"/><line number="263" hits="31" branch="false"/><line number="264" hits="31" branch="false"/><line number="265" hits="31" branch="false"/><line number="271" hits="31" branch="false"/><line number="279" hits="31" branch="false"/><line number="281" hits="31" branch="true" condition-coverage="50% (1/2)"><conditions><condition number="0" type="jump" coverage="50%"/></conditions></line><line number="282" hits="0" branch="false"/><line number="283" hits="0" branch="false"/><line number="286" hits="31" branch="false"/><line number="289" hits="31" branch="false"/><line number="295" hits="31" branch="false"/><line number="296" hits="31" branch="true" condition-coverage="50% (1/2)"><conditions><condition number="0" type="jump" coverage="50%"/></conditions></line><line number="297" hits="0" branch="false"/><line number="298" hits="0" branch="false"/><line number="301" hits="31" branch="false"/><line number="304" hits="31" branch="false"/><line number="305" hits="31" branch="false"/><line number="306" hits="31" branch="false"/><line number="312" hits="0" branch="false"/><line number="318" hits="0" branch="false"/><line number="320" hits="0" branch="true" condition-coverage="0% (0/2)"><conditions><condition number="0" type="jump" coverage="0%"/></conditions></line><line number="321" hits="0" branch="false"/><line number="322" hits="0" branch="false"/><line number="325" hits="0" branch="false"/><line number="328" hits="0" branch="false"/><line number="329" hits="0" branch="true" condition-coverage="0% (0/2)"><conditions><condition number="0" type="jump" coverage="0%"/></conditions></line><line number="330" hits="0" branch="false"/><line number="331" hits="0" branch="false"/><line number="334" hits="0" branch="false"/><line number="336" hits="0" branch="false"/><line number="337" hits="0" branch="false"/><line number="338" hits="0" branch="false"/><line number="342" hits="477" branch="false"/><line number="344" hits="477" branch="false"/><line number="347" hits="477" branch="false"/><line number="349" hits="477" branch="false"/><line number="350" hits="477" branch="false"/><line number="351" hits="477" branch="false"/><line number="352" hits="477" branch="false"/></lines></class><class name="torch_c" filename="src/ops/torch.c" line-rate="0.0" branch-rate="0.0" complexity="0.0"><methods/><lines><line number="19" hits="0" branch="false"/><line number="21" hits="0" branch="false"/><line number="22" hits="0" branch="true" condition-coverage="0% (0/2)"><conditions><condition number="0" type="jump" coverage="0%"/></conditions></line><line number="23" hits="0" branch="false"/><line number="25" hits="0" branch="false"/><line number="26" hits="0" branch="false"/><line number="28" hits="0" branch="false"/><line number="32" hits="0" branch="false"/><line number="34" hits="0" branch="true" condition-coverage="0% (0/2)"><conditions><condition number="0" type="jump" coverage="0%"/></conditions></line><line number="35" hits="0" branch="false"/><line number="36" hits="0" branch="false"/><line number="37" hits="0" branch="false"/><line number="39" hits="0" branch="false"/><line number="42" hits="0" branch="true" condition-coverage="0% (0/2)"><conditions><condition number="0" type="jump" coverage="0%"/></conditions></line><line number="43" hits="0" branch="false"/><line number="45" hits="0" branch="false"/><line number="46" hits="0" branch="false"/><line number="47" hits="0" branch="false"/><line number="48" hits="0" branch="false"/><line number="50" hits="0" branch="false"/><line number="54" hits="0" branch="false"/><line number="56" hits="0" branch="true" condition-coverage="0% (0/2)"><conditions><condition number="0" type="jump" coverage="0%"/></conditions></line><line number="57" hits="0" branch="false"/><line number="59" hits="0" branch="false"/><line number="60" hits="0" branch="false"/><line number="64" hits="0" branch="false"/><line number="68" hits="0" branch="false"/><line number="69" hits="0" branch="true" condition-coverage="0% (0/2)"><conditions><condition number="0" type="jump" coverage="0%"/></conditions></line><line number="70" hits="0" branch="false"/><line number="72" hits="0" branch="false"/><line number="73" hits="0" branch="false"/><line number="75" hits="0" branch="false"/><line number="76" hits="0" branch="true" condition-coverage="0% (0/2)"><conditions><condition number="0" type="jump" coverage="0%"/></conditions></line><line number="77" hits="0" branch="false"/><line number="78" hits="0" branch="false"/><line number="81" hits="0" branch="true" condition-coverage="0% (0/2)"><conditions><condition number="0" type="jump" coverage="0%"/></conditions></line><line number="82" hits="0" branch="false"/><line number="84" hits="0" branch="false"/><line number="88" hits="0" branch="false"/><line number="94" hits="0" branch="false"/><line number="95" hits="0" branch="true" condition-coverage="0% (0/2)"><conditions><condition number="0" type="jump" coverage="0%"/></conditions></line><line number="96" hits="0" branch="false"/><line number="98" hits="0" branch="true" condition-coverage="0% (0/2)"><conditions><condition number="0" type="jump" coverage="0%"/></conditions></line><line number="99" hits="0" branch="false"/><line number="101" hits="0" branch="false"/><line number="102" hits="0" branch="true" condition-coverage="0% (0/2)"><conditions><condition number="0" type="jump" coverage="0%"/></conditions></line><line number="103" hits="0" branch="false"/><line number="105" hits="0" branch="false"/><line number="106" hits="0" branch="false"/><line number="108" hits="0" branch="false"/><line number="110" hits="0" branch="false"/><line number="111" hits="0" branch="false"/><line number="112" hits="0" branch="false"/><line number="115" hits="0" branch="false"/><line number="117" hits="0" branch="true" condition-coverage="0% (0/2)"><conditions><condition number="0" type="jump" coverage="0%"/></conditions></line><line number="118" hits="0" branch="false"/><line number="120" hits="0" branch="false"/><line number="122" hits="0" branch="true" condition-coverage="0% (0/4)"><conditions><condition number="0" type="jump" coverage="0%"/></conditions></line><line number="123" hits="0" branch="false"/><line number="125" hits="0" branch="false"/><line number="126" hits="0" branch="false"/><line number="129" hits="0" branch="false"/><line number="134" hits="0" branch="true" condition-coverage="0% (0/2)"><conditions><condition number="0" type="jump" coverage="0%"/></conditions></line><line number="135" hits="0" branch="false"/><line number="138" hits="0" branch="true" condition-coverage="0% (0/4)"><conditions><condition number="0" type="jump" coverage="0%"/></conditions></line><line number="139" hits="0" branch="false"/><line number="141" hits="0" branch="false"/><line number="142" hits="0" branch="false"/><line number="144" hits="0" branch="false"/><line number="147" hits="0" branch="false"/><line number="149" hits="0" branch="true" condition-coverage="0% (0/2)"><conditions><condition number="0" type="jump" coverage="0%"/></conditions></line><line number="150" hits="0" branch="false"/><line number="152" hits="0" branch="false"/><line number="204" hits="0" branch="false"/><line number="212" hits="0" branch="true" condition-coverage="0% (0/2)"><conditions><condition number="0" type="jump" coverage="0%"/></conditions></line><line number="213" hits="0" branch="false"/><line number="215" hits="0" branch="false"/><line number="219" hits="0" branch="false"/><line number="227" hits="0" branch="false"/><line number="229" hits="0" branch="true" condition-coverage="0% (0/2)"><conditions><condition number="0" type="jump" coverage="0%"/></conditions></line><line number="230" hits="0" branch="false"/><line number="232" hits="0" branch="false"/><line number="235" hits="0" branch="false"/><line number="242" hits="0" branch="true" condition-coverage="0% (0/2)"><conditions><condition number="0" type="jump" coverage="0%"/></conditions></line><line number="243" hits="0" branch="false"/><line number="245" hits="0" branch="false"/><line number="247" hits="0" branch="false"/><line number="256" hits="0" branch="false"/><line number="257" hits="0" branch="true" condition-coverage="0% (0/2)"><conditions><condition number="0" type="jump" coverage="0%"/></conditions></line><line number="258" hits="0" branch="false"/><line number="259" hits="0" branch="false"/><line number="261" hits="0" branch="false"/></lines></class></classes></package><package name="src.profiling" line-rate="0.05853658536585366" branch-rate="0.03571428571428571" complexity="0.0"><classes><class name="vaccel_prof_c" filename="src/profiling/vaccel_prof.c" line-rate="0.05853658536585366" branch-rate="0.03571428571428571" complexity="0.0"><methods/><lines><line number="30" hits="0" branch="fal
[...]
on-coverage="50% (4/8)"><conditions><condition number="0" type="jump" coverage="50%"/></conditions></line><line number="166" hits="19" branch="true" condition-coverage="50% (5/10)"><conditions><condition number="0" type="jump" coverage="50%"/></conditions></line><line number="169" hits="19" branch="true" condition-coverage="50% (6/12)"><conditions><condition number="0" type="jump" coverage="50%"/></conditions></line><line number="170" hits="19" branch="true" condition-coverage="50% (4/8)"><conditions><condition number="0" type="jump" coverage="50%"/></conditions></line><line number="171" hits="19" branch="true" condition-coverage="50% (5/10)"><conditions><condition number="0" type="jump" coverage="50%"/></conditions></line><line number="172" hits="19" branch="true" condition-coverage="50% (5/10)"><conditions><condition number="0" type="jump" coverage="50%"/></conditions></line><line number="173" hits="19" branch="true" condition-coverage="50% (5/10)"><conditions><condition number="0" type="jump" coverage="50%"/></conditions></line><line number="175" hits="19" branch="true" condition-coverage="50% (1/2)"><conditions><condition number="0" type="jump" coverage="50%"/></conditions></line><line number="176" hits="19" branch="true" condition-coverage="50% (5/10)"><conditions><condition number="0" type="jump" coverage="50%"/></conditions></line><line number="177" hits="19" branch="false"/><line number="180" hits="20" branch="false"/><line number="184" hits="20" branch="true" condition-coverage="50% (1/2)"><conditions><condition number="0" type="jump" coverage="50%"/></conditions></line><line number="185" hits="20" branch="true" condition-coverage="50% (5/10)"><conditions><condition number="0" type="jump" coverage="50%"/></conditions></line><line number="188" hits="20" branch="false"/><line number="189" hits="20" branch="false"/><line number="190" hits="20" branch="false"/><line number="192" hits="20" branch="true" condition-coverage="50% (1/2)"><conditions><condition number="0" type="jump" coverage="50%"/></conditions></line><line number="193" hits="20" branch="true" condition-coverage="60% (6/10)"><conditions><condition number="0" type="jump" coverage="60%"/></conditions></line><line number="194" hits="19" branch="true" condition-coverage="50% (4/8)"><conditions><condition number="0" type="jump" coverage="50%"/></conditions></line><line number="195" hits="19" branch="true" condition-coverage="50% (5/10)"><conditions><condition number="0" type="jump" coverage="50%"/></conditions></line><line number="196" hits="19" branch="true" condition-coverage="50% (4/8)"><conditions><condition number="0" type="jump" coverage="50%"/></conditions></line><line number="197" hits="19" branch="true" condition-coverage="50% (5/10)"><conditions><condition number="0" type="jump" coverage="50%"/></conditions></line><line number="200" hits="19" branch="false"/><line number="202" hits="19" branch="true" condition-coverage="50% (1/2)"><conditions><condition number="0" type="jump" coverage="50%"/></conditions></line><line number="203" hits="19" branch="true" condition-coverage="50% (5/10)"><conditions><condition number="0" type="jump" coverage="50%"/></conditions></line><line number="204" hits="19" branch="true" condition-coverage="50% (1/2)"><conditions><condition number="0" type="jump" coverage="50%"/></conditions></line><line number="205" hits="19" branch="true" condition-coverage="50% (5/10)"><conditions><condition number="0" type="jump" coverage="50%"/></conditions></line><line number="206" hits="19" branch="true" condition-coverage="50% (1/2)"><conditions><condition number="0" type="jump" coverage="50%"/></conditions></line><line number="207" hits="19" branch="true" condition-coverage="50% (5/10)"><conditions><condition number="0" type="jump" coverage="50%"/></conditions></line><line number="209" hits="19" branch="true" condition-coverage="50% (4/8)"><conditions><condition number="0" type="jump" coverage="50%"/></conditions></line><line number="210" hits="19" branch="true" condition-coverage="50% (5/10)"><conditions><condition number="0" type="jump" coverage="50%"/></conditions></line><line number="211" hits="19" branch="true" condition-coverage="50% (4/8)"><conditions><condition number="0" type="jump" coverage="50%"/></conditions></line><line number="212" hits="19" branch="true" condition-coverage="50% (5/10)"><conditions><condition number="0" type="jump" coverage="50%"/></conditions></line><line number="214" hits="19" branch="true" condition-coverage="50% (1/2)"><conditions><condition number="0" type="jump" coverage="50%"/></conditions></line><line number="215" hits="19" branch="true" condition-coverage="50% (5/10)"><conditions><condition number="0" type="jump" coverage="50%"/></conditions></line><line number="216" hits="19" branch="true" condition-coverage="50% (4/8)"><conditions><condition number="0" type="jump" coverage="50%"/></conditions></line><line number="217" hits="19" branch="true" condition-coverage="50% (5/10)"><conditions><condition number="0" type="jump" coverage="50%"/></conditions></line><line number="218" hits="19" branch="true" condition-coverage="50% (5/10)"><conditions><condition number="0" type="jump" coverage="50%"/></conditions></line><line number="219" hits="19" branch="true" condition-coverage="50% (5/10)"><conditions><condition number="0" type="jump" coverage="50%"/></conditions></line><line number="221" hits="19" branch="true" condition-coverage="50% (1/2)"><conditions><condition number="0" type="jump" coverage="50%"/></conditions></line><line number="222" hits="19" branch="true" condition-coverage="50% (4/8)"><conditions><condition number="0" type="jump" coverage="50%"/></conditions></line><line number="224" hits="19" branch="true" condition-coverage="50% (1/2)"><conditions><condition number="0" type="jump" coverage="50%"/></conditions></line><line number="225" hits="19" branch="true" condition-coverage="50% (5/10)"><conditions><condition number="0" type="jump" coverage="50%"/></conditions></line><line number="226" hits="19" branch="true" condition-coverage="50% (1/2)"><conditions><condition number="0" type="jump" coverage="50%"/></conditions></line><line number="227" hits="19" branch="true" condition-coverage="50% (5/10)"><conditions><condition number="0" type="jump" coverage="50%"/></conditions></line><line number="229" hits="19" branch="true" condition-coverage="50% (4/8)"><conditions><condition number="0" type="jump" coverage="50%"/></conditions></line><line number="230" hits="19" branch="true" condition-coverage="50% (5/10)"><conditions><condition number="0" type="jump" coverage="50%"/></conditions></line><line number="231" hits="19" branch="true" condition-coverage="50% (5/10)"><conditions><condition number="0" type="jump" coverage="50%"/></conditions></line><line number="232" hits="19" branch="true" condition-coverage="50% (5/10)"><conditions><condition number="0" type="jump" coverage="50%"/></conditions></line><line number="234" hits="19" branch="false"/><line number="235" hits="19" branch="true" condition-coverage="50% (1/2)"><conditions><condition number="0" type="jump" coverage="50%"/></conditions></line><line number="236" hits="19" branch="true" condition-coverage="50% (5/10)"><conditions><condition number="0" type="jump" coverage="50%"/></conditions></line><line number="238" hits="19" branch="false"/><line number="239" hits="19" branch="true" condition-coverage="50% (1/2)"><conditions><condition number="0" type="jump" coverage="50%"/></conditions></line><line number="240" hits="19" branch="true" condition-coverage="50% (5/10)"><conditions><condition number="0" type="jump" coverage="50%"/></conditions></line><line number="241" hits="19" branch="true" condition-coverage="50% (4/8)"><conditions><condition number="0" type="jump" coverage="50%"/></conditions></line><line number="242" hits="19" branch="true" condition-coverage="50% (5/10)"><conditions><condition number="0" type="jump" coverage="50%"/></conditions></line><line number="243" hits="19" branch="true" condition-coverage="50% (4/8)"><conditions><condition number="0" type="jump" coverage="50%"/></conditions></line><line number="244" hits="19" branch="true" condition-coverage="50% (5/10)"><conditions><condition number="0" type="jump" coverage="50%"/></conditions></line><line number="246" hits="19" branch="true" condition-coverage="50% (1/2)"><conditions><condition number="0" type="jump" coverage="50%"/></conditions></line><line number="247" hits="19" branch="true" condition-coverage="50% (4/8)"><conditions><condition number="0" type="jump" coverage="50%"/></conditions></line><line number="249" hits="19" branch="true" condition-coverage="50% (1/2)"><conditions><condition number="0" type="jump" coverage="50%"/></conditions></line><line number="250" hits="19" branch="true" condition-coverage="50% (5/10)"><conditions><condition number="0" type="jump" coverage="50%"/></conditions></line><line number="252" hits="19" branch="true" condition-coverage="50% (4/8)"><conditions><condition number="0" type="jump" coverage="50%"/></conditions></line><line number="253" hits="19" branch="true" condition-coverage="50% (5/10)"><conditions><condition number="0" type="jump" coverage="50%"/></conditions></line><line number="254" hits="19" branch="true" condition-coverage="50% (5/10)"><conditions><condition number="0" type="jump" coverage="50%"/></conditions></line><line number="255" hits="19" branch="true" condition-coverage="50% (5/10)"><conditions><condition number="0" type="jump" coverage="50%"/></conditions></line><line number="257" hits="19" branch="true" condition-coverage="50% (1/2)"><conditions><condition number="0" type="jump" coverage="50%"/></conditions></line><line number="258" hits="19" branch="true" condition-coverage="50% (5/10)"><conditions><condition number="0" type="jump" coverage="50%"/></conditions></line><line number="259" hits="19" branch="false"/><line number="262" hits="20" branch="false"/><line number="266" hits="20" branch="false"/><line number="267" hits="20" branch="false"/><line number="268" hits="20" branch="false"/><line number="269" hits="20" branch="false"/><line number="271" hits="20" branch="false"/><line number="273" hits="20" branch="true" condition-coverage="50% (1/2)"><conditions><condition number="0" type="jump" coverage="50%"/></conditions></line><line number="274" hits="20" branch="true" condition-coverage="50% (5/10)"><conditions><condition number="0" type="jump" coverage="50%"/></conditions></line><line number="276" hits="20" branch="true" condition-coverage="50% (1/2)"><conditions><condition number="0" type="jump" coverage="50%"/></conditions></line><line number="277" hits="20" branch="true" condition-coverage="50% (5/10)"><conditions><condition number="0" type="jump" coverage="50%"/></conditions></line><line number="279" hits="20" branch="true" condition-coverage="50% (1/2)"><conditions><condition number="0" type="jump" coverage="50%"/></conditions></line><line number="280" hits="20" branch="true" condition-coverage="60% (6/10)"><conditions><condition number="0" type="jump" coverage="60%"/></conditions></line><line number="282" hits="19" branch="true" condition-coverage="50% (5/10)"><conditions><condition number="0" type="jump" coverage="50%"/></conditions></line><line number="283" hits="19" branch="true" condition-coverage="50% (4/8)"><conditions><condition number="0" type="jump" coverage="50%"/></conditions></line><line number="284" hits="19" branch="true" condition-coverage="50% (5/10)"><conditions><condition number="0" type="jump" coverage="50%"/></conditions></line><line number="285" hits="19" branch="true" condition-coverage="50% (4/8)"><conditions><condition number="0" type="jump" coverage="50%"/></conditions></line><line number="286" hits="19" branch="true" condition-coverage="50% (5/10)"><conditions><condition number="0" type="jump" coverage="50%"/></conditions></line><line number="288" hits="19" branch="true" condition-coverage="50% (1/2)"><conditions><condition number="0" type="jump" coverage="50%"/></conditions></line><line number="289" hits="19" branch="true" condition-coverage="50% (5/10)"><conditions><condition number="0" type="jump" coverage="50%"/></conditions></line><line number="290" hits="19" branch="true" condition-coverage="50% (4/8)"><conditions><condition number="0" type="jump" coverage="50%"/></conditions></line><line number="291" hits="19" branch="true" condition-coverage="50% (5/10)"><conditions><condition number="0" type="jump" coverage="50%"/></conditions></line><line number="292" hits="19" branch="true" condition-coverage="50% (4/8)"><conditions><condition number="0" type="jump" coverage="50%"/></conditions></line><line number="293" hits="19" branch="true" condition-coverage="50% (5/10)"><conditions><condition number="0" type="jump" coverage="50%"/></conditions></line><line number="295" hits="19" branch="true" condition-coverage="50% (1/2)"><conditions><condition number="0" type="jump" coverage="50%"/></conditions></line><line number="296" hits="19" branch="true" condition-coverage="50% (5/10)"><conditions><condition number="0" type="jump" coverage="50%"/></conditions></line><line number="297" hits="19" branch="true" condition-coverage="50% (4/8)"><conditions><condition number="0" type="jump" coverage="50%"/></conditions></line><line number="298" hits="19" branch="true" condition-coverage="50% (5/10)"><conditions><condition number="0" type="jump" coverage="50%"/></conditions></line><line number="299" hits="19" branch="true" condition-coverage="50% (5/10)"><conditions><condition number="0" type="jump" coverage="50%"/></conditions></line><line number="300" hits="19" branch="true" condition-coverage="50% (5/10)"><conditions><condition number="0" type="jump" coverage="50%"/></conditions></line><line number="302" hits="19" branch="true" condition-coverage="50% (1/2)"><conditions><condition number="0" type="jump" coverage="50%"/></conditions></line><line number="303" hits="19" branch="true" condition-coverage="50% (5/10)"><conditions><condition number="0" type="jump" coverage="50%"/></conditions></line><line number="304" hits="19" branch="true" condition-coverage="50% (5/10)"><conditions><condition number="0" type="jump" coverage="50%"/></conditions></line><line number="305" hits="19" branch="true" condition-coverage="50% (4/8)"><conditions><condition number="0" type="jump" coverage="50%"/></conditions></line><line number="306" hits="19" branch="true" condition-coverage="50% (5/10)"><conditions><condition number="0" type="jump" coverage="50%"/></conditions></line><line number="307" hits="19" branch="true" condition-coverage="50% (4/8)"><conditions><condition number="0" type="jump" coverage="50%"/></conditions></line><line number="308" hits="19" branch="true" condition-coverage="50% (5/10)"><conditions><condition number="0" type="jump" coverage="50%"/></conditions></line><line number="310" hits="19" branch="true" condition-coverage="50% (1/2)"><conditions><condition number="0" type="jump" coverage="50%"/></conditions></line><line number="311" hits="19" branch="true" condition-coverage="50% (5/10)"><conditions><condition number="0" type="jump" coverage="50%"/></conditions></line><line number="312" hits="19" branch="true" condition-coverage="50% (4/8)"><conditions><condition number="0" type="jump" coverage="50%"/></conditions></line><line number="313" hits="19" branch="true" condition-coverage="50% (5/10)"><conditions><condition number="0" type="jump" coverage="50%"/></conditions></line><line number="314" hits="19" branch="true" condition-coverage="50% (5/10)"><conditions><condition number="0" type="jump" coverage="50%"/></conditions></line><line number="315" hits="19" branch="true" condition-coverage="50% (5/10)"><conditions><condition number="0" type="jump" coverage="50%"/></conditions></line><line number="317" hits="19" branch="true" condition-coverage="50% (1/2)"><conditions><condition number="0" type="jump" coverage="50%"/></conditions></line><line number="318" hits="19" branch="true" condition-coverage="50% (5/10)"><conditions><condition number="0" type="jump" coverage="50%"/></conditions></line><line number="320" hits="19" branch="true" condition-coverage="50% (1/2)"><conditions><condition number="0" type="jump" coverage="50%"/></conditions></line><line number="321" hits="19" branch="true" condition-coverage="50% (5/10)"><conditions><condition number="0" type="jump" coverage="50%"/></conditions></line><line number="322" hits="19" branch="false"/><line number="326" hits="20" branch="false"/><line number="330" hits="20" branch="false"/><line number="331" hits="20" branch="false"/><line number="332" hits="20" branch="false"/><line number="333" hits="20" branch="false"/><line number="335" hits="20" branch="false"/><line number="337" hits="20" branch="false"/><line number="341" hits="20" branch="false"/><line number="342" hits="20" branch="false"/><line number="343" hits="20" branch="false"/><line number="344" hits="20" branch="false"/><line number="345" hits="20" branch="false"/><line number="346" hits="20" branch="false"/><line number="349" hits="20" branch="false"/><line number="351" hits="20" branch="false"/><line number="353" hits="20" branch="true" condition-coverage="50% (1/2)"><conditions><condition number="0" type="jump" coverage="50%"/></conditions></line><line number="354" hits="20" branch="true" condition-coverage="50% (5/10)"><conditions><condition number="0" type="jump" coverage="50%"/></conditions></line><line number="356" hits="20" branch="true" condition-coverage="50% (1/2)"><conditions><condition number="0" type="jump" coverage="50%"/></conditions></line><line number="357" hits="20" branch="true" condition-coverage="50% (5/10)"><conditions><condition number="0" type="jump" coverage="50%"/></conditions></line><line number="359" hits="20" branch="true" condition-coverage="50% (1/2)"><conditions><condition number="0" type="jump" coverage="50%"/></conditions></line><line number="360" hits="20" branch="true" condition-coverage="60% (6/10)"><conditions><condition number="0" type="jump" coverage="60%"/></conditions></line><line number="362" hits="19" branch="true" condition-coverage="50% (1/2)"><conditions><condition number="0" type="jump" coverage="50%"/></conditions></line><line number="363" hits="19" branch="true" condition-coverage="50% (5/10)"><conditions><condition number="0" type="jump" coverage="50%"/></conditions></line><line number="365" hits="19" branch="true" condition-coverage="50% (1/2)"><conditions><condition number="0" type="jump" coverage="50%"/></conditions></line><line number="366" hits="19" branch="true" condition-coverage="50% (5/10)"><conditions><condition number="0" type="jump" coverage="50%"/></conditions></line><line number="368" hits="19" branch="true" condition-coverage="50% (1/2)"><conditions><condition number="0" type="jump" coverage="50%"/></conditions></line><line number="369" hits="19" branch="true" condition-coverage="50% (5/10)"><conditions><condition number="0" type="jump" coverage="50%"/></conditions></line><line number="371" hits="19" branch="true" condition-coverage="50% (1/2)"><conditions><condition number="0" type="jump" coverage="50%"/></conditions></line><line number="372" hits="19" branch="true" condition-coverage="50% (5/10)"><conditions><condition number="0" type="jump" coverage="50%"/></conditions></line><line number="375" hits="19" branch="true" condition-coverage="50% (5/10)"><conditions><condition number="0" type="jump" coverage="50%"/></conditions></line><line number="383" hits="19" branch="false"/></lines></class><class name="test_vaccel_cpp" filename="test/unit/test_vaccel.cpp" line-rate="1.0" branch-rate="0.5" complexity="0.0"><methods/><lines><line number="39" hits="8" branch="false"/><line number="43" hits="8" branch="true" condition-coverage="50% (5/10)"><conditions><condition number="0" type="jump" coverage="50%"/></conditions></line><line number="59" hits="8" branch="false"/></lines></class></classes></package></packages></coverage>