<?xml version='1.0' encoding='UTF-8'?>
<!DOCTYPE coverage SYSTEM 'http://cobertura.sourceforge.net/xml/coverage-04.dtd'>
<coverage line-rate="0.6080897348742352" branch-rate="0.37502723904990193" lines-covered="1789" lines-valid="2942" branches-covered="1721" branches-valid="4589" complexity="0.0" timestamp="1702017236" version="gcovr 6.0"><sources><source>.</source></sources><packages><package name="src" line-rate="0.731023102310231" branch-rate="0.5922330097087378" complexity="0.0"><classes><class name="id_pool_c" filename="src/id_pool.c" line-rate="0.8823529411764706" branch-rate="0.7272727272727273" complexity="0.0"><methods/><lines><line number="20" hits="43" branch="false"/><line number="22" hits="43" branch="true" condition-coverage="100% (2/2)"><conditions><condition number="0" type="jump" coverage="100%"/></conditions></line><line number="23" hits="1" branch="false"/><line number="25" hits="42" branch="false"/><line number="26" hits="42" branch="true" condition-coverage="50% (1/2)"><conditions><condition number="0" type="jump" coverage="50%"/></conditions></line><line number="27" hits="0" branch="false"/><line number="29" hits="42" branch="false"/><line number="30" hits="42" branch="false"/><line number="32" hits="42" branch="false"/><line number="36" hits="32" branch="false"/><line number="38" hits="32" branch="true" condition-coverage="100% (2/2)"><conditions><condition number="0" type="jump" coverage="100%"/></conditions></line><line number="39" hits="1" branch="false"/><line number="41" hits="31" branch="true" condition-coverage="50% (1/2)"><conditions><condition number="0" type="jump" coverage="50%"/></conditions></line><line number="42" hits="31" branch="false"/><line number="44" hits="31" branch="false"/><line number="47" hits="47" branch="false"/><line number="49" hits="47" branch="true" condition-coverage="100% (2/2)"><conditions><condition number="0" type="jump" coverage="100%"/></conditions></line><line number="50" hits="1" branch="false"/><line number="52" hits="46" branch="false"/><line number="53" hits="46" branch="true" condition-coverage="100% (2/2)"><conditions><condition number="0" type="jump" coverage="100%"/></conditions></line><line number="54" hits="1" branch="false"/><line number="56" hits="45" branch="true" condition-coverage="100% (2/2)"><conditions><condition number="0" type="jump" coverage="100%"/></conditions></line><line number="57" hits="24" branch="false"/><line number="59" hits="45" branch="false"/><line number="62" hits="38" branch="false"/><line number="64" hits="38" branch="true" condition-coverage="50% (1/2)"><conditions><condition number="0" type="jump" coverage="50%"/></conditions></line><line number="65" hits="0" branch="false"/><line number="67" hits="38" branch="true" condition-coverage="50% (2/4)"><conditions><condition number="0" type="jump" coverage="50%"/></conditions></line><line number="68" hits="0" branch="false"/><line number="70" hits="38" branch="false"/><line number="71" hits="38" branch="false"/><line number="74" hits="38" branch="true" condition-coverage="50% (1/2)"><conditions><condition number="0" type="jump" coverage="50%"/></conditions></line><line number="75" hits="0" branch="false"/><line number="77" hits="38" branch="false"/></lines></class><class name="list_h" filename="src/list.h" line-rate="1.0" branch-rate="0.0" complexity="0.0"><methods/><lines><line number="20" hits="46" branch="false"/><line number="22" hits="46" branch="false"/><line number="25" hits="20" branch="false"/><line number="27" hits="20" branch="false"/><line number="31" hits="1128" branch="false"/><line number="33" hits="1128" branch="false"/><line number="34" hits="1128" branch="false"/><line number="35" hits="1128" branch="false"/><line number="38" hits="731" branch="false"/><line number="40" hits="731" branch="false"/><line number="41" hits="731" branch="false"/><line number="44" hits="430" branch="false"/><line number="47" hits="430" branch="false"/><line number="48" hits="430" branch="false"/><line number="49" hits="430" branch="false"/><line number="50" hits="430" branch="false"/><line number="51" hits="430" branch="false"/><line number="54" hits="387" branch="false"/><line number="56" hits="387" branch="false"/><line number="57" hits="387" branch="false"/><line number="58" hits="387" branch="false"/><line number="59" hits="387" branch="false"/><line number="70" hits="430" branch="false"/><line number="72" hits="430" branch="false"/><line number="73" hits="430" branch="false"/></lines></class><class name="log_c" filename="src/log.c" line-rate="0.7435897435897436" branch-rate="0.3076923076923077" complexity="0.0"><methods/><lines><line number="27" hits="16" branch="false"/><line number="29" hits="16" branch="false"/><line number="30" hits="16" branch="true" condition-coverage="100% (2/2)"><conditions><condition number="0" type="jump" coverage="100%"/></conditions></line><line number="31" hits="14" branch="false"/><line number="33" hits="2" branch="false"/><line number="34" hits="2" branch="false"/><line number="35" hits="2" branch="true" condition-coverage="20% (1/5)"><conditions><condition number="0" type="jump" coverage="20%"/></conditions></line><line number="37" hits="2" branch="false"/><line number="38" hits="2" branch="false"/><line number="40" hits="2" branch="false"/><line number="41" hits="2" branch="false"/><line number="43" hits="2" branch="false"/><line number="44" hits="2" branch="false"/><line number="46" hits="2" branch="false"/><line number="47" hits="2" branch="false"/><line number="48" hits="2" branch="false"/><line number="49" hits="2" branch="false"/><line number="53" hits="2" branch="false"/><line number="54" hits="2" branch="false"/><line number="55" hits="2" branch="false"/><line number="58" hits="16" branch="false"/><line number="62" hits="16" branch="false"/><line number="63" hits="16" branch="true" condition-coverage="50% (1/2)"><conditions><condition number="0" type="jump" coverage="50%"/></conditions></line><line number="64" hits="16" branch="false"/><line number="66" hits="0" branch="false"/><line number="67" hits="0" branch="false"/><line number="69" hits="0" branch="true" condition-coverage="0% (0/2)"><conditions><condition number="0" type="jump" coverage="0%"/></conditions></line><line number="70" hits="0" branch="true" condition-coverage="0% (0/2)"><conditions><condition number="0" type="jump" coverage="0%"/></conditions></line><line number="71" hits="0" branch="false"/><line number="72" hits="0" branch="false"/><line number="75" hits="0" branch="false"/><line number="78" hits="16" branch="false"/><line number="80" hits="16" branch="false"/><line number="82" hits="16" branch="false"/><line number="83" hits="16" branch="false"/><line number="85" hits="16" branch="false"/><line number="88" hits="0" branch="false"/><line number="90" hits="0" branch="false"/><line number="91" hits="0" branch="false"/></lines></class><class name="misc_c" filename="src/misc.c" line-rate="1.0" branch-rate="1.0" complexity="0.0"><methods/><lines><line number="24" hits="2" branch="false"/><line number="26" hits="2" branch="true" condition-coverage="100% (2/2)"><conditions><condition number="0" type="jump" coverage="100%"/></conditions></line><line number="27" hits="1" branch="false"/><line number="29" hits="1" branch="false"/><line number="32" hits="1" branch="false"/><line number="34" hits="1" branch="false"/></lines></class><class name="plugin_c" filename="src/plugin.c" line-rate="0.6721311475409836" branch-rate="0.5675675675675675" complexity="0.0"><methods/><lines><line number="43" hits="10" branch="false"/><line number="45" hits="10" branch="true" condition-coverage="50% (1/2)"><conditions><condition number="0" type="jump" coverage="50%"/></conditions></line><line number="46" hits="0" branch="false"/><line number="47" hits="0" branch="false"/><line number="50" hits="10" branch="true" condition-coverage="50% (1/2)"><conditions><condition number="0" type="jump" coverage="50%"/></conditions></line><line number="51" hits="0" branch="false"/><line number="52" hits="0" branch="false"/><line number="55" hits="10" branch="true" condition-coverage="50% (1/2)"><conditions><condition number="0" type="jump" coverage="50%"/></conditions></line><line number="56" hits="0" branch="false"/><line number="57" hits="0" branch="false"/><line number="60" hits="10" branch="false"/><line number="63" hits="10" branch="false"/><line number="65" hits="10" branch="true" condition-coverage="25% (1/4)"><conditions><condition number="0" type="jump" coverage="25%"/></conditions></line><line number="68" hits="11" branch="false"/><line number="70" hits="11" branch="true" condition-coverage="50% (1/2)"><conditions><condition number="0" type="jump" coverage="50%"/></conditions></line><line number="71" hits="0" branch="false"/><line number="72" hits="0" branch="false"/><line number="75" hits="11" branch="true" condition-coverage="50% (1/2)"><conditions><condition number="0" type="jump" coverage="50%"/></conditions></line><line number="76" hits="0" branch="false"/><line number="77" hits="0" branch="false"/><line number="80" hits="11" branch="true" condition-coverage="100% (2/2)"><conditions><condition number="0" type="jump" coverage="100%"/></conditions></line><line number="81" hits="1" branch="false"/><line number="82" hits="1" branch="false"/><line number="85" hits="10" branch="true" condition-coverage="50% (1/2)"><conditions><condition number="0" type="jump" coverage="50%"/></conditions></line><line number="86" hits="0" branch="false"/><line number="88" hits="10" branch="true" condition-coverage="50% (1/2)"><conditions><condition number="0" type="jump" coverage="50%"/></conditions></line><line number="89" hits="0" branch="false"/><line number="91" hits="10" branch="false"/><line number="93" hits="10" branch="false"/><line number="95" hits="10" branch="false"/><line number="97" hits="10" branch="true" condition-coverage="50% (1/2)"><conditions><condition number="0" type="jump" coverage="50%"/></conditions></line><line number="98" hits="0" branch="false"/><line number="100" hits="0" branch="true" condition-coverage="0% (0/2)"><conditions><condition number="0" type="jump" coverage="0%"/></conditions></line><line number="101" hits="0" branch="false"/><line number="103" hits="0" branch="false"/><line number="107" hits="10" branch="false"/><line number="110" hits="9" branch="false"/><line number="112" hits="9" branch="true" condition-coverage="50% (1/2)"><conditions><condition number="0" type="jump" coverage="50%"/></conditions></line><line number="113" hits="0" branch="false"/><line number="115" hits="9" branch="true" condition-coverage="50% (1/2)"><conditions><condition number="0" type="jump" coverage="50%"/></conditions></line><line number="116" hits="0" branch="false"/><line number="118" hits="9" branch="true" condition-coverage="50% (1/2)"><conditions><condition number="0" type="jump" coverage="50%"/></conditions></line><line number="119" hits="0" branch="false"/><line number="121" hits="9" branch="true" condition-coverage="50% (1/2)"><conditions><condition number="0" type="jump" coverage="50%"/></conditions></line><line number="123" hits="0" branch="false"/><line number="128" hits="189" branch="true" condition-coverage="100% (2/2)"><conditions><condition number="0" type="jump" coverage="100%"/></conditions></line><line number="129" hits="180" branch="false"/><line number="130" hits="180" branch="false"/><line number="133" hits="9" branch="false"/><line number="135" hits="9" branch="true" condition-coverage="50% (1/2)"><conditions><condition number="0" type="jump" coverage="50%"/></conditions></line><line number="136" hits="0" branch="false"/><line number="137" hits="0" branch="false"/><line number="141" hits="9" branch="false"/><line number="143" hits="9" branch="false"/><line number="145" hits="9" branch="true" condition-coverage="50% (1/2)"><conditions><condition number="0" type="jump" coverage="50%"/></conditions></line><line number="146" hits="9" branch="false"/><line number="148" hits="9" branch="false"/><line number="151" hits="200" branch="false"/><line number="153" hits="200" branch="true" condition-coverage="50% (2/4)"><conditions><condition number="0" type="jump" coverage="50%"/></conditions></line><line number="154" hits="0" branch="false"/><line number="155" hits="0" branch="false"/><line number="158" hits="200" branch="true" condition-coverage="50% (1/2)"><conditions><condition number="0" type="jump" coverage="50%"/></conditions></line><line number="159" hits="0" branch="false"/><line number="160" hits="0" branch="false"/><line number="163" hits="200" branch="false"/><line number="164" hits="200" branch="true" condition-coverage="50% (1/2)"><conditions><condition number="0" type="jump" coverage="50%"/></conditions></line><line number="165" hits="0" branch="false"/><line number="166" hits="0" branch="false"/><line number="169" hits="200" branch="false"/><line number="170" hits="200" branch="false"/><line number="173" hits="200" branch="false"/><line number="177" hits="200" branch="false"/><line number="180" hits="10" branch="false"/><line number="182" hits="210" branch="true" condition-coverage="100% (2/2)"><conditions><condition number="0" type="jump" coverage="100%"/></conditions></line><line number="183" hits="200" branch="false"/><line number="184" hits="200" branch="true" condition-coverage="50% (1/2)"><conditions><condition number="0" type="jump" coverage="50%"/></conditions></line><line number="185" hits="0" branch="false"/><line number="188" hits="10" branch="false"/><line number="191" hits="36" branch="false"/><line number="193" hits="36" branch="false"/><line number="194" hits="36" branch="false"/><line number="196" hits="36" branch="true" condition-coverage="50% (1/2)"><conditions><condition number="0" type="jump" coverage="50%"/></conditions></line><line number="197" hits="0" branch="false"/><line number="198" hits="0" branch="false"/><line number="201" hits="36" branch="true" condition-coverage="50% (1/2)"><conditions><condition number="0" type="jump" coverage="50%"/></conditions></line><line number="202" hits="0" branch="false"/><line number="204" hits="0" branch="false"/><line number="211" hits="36" branch="true" condition-coverage="100% (2/2)"><conditions><condition number="0" type="jump" coverage="100%"/></conditions></line><line number="213" hits="2" branch="true" condition-coverage="50% (1/2)"><conditions><condition number="0" type="jump" coverage="50%"/></conditions></line><line number="215" hits="2" branch="true" condition-coverage="50% (1/2)"><conditions><condition number="0" type="jump" coverage="50%"/></conditions></line><line number="216" hits="2" branch="false"/><line number="217" hits="2" branch="false"/><line number="219" hits="2" branch="false"/><line number="225" hits="36" branch="true" condition-coverage="100% (2/2)"><conditions><condition number="0" type="jump" coverage="100%"/></conditions></line><line number="226" hits="34" branch="false"/><line number="230" hits="36" branch="false"/><line number="232" hits="36" branch="false"/><line number="235" hits="0" branch="false"/><line number="239" hits="0" branch="true" condition-coverage="0% (0/2)"><conditions><condition number="0" type="jump" coverage="0%"/></conditions></line><line number="241" hits="0" branch="false"/><line number="246" hits="0" branch="false"/><line number="249" hits="81" branch="false"/><line number="251" hits="81" branch="false"/><line number="254" hits="17" branch="false"/><line number="256" hits="17" branch="false"/><line number="258" hits="425" branch="true" condition-coverage="100% (2/2)"><conditions><condition number="0" type="jump" coverage="100%"/></conditions></line><line number="259" hits="408" branch="false"/><line number="261" hits="17" branch="false"/><line number="263" hits="17" branch="false"/><line number="266" hits="16" branch="false"/><line number="268" hits="16" branch="true" condition-coverage="100% (2/2)"><conditions><condition number="0" type="jump" coverage="100%"/></conditions></line><line number="269" hits="1" branch="false"/><line number="271" hits="15" branch="false"/><line number="274" hits="24" branch="true" condition-coverage="100% (2/2)"><conditions><condition number="0" type="jump" coverage="100%"/></conditions></line><line number="276" hits="9" branch="false"/><line number="277" hits="9" branch="true" condition-coverage="50% (1/2)"><conditions><condition number="0" type="jump" coverage="50%"/></conditions></line><line number="278" hits="0" branch="false"/><line number="279" hits="0" branch="false"/><line number="283" hits="15" branch="true" condition-coverage="50% (1/2)"><conditions><condition number="0" type="jump" coverage="50%"/></conditions></line><line number="284" hits="0" branch="false"/><line number="286" hits="15" branch="false"/><line number="288" hits="15" branch="false"/></lines></class><class name="resources_c" filename="src/resources.c" line-rate="0.7553191489361702" branch-rate="0.6" complexity="0.0"><methods/><lines><line number="42" hits="21" branch="false"/><line number="44" hits="21" branch="false"/><line number="45" hits="21" branch="true" condition-coverage="50% (1/2)"><conditions><condition number="0" type="jump" coverage="50%"/></conditions></line><line number="46" hits="0" branch="false"/><line number="48" hits="147" branch="true" condition-coverage="100% (2/2)"><conditions><condition number="0" type="jump" coverage="100%"/></conditions></line><line number="49" hits="126" branch="false"/><line number="51" hits="21" branch="false"/><line number="53" hits="21" branch="false"/><line number="56" hits="15" branch="false"/><line number="58" hits="15" branch="true" condition-coverage="50% (1/2)"><conditions><condition number="0" type="jump" coverage="50%"/></conditions></line><line number="59" hits="0" branch="false"/><line number="61" hits="105" branch="true" condition-coverage="100% (2/2)"><conditions><condition number="0" type="jump" coverage="100%"/></conditions></line><line number="63" hits="91" branch="true" condition-coverage="100% (2/2)"><conditions><condition number="0" type="jump" coverage="100%"/></conditions></line><line number="64" hits="1" branch="false"/><line number="67" hits="15" branch="false"/><line number="70" hits="11" branch="false"/><line number="73" hits="11" branch="true" condition-coverage="50% (1/2)"><conditions><condition number="0" type="jump" coverage="50%"/></conditions></line><line number="74" hits="0" branch="false"/><line number="76" hits="11" branch="true" condition-coverage="75% (3/4)"><conditions><condition number="0" type="jump" coverage="75%"/></conditions></line><line number="77" hits="1" branch="false"/><line number="81" hits="10" branch="false"/><line number="82" hits="10" branch="true" condition-coverage="50% (1/2)"><conditions><condition number="0" type="jump" coverage="50%"/></conditions></line><line number="83" hits="0" branch="false"/><line number="84" hits="0" branch="true" condition-coverage="0% (0/2)"><conditions><condition number="0" type="jump" coverage="0%"/></conditions></line><line number="85" hits="0" branch="false"/><line number="87" hits="10" branch="false"/><line number="90" hits="10" branch="true" condition-coverage="50% (1/2)"><conditions><condition number="0" type="jump" coverage="50%"/></conditions></line><line number="91" hits="0" branch="false"/><line number="93" hits="10" branch="false"/><line number="94" hits="10" branch="false"/><line number="95" hits="10" branch="false"/><line number="96" hits="10" branch="false"/><line number="97" hits="10" branch="false"/><line number="98" hits="10" branch="false"/><line number="99" hits="10" branch="false"/><line number="101" hits="10" branch="false"/><line number="104" hits="2" branch="false"/><line number="106" hits="2" branch="true" condition-coverage="50% (1/2)"><conditions><condition number="0" type="jump" coverage="50%"/></conditions></line><line number="107" hits="0" branch="false"/><line number="109" hits="8" branch="true" condition-coverage="100% (2/2)"><conditions><condition number="0" type="jump" coverage="100%"/></conditions></line><line number="111" hits="7" branch="true" condition-coverage="100% (2/2)"><conditions><condition number="0" type="jump" coverage="100%"/></conditions></line><line number="112" hits="1" branch="true" condition-coverage="50% (1/2)"><conditions><condition number="0" type="jump" coverage="50%"/></conditions></line><line number="113" hits="1" branch="false"/><line number="114" hits="1" branch="false"/><line number="119" hits="1" branch="true" condition-coverage="50% (1/2)"><conditions><condition number="0" type="jump" coverage="50%"/></conditions></line><line number="120" hits="1" branch="false"/><line number="123" hits="10" branch="false"/><line number="125" hits="10" branch="true" condition-coverage="50% (1/2)"><conditions><condition number="0" type="jump" coverage="50%"/></conditions></line><line number="126" hits="0" branch="false"/><line number="128" hits="10" branch="true" condition-coverage="50% (1/2)"><conditions><condition number="0" type="jump" coverage="50%"/></conditions></line><line number="129" hits="0" branch="false"/><line number="133" hits="10" branch="true" condition-coverage="100% (2/2)"><conditions><condition number="0" type="jump" coverage="100%"/></conditions></line><line number="134" hits="1" branch="false"/><line number="135" hits="1" branch="false"/><line number="138" hits="9" branch="false"/><line number="139" hits="9" branch="true" condition-coverage="50% (1/2)"><conditions><condition number="0" type="jump" coverage="50%"/></conditions></line><line number="140" hits="0" branch="false"/><line number="141" hits="0" branch="true" condition-coverage="0% (0/2)"><conditions><condition number="0" type="jump" coverage="0%"/></conditions></line><line number="142" hits="0" branch="false"/><line number="144" hits="9" branch="true" condition-coverage="50% (1/2)"><conditions><condition number="0" type="jump" coverage="50%"/></conditions></line><line number="145" hits="9" branch="false"/><line number="148" hits="9" branch="false"/><line number="151" hits="9" branch="true" condition-coverage="50% (1/2)"><conditions><condition number="0" type="jump" coverage="50%"/></conditions></line><line number="152" hits="9" branch="false"/><line number="154" hits="9" branch="true" condition-coverage="100% (2/2)"><conditions><condition number="0" type="jump" coverage="100%"/></conditions></line><line number="155" hits="4" branch="false"/><line number="156" hits="4" branch="false"/><line number="159" hits="9" branch="false"/><line number="162" hits="10" branch="false"/><line number="164" hits="10" branch="true" condition-coverage="50% (1/2)"><conditions><condition number="0" type="jump" coverage="50%"/></conditions></line><line number="165" hits="0" branch="false"/><line number="166" hits="0" branch="false"/><line number="169" hits="10" branch="false"/><line number="172" hits="9" branch="false"/><line number="174" hits="9" branch="true" condition-coverage="50% (1/2)"><conditions><condition number="0" type="jump" coverage="50%"/></conditions></line><line number="175" hits="0" branch="false"/><line number="176" hits="0" branch="false"/><line number="179" hits="9" branch="false"/><line number="182" hits="4" branch="false"/><line number="184" hits="4" branch="true" condition-coverage="50% (1/2)"><conditions><condition number="0" type="jump" coverage="50%"/></conditions></line><line number="185" hits="0" branch="false"/><line number="186" hits="0" branch="false"/><line number="189" hits="4" branch="false"/><line number="192" hits="4" branch="false"/><line number="194" hits="4" branch="true" condition-coverage="50% (1/2)"><conditions><condition number="0" type="jump" coverage="50%"/></conditions></line><line number="195" hits="0" branch="false"/><line number="197" hits="0" branch="false"/><line number="200" hits="4" branch="false"/><line number="201" hits="4" branch="true" condition-coverage="50% (1/2)"><conditions><condition number="0" type="jump" coverage="50%"/></conditions></line><line number="202" hits="0" branch="false"/><line number="204" hits="4" branch="false"/><line number="205" hits="4" branch="true" condition-coverage="50% (1/2)"><conditions><condition number="0" type="jump" coverage="50%"/></conditions></line><line number="206" hits="0" branch="false"/><line number="208" hits="4" branch="false"/></lines></class><class name="session_c" filename="src/session.c" line-rate="0.7516339869281046" branch-rate="0.6477272727272727" complexity="0.0"><methods/><lines><line number="41" hits="29" branch="false"/><line number="43" hits="29" branch="false"/><line number="46" hits="28" branch="false"/><line number="48" hits="28" branch="false"/><line number="49" hits="28" branch="false"/><line number="51" hits="17" branch="false"/><line number="53" hits="17" branch="false"/><line number="54" hits="17" branch="true" condition-coverage="50% (1/2)"><conditions><condition number="0" type="jump" coverage="50%"/></conditions></line><line number="55" hits="0" branch="false"/><line number="57" hits="17425" branch="true" condition-coverage="100% (2/2)"><conditions><condition number="0" type="jump" coverage="100%"/></conditions></line><line number="58" hits="17408" branch="false"/><line number="60" hits="17" branch="false"/><line number="62" hits="17" branch="false"/><line number="65" hits="15" branch="false"/><line number="67" hits="15" branch="false"/><line number="68" hits="15" branch="false"/><line number="70" hits="15" branch="false"/><line number="73" hits="10" branch="false"/><line number="76" hits="10" branch="true" condition-coverage="50% (4/8)"><conditions><condition number="0" type="jump" coverage="50%"/></conditions></line><line number="77" hits="0" branch="false"/><line number="79" hits="10" branch="false"/><line number="80" hits="10" branch="false"/><line number="81" hits="10" branch="true" condition-coverage="50% (1/2)"><conditions><condition number="0" type="jump" coverage="50%"/></conditions></line><line number="82" hits="0" branch="false"/><line number="84" hits="10" branch="false"/><line number="85" hits="10" branch="true" condition-coverage="100% (2/2)"><conditions><condition number="0" type="jump" coverage="100%"/></conditions></line><line number="86" hits="1" branch="false"/><line number="87" hits="1" branch="true" condition-coverage="50% (1/2)"><conditions><condition number="0" type="jump" coverage="50%"/></conditions></line><line number="88" hits="0" branch="false"/><line number="89" hits="0" branch="false"/><line number="93" hits="10" branch="false"/><line number="94" hits="10" branch="false"/><line number="95" hits="10" branch="false"/><line number="97" hits="10" branch="false"/><line number="101" hits="14" branch="false"/><line number="104" hits="14" branch="false"/><line number="105" hits="14" branch="false"/><line number="108" hits="15" branch="true" condition-coverage="100% (2/2)"><conditions><condition number="0" type="jump" coverage="100%"/></conditions></line><line number="109" hits="14" branch="true" condition-coverage="100% (2/2)"><conditions><condition number="0" type="jump" coverage="100%"/></conditions></line><line number="110" hits="13" branch="false"/><line number="113" hits="1" branch="false"/><line number="116" hits="12" branch="false"/><line number="119" hits="12" branch="true" condition-coverage="100% (6/6)"><conditions><condition number="0" type="jump" coverage="100%"/></conditions></line><line number="120" hits="3" branch="false"/><line number="124" hits="9" branch="false"/><line number="125" hits="9" branch="true" condition-coverage="50% (1/2)"><conditions><condition number="0" type="jump" coverage="50%"/></conditions></line><line number="126" hits="0" branch="false"/><line number="128" hits="0" branch="false"/><line number="131" hits="9" branch="false"/><line number="132" hits="9" branch="true" condition-coverage="100% (2/2)"><conditions><condition number="0" type="jump" coverage="100%"/></conditions></line><line number="133" hits="1" branch="false"/><line number="134" hits="1" branch="true" condition-coverage="50% (1/2)"><conditions><condition number="0" type="jump" coverage="50%"/></conditions></line><line number="135" hits="0" branch="false"/><line number="140" hits="9" branch="false"/><line number="141" hits="9" branch="false"/><line number="142" hits="9" branch="false"/><line number="144" hits="9" branch="false"/><line number="147" hits="5" branch="false"/><line number="151" hits="5" branch="false"/><line number="154" hits="30" branch="false"/><line number="156" hits="30" branch="true" condition-coverage="50% (1/2)"><conditions><condition number="0" type="jump" coverage="50%"/></conditions></line><line number="157" hits="0" branch="false"/><line number="159" hits="30" branch="false"/><line number="160" hits="30" branch="true" condition-coverage="50% (1/2)"><conditions><condition number="0" type="jump" coverage="50%"/></conditions></line><line number="161" hits="0" branch="false"/><line number="163" hits="30" branch="false"/><line number="164" hits="30" branch="false"/><line number="166" hits="30" branch="true" condition-coverage="50% (1/2)"><conditions><condition number="0" type="jump" coverage="50%"/></conditions></line><line number="167" hits="0" branch="false"/><line number="169" hits="0" branch="false"/><line number="170" hits="0" branch="false"/><line number="173" hits="30" branch="false"/><line number="174" hits="30" branch="true" condition-coverage="50% (1/2)"><conditions><condition number="0" type="jump" coverage="50%"/></conditions></line><line number="175" hits="0" branch="false"/><line number="177" hits="30" branch="false"/><line number="178" hits="210" branch="true" condition-coverage="100% (2/2)"><conditions><condition number="0" type="jump" coverage="100%"/></conditions></line><line number="179" hits="180" branch="false"/><line number="181" hits="30" branch="false"/><line number="183" hits="0" branch="false"/><line number="184" hits="0" branch="false"/><line number="185" hits="0" branch="false"/><line number="188" hits="29" branch="false"/><line number="190" hits="29" branch="true" condition-coverage="50% (2/4)"><conditions><condition number="0" type="jump" coverage="50%"/></conditions></line><line number="191" hits="0" branch="false"/><line number="193" hits="29" branch="false"/><line number="194" hits="203" branch="true" condition-coverage="100% (2/2)"><conditions><condition number="0" type="jump" coverage="100%"/></conditions></line><line number="196" hits="174" branch="true" condition-coverage="50% (1/2)"><conditions><condition number="0" type="jump" coverage="50%"/></conditions></line><line number="197" hits="0" branch="false"/><line number="198" hits="0" branch="true" condition-coverage="0% (0/2)"><conditions><condition number="0" type="jump" coverage="0%"/></conditions></line><line number="199" hits="0" branch="false"/><line number="205" hits="29" branch="false"/><line number="206" hits="29" branch="true" condition-coverage="50% (1/2)"><conditions><condition number="0" type="jump" coverage="50%"/></conditions></line><line number="207" hits="0" branch="false"/><line number="210" hits="29" branch="false"/><line number="211" hits="29" branch="false"/><line number="213" hits="29" branch="false"/><line number="216" hits="31" branch="false"/><line number="218" hits="31" branch="true" condition-coverage="100% (2/2)"><conditions><condition number="0" type="jump" coverage="100%"/></conditions></line><line number="219" hits="1" branch="false"/><line number="221" hits="30" branch="true" condition-coverage="50% (1/2)"><conditions><condition number="0" type="jump" coverage="50%"/></conditions></line><line number="222" hits="0" branch="false"/><line number="226" hits="30" branch="false"/><line number="227" hits="30" branch="true" condition-coverage="100% (2/2)"><conditions><condition number="0" type="jump" coverage="100%"/></conditions></line><line number="228" hits="1" branch="false"/><line number="229" hits="1" branch="true" condition-coverage="50% (1/2)"><conditions><condition number="0" type="jump" coverage="50%"/></conditions></line><line number="230" hits="0" branch="false"/><line number="231" hits="0" branch="false"/><line number="234" hits="29" branch="false"/><line number="235" hits="29" branch="true" condition-coverage="50% (1/2)"><conditions><condition number="0" type="jump" coverage="50%"/></conditions></line><line number="236" hits="0" branch="false"/><line number="238" hits="29" branch="false"/><line number="241" hits="30" branch="false"/><line number="242" hits="30" branch="true" condition-coverage="50% (1/2)"><conditions><condition number="0" type="jump" coverage="50%"/></conditions></line><line number="243" hits="0" branch="false"/><line number="245" hits="30" branch="false"/><line number="247" hits="30" branch="false"/><line number="249" hits="30" branch="false"/><line number="251" hits="30" branch="false"/><line number="253" hits="0" branch="false"/><line number="254" hits="0" branch="true" condition-coverage="0% (0/2)"><conditions><condition number="0" type="jump" coverage="0%"/></conditions></line><line number="255" hits="0" branch="false"/><line number="256" hits="0" branch="true" condition-coverage="0% (0/2)"><conditions><condition number="0" type="jump" coverage="0%"/></conditions></line><line number="257" hits="0" branch="false"/><line number="261" hits="0" branch="false"/><line number="264" hits="0" branch="false"/><line number="267" hits="4" branch="false"/><line number="269" hits="4" branch="true" condition-coverage="100% (2/2)"><conditions><condition number="0" type="jump" coverage="100%"/></conditions></line><line number="270" hits="1" branch="false"/><line number="272" hits="3" branch="true" condition-coverage="50% (1/2)"><conditions><condition number="0" type="jump" coverage="50%"/></conditions></line><line number="273" hits="0" branch="false"/><line number="277" hits="3" branch="false"/><line number="278" hits="3" branch="true" condition-coverage="100% (2/2)"><conditions><condition number="0" type="jump" coverage="100%"/></conditions></line><line number="279" hits="1" branch="false"/><line number="280" hits="1" branch="true" condition-coverage="50% (1/2)"><conditions><condition number="0" type="jump" coverage="50%"/></conditions></line><line number="281" hits="0" branch="false"/><line number="284" hits="2" branch="false"/><line number="287" hits="3" branch="false"/><line number="289" hits="3" branch="false"/><line number="292" hits="30" branch="false"/><line number="294" hits="30" branch="true" condition-coverage="100% (2/2)"><conditions><condition number="0" type="jump" coverage="100%"/></conditions></line><line number="295" hits="1" branch="false"/><line number="297" hits="29" branch="true" condition-coverage="50% (1/2)"><conditions><condition number="0" type="jump" coverage="50%"/></conditions></line><line number="298" hits="0" branch="false"/><line number="302" hits="29" branch="false"/><line number="303" hits="29" branch="true" condition-coverage="100% (2/2)"><conditions><condition number="0" type="jump" coverage="100%"/></conditions></line><line number="304" hits="1" branch="false"/><line number="305" hits="1" branch="true" condition-coverage="50% (1/2)"><conditions><condition number="0" type="jump" coverage="50%"/></conditions></line><line number="306" hits="0" branch="false"/><line number="309" hits="28" branch="false"/><line number="312" hits="29" branch="false"/><line number="313" hits="29" branch="false"/><line number="315" hits="29" branch="false"/><line number="317" hits="29" branch="false"/></lines></class><class name="utils_c" filename="src/utils.c" line-rate="0.6470588235294118" branch-rate="0.5833333333333334" complexity="0.0"><methods/><lines><line number="29" hits="24" branch="false"/><line number="31" hits="24" branch="false"/><line number="32" hits="24" branch="true" condition-coverage="50% (1/2)"><conditions><condition number="0" type="jump" coverage="50%"/></conditions></line><line number="33" hits="0" branch="false"/><line number="35" hits="24" branch="false"/><line number="36" hits="24" branch="false"/><line number="39" hits="48" branch="false"/><line number="43" hits="48" branch="true" condition-coverage="100% (2/2)"><conditions><condition number="0" type="jump" coverage="100%"/></conditions></line><line number="44" hits="1" branch="false"/><line number="46" hits="47" branch="false"/><line number="49" hits="5" branch="false"/><line number="53" hits="5" branch="false"/><line number="54" hits="5" branch="true" condition-coverage="50% (1/2)"><conditions><condition number="0" type="jump" coverage="50%"/></conditions></line><line number="55" hits="0" branch="false"/><line number="56" hits="0" branch="false"/><line number="61" hits="5" branch="false"/><line number="62" hits="5" branch="true" condition-coverage="50% (1/2)"><conditions><condition number="0" type="jump" coverage="50%"/></conditions></line><line number="63" hits="0" branch="false"/><line number="64" hits="0" branch="false"/><line number="65" hits="0" branch="false"/><line number="67" hits="5" branch="true" condition-coverage="50% (1/2)"><conditions><condition number="0" type="jump" coverage="50%"/></conditions></line><line number="68" hits="0" branch="false"/><line number="69" hits="0" branch="false"/><line number="70" hits="0" branch="false"/><line number="73" hits="5" branch="false"/><line number="75" hits="5" branch="true" condition-coverage="50% (1/2)"><conditions><condition number="0" type="jump" coverage="50%"/></conditions></line><line number="76" hits="0" branch="false"/><line number="77" hits="0" branch="false"/><line number="78" hits="0" branch="false"/><line number="81" hits="5" branch="false"/><line number="82" hits="5" branch="false"/><line number="84" hits="5" branch="false"/><line number="85" hits="5" branch="false"/><line number="86" hits="5" branch="false"/></lines></class><class name="vaccel_c" filename="src/vaccel.c" line-rate="0.6363636363636364" branch-rate="0.5" complexity="0.0"><methods/><lines><line number="35" hits="10" branch="false"/><line number="40" hits="10" branch="false"/><line number="41" hits="10" branch="true" condition-coverage="50% (1/2)"><conditions><condition number="0" type="jump" coverage="50%"/></conditions></line><line number="42" hits="0" branch="false"/><line number="43" hits="0" branch="false"/><line number="46" hits="10" branch="false"/><line number="47" hits="10" branch="true" condition-coverage="50% (1/2)"><conditions><condition number="0" type="jump" coverage="50%"/></conditions></line><line number="48" hits="0" branch="false"/><line number="49" hits="0" branch="false"/><line number="50" hits="0" branch="false"/><line number="53" hits="10" branch="false"/><line number="54" hits="10" branch="false"/><line number="55" hits="10" branch="true" condition-coverage="50% (1/2)"><conditions><condition number="0" type="jump" coverage="50%"/></conditions></line><line number="56" hits="0" branch="false"/><line number="59" hits="10" branch="false"/><line number="60" hits="10" branch="true" condition-coverage="50% (1/2)"><conditions><condition number="0" type="jump" coverage="50%"/></conditions></line><line number="61" hits="0" branch="false"/><line number="64" hits="10" branch="false"/><line number="66" hits="10" branch="false"/><line number="68" hits="10" branch="false"/><line number="70" hits="0" branch="false"/><line number="71" hits="0" branch="false"/><line number="72" hits="0" branch="false"/><line number="75" hits="10" branch="false"/><line number="79" hits="10" branch="false"/><line number="80" hits="10" branch="true" condition-coverage="50% (1/2)"><conditions><condition number="0" type="jump" coverage="50%"/></conditions></line><line number="81" hits="0" branch="false"/><line number="83" hits="10" branch="false"/><line number="84" hits="10" branch="false"/><line number="85" hits="20" branch="true" condition-coverage="100% (2/2)"><conditions><condition number="0" type="jump" coverage="100%"/></conditions></line><line number="86" hits="10" branch="false"/><line number="87" hits="10" branch="true" condition-coverage="50% (1/2)"><conditions><condition number="0" type="jump" coverage="50%"/></conditions></line><line number="88" hits="0" branch="false"/><line number="90" hits="10" branch="false"/><line number="93" hits="10" branch="false"/><line number="94" hits="10" branch="false"/><line number="97" hits="15" branch="false"/><line number="99" hits="15" branch="false"/><line number="100" hits="15" branch="true" condition-coverage="50% (1/2)"><conditions><condition number="0" type="jump" coverage="50%"/></conditions></line><line number="101" hits="0" branch="false"/><line number="102" hits="0" branch="false"/><line number="105" hits="15" branch="true" condition-coverage="50% (1/2)"><conditions><condition number="0" type="jump" coverage="50%"/></conditions></line><line number="106" hits="0" branch="false"/><line number="107" hits="0" branch="true" condition-coverage="0% (0/2)"><conditions><condition number="0" type="jump" coverage="0%"/></conditions></line><line number="108" hits="0" branch="false"/><line number="109" hits="0" branch="false"/><line number="110" hits="0" branch="true" condition-coverage="0% (0/2)"><conditions><condition number="0" type="jump" coverage="0%"/></conditions></line><line number="111" hits="0" branch="false"/><line number="113" hits="0" branch="false"/><line number="116" hits="0" branch="false"/><line number="117" hits="0" branch="true" condition-coverage="0% (0/2)"><conditions><condition number="0" type="jump" coverage="0%"/></conditions></line><line number="118" hits="0" branch="false"/><line number="120" hits="0" branch="false"/><line number="123" hits="0" branch="false"/><line number="126" hits="15" branch="false"/><line number="128" hits="15" branch="true" condition-coverage="50% (1/2)"><conditions><condition number="0" type="jump" coverage="50%"/></conditions></line><line number="129" hits="0" branch="false"/><line number="130" hits="0" branch="false"/><line number="133" hits="15" branch="false"/><line number="134" hits="15" branch="true" condition-coverage="50% (1/2)"><conditions><condition number="0" type="jump" coverage="50%"/></conditions></line><line number="135" hits="0" branch="false"/><line number="136" hits="0" branch="false"/><line number="139" hits="15" branch="false"/><line number="141" hits="15" branch="false"/><line number="144" hits="15" branch="false"/><line number="148" hits="15" branch="true" condition-coverage="100% (2/2)"><conditions><condition number="0" type="jump" coverage="100%"/></conditions></line><line number="149" hits="1" branch="false"/><line number="151" hits="15" branch="false"/><line number="154" hits="34" branch="false"/><line number="156" hits="34" branch="false"/><line number="160" hits="15" branch="false"/><line number="162" hits="15" branch="false"/><line number="165" hits="15" branch="false"/><line number="167" hits="15" branch="false"/><line number="168" hits="15" branch="false"/><line number="170" hits="15" branch="false"/><line number="171" hits="15" branch="true" condition-coverage="50% (1/2)"><conditions><condition number="0" type="jump" coverage="50%"/></conditions></line><line number="172" hits="0" branch="false"/><line number="173" hits="0" branch="false"/><line number="176" hits="15" branch="false"/><line number="177" hits="15" branch="true" condition-coverage="50% (1/2)"><conditions><condition number="0" type="jump" coverage="50%"/></conditions></line><line number="178" hits="0" branch="false"/><line number="179" hits="0" branch="false"/><line number="182" hits="15" branch="false"/><line number="183" hits="15" branch="true" condition-coverage="50% (1/2)"><conditions><condition number="0" type="jump" coverage="50%"/></conditions></line><line number="184" hits="0" branch="false"/><line number="185" hits="0" branch="false"/><line number="189" hits="15" branch="false"/><line number="192" hits="15" branch="false"/><line number="193" hits="15" branch="true" condition-coverage="100% (2/2)"><conditions><condition number="0" type="jump" coverage="100%"/></conditions></line><line number="194" hits="5" branch="false"/><line number="196" hits="10" branch="false"/><line number="200" hits="15" branch="false"/><line number="202" hits="15" branch="false"/><line number="203" hits="15" branch="false"/><line number="204" hits="15" branch="false"/><line number="205" hits="15" branch="false"/><line number="206" hits="15" branch="false"/><line number="207" hits="15" branch="false"/></lines></class></classes></package><package name="src.include" line-rate="0.0" branch-rate="0.0" complexity="0.0"><classes><class name="plugin_h" filename="src/include/plugin.h" line-rate="0.0" branch-rate="0.0" complexity="0.0"><methods/><lines><line number="57" hits="0" branch="false"/><line number="59" hits="0" branch="false"/><line number="60" hits="0" branch="false"/><line number="61" hits="0" branch="false"/><line number="62" hits="0" branch="false"/><line number="63" hits="0" branch="true" condition-coverage="0% (0/2)"><conditions><condition number="0" type="jump" coverage="0%"/></conditions></line><line number="64" hits="0" branch="true" condition-coverage="0% (0/2)"><conditions><condition number="0" type="jump" coverage="0%"/></conditions></line><line number="65" hits="0" branch="true" condition-coverage="0% (0/2)"><conditions><condition number="0" type="jump" coverage="0%"/></conditions></line><line number="66" hits="0" branch="false"/><line number="67" hits="0" branch="false"/><line number="69" hits="0" branch="false"/><line number="70" hits="0" branch="false"/><line number="72" hits="0" branch="false"/><line number="75" hits="0" branch="false"/></lines></class></classes></package><package name="src.include.ops" line-rate="1.0" branch-rate="0.0" complexity="0.0"><classes><class name="vaccel_ops_h" filename="src/include/ops/vaccel_ops.h" line-rate="1.0" branch-rate="0.0" complexity="0.0"><methods/><lines><line number="81" hits="223" branch="false"/><line number="83" hits="223" branch="false"/></lines></class></classes></package><package name="src.ops" line-rate="0.3405088062622309" branch-rate="0.21717171717171718" complexity="0.0"><classes><class name="blas_c" filename="src/ops/blas.c" line-rate="0.25" branch-rate="0.25" complexity="0.0"><methods/><lines><line number="24" hits="1" branch="false"/><line number="33" hits="1" branch="true" condition-coverage="50% (1/2)"><conditions><condition number="0" type="jump" coverage="50%"/></conditions></line><line number="34" hits="0" branch="false"/><line number="36" hits="1" branch="false"/><line number="40" hits="1" branch="false"/><line number="48" hits="1" branch="false"/><line number="49" hits="1" branch="true" condition-coverage="50% (1/2)"><conditions><condition number="0" type="jump" coverage="50%"/></conditions></line><line number="50" hits="0" branch="false"/><line number="52" hits="1" branch="false"/><line number="55" hits="0" branch="false"/><line number="60" hits="0" branch="true" condition-coverage="0% (0/2)"><conditions><condition number="0" type="jump" coverage="0%"/></conditions></line><line number="61" hits="0" branch="false"/><line number="63" hits="0" branch="false"/><line number="66" hits="0" branch="true" condition-coverage="0% (0/2)"><conditions><condition number="0" type="jump" coverage="0%"/></conditions></line><line number="67" hits="0" branch="false"/><line number="69" hits="0" branch="false"/><line number="72" hits="0" branch="false"/><line number="73" hits="0" branch="false"/><line number="74" hits="0" branch="false"/><line number="75" hits="0" branch="false"/><line number="76" hits="0" branch="false"/><line number="77" hits="0" branch="false"/><line number="78" hits="0" branch="false"/><line number="79" hits="0" branch="false"/><line number="80" hits="0" branch="false"/><line number="82" hits="0" branch="false"/><line number="83" hits="0" branch="false"/><line number="85" hits="0" branch="false"/></lines></class><class name="exec_c" filename="src/ops/exec.c" line-rate="0.43902439024390244" branch-rate="0.3125" complexity="0.0"><methods/><lines><line number="28" hits="4" branch="false"/><line number="32" hits="4" branch="true" condition-coverage="50% (1/2)"><conditions><condition number="0" type="jump" coverage="50%"/></conditions></line><line number="33" hits="0" branch="false"/><line number="35" hits="4" branch="false"/><line number="39" hits="4" branch="false"/><line number="40" hits="4" branch="true" condition-coverage="50% (1/2)"><conditions><condition number="0" type="jump" coverage="50%"/></conditions></line><line number="41" hits="0" branch="false"/><line number="43" hits="4" branch="false"/><line number="47" hits="2" branch="false"/><line number="51" hits="2" branch="true" condition-coverage="50% (1/2)"><conditions><condition number="0" type="jump" coverage="50%"/></conditions></line><line number="52" hits="0" branch="false"/><line number="54" hits="2" branch="false"/><line number="58" hits="2" branch="false"/><line number="59" hits="2" branch="true" condition-coverage="50% (1/2)"><conditions><condition number="0" type="jump" coverage="50%"/></conditions></line><line number="60" hits="0" branch="false"/><line number="62" hits="2" branch="false"/><line number="66" hits="2" branch="false"/><line number="70" hits="2" branch="true" condition-coverage="50% (1/2)"><conditions><condition number="0" type="jump" coverage="50%"/></conditions></line><line number="71" hits="0" branch="false"/><line number="73" hits="0" branch="false"/><line number="77" hits="2" branch="false"/><line number="78" hits="2" branch="false"/><line number="81" hits="2" branch="false"/><line number="82" hits="2" branch="false"/><line number="85" hits="0" branch="false"/><line number="89" hits="0" branch="false"/><line number="90" hits="0" branch="true" condition-coverage="0% (0/2)"><conditions><condition number="0" type="jump" coverage="0%"/></conditions></line><line number="91" hits="0" branch="false"/><line number="93" hits="0" branch="false"/><line number="100" hits="0" branch="false"/><line number="101" hits="0" branch="true" condition-coverage="0% (0/2)"><conditions><condition number="0" type="jump" coverage="0%"/></conditions></line><line number="102" hits="0" branch="false"/><line number="103" hits="0" branch="false"/><line number="105" hits="0" branch="false"/><line number="106" hits="0" branch="true" condition-coverage="0% (0/2)"><conditions><condition number="0" type="jump" coverage="0%"/></conditions></line><line number="107" hits="0" branch="false"/><line number="108" hits="0" branch="false"/><line number="111" hits="0" branch="false"/><line number="112" hits="0" branch="false"/><line number="115" hits="0" branch="false"/><line number="116" hits="0" branch="false"/></lines></class><class name="fpga_c" filename="src/ops/fpga.c" line-rate="0.345679012345679" branch-rate="0.375" complexity="0.0"><methods/><lines><line number="9" hits="2" branch="false"/><line number="11" hits="2" branch="true" condition-coverage="100% (2/2)"><conditions><condition number="0" type="jump" coverage="100%"/></conditions></line><line number="12" hits="1" branch="false"/><line number="14" hits="1" branch="false"/><line number="18" hits="1" branch="false"/><line number="19" hits="1" branch="true" condition-coverage="50% (1/2)"><conditions><condition number="0" type="jump" coverage="50%"/></conditions></line><line number="20" hits="0" branch="false"/><line number="22" hits="1" branch="false"/><line number="25" hits="0" branch="false"/><line number="28" hits="0" branch="true" condition-coverage="0% (0/2)"><conditions><condition number="0" type="jump" coverage="0%"/></conditions></line><line number="29" hits="0" branch="false"/><line number="31" hits="0" branch="false"/><line number="34" hits="0" branch="true" condition-coverage="0% (0/2)"><conditions><condition number="0" type="jump" coverage="0%"/></conditions></line><line number="35" hits="0" branch="false"/><line number="37" hits="0" branch="false"/><line number="39" hits="0" branch="false"/><line number="40" hits="0" branch="false"/><line number="41" hits="0" branch="false"/><line number="43" hits="0" branch="false"/><line number="51" hits="2" branch="false"/><line number="53" hits="2" branch="true" condition-coverage="100% (2/2)"><conditions><condition number="0" type="jump" coverage="100%"/></conditions></line><line number="54" hits="1" branch="false"/><line number="56" hits="1" branch="false"/><line number="60" hits="1" branch="false"/><line number="61" hits="1" branch="true" condition-coverage="50% (1/2)"><conditions><condition number="0" type="jump" coverage="50%"/></conditions></line><line number="62" hits="0" branch="false"/><line number="64" hits="1" branch="false"/><line number="67" hits="0" branch="false"/><line number="70" hits="0" branch="true" condition-coverage="0% (0/2)"><conditions><condition number="0" type="jump" coverage="0%"/></conditions></line><line number="71" hits="0" branch="false"/><line number="73" hits="0" branch="false"/><line number="76" hits="0" branch="true" condition-coverage="0% (0/2)"><conditions><condition number="0" type="jump" coverage="0%"/></conditions></line><line number="77" hits="0" branch="false"/><line number="79" hits="0" branch="false"/><line number="81" hits="0" branch="false"/><line number="82" hits="0" branch="false"/><line number="83" hits="0" branch="false"/><line number="84" hits="0" branch="false"/><line number="86" hits="0" branch="false"/><line number="93" hits="2" branch="false"/><line number="95" hits="2" branch="true" condition-coverage="100% (2/2)"><conditions><condition number="0" type="jump" coverage="100%"/></conditions></line><line number="96" hits="1" branch="false"/><line number="98" hits="1" branch="false"/><line number="102" hits="1" branch="false"/><line number="103" hits="1" branch="true" condition-coverage="50% (1/2)"><conditions><condition number="0" type="jump" coverage="50%"/></conditions></line><line number="104" hits="0" branch="false"/><line number="106" hits="1" branch="false"/><line number="109" hits="0" branch="false"/><line number="112" hits="0" branch="true" condition-coverage="0% (0/2)"><conditions><condition number="0" type="jump" coverage="0%"/></conditions></line><line number="113" hits="0" branch="false"/><line number="115" hits="0" branch="false"/><line number="118" hits="0" branch="true" condition-coverage="0% (0/2)"><conditions><condition number="0" type="jump" coverage="0%"/></conditions></line><line number="119" hits="0" branch="false"/><line number="121" hits="0" branch="false"/><line number="123" hits="0" branch="false"/><line number="124" hits="0" branch="false"/><line number="125" hits="0" branch="false"/><line number="126" hits="0" branch="false"/><line number="127" hits="0" branch="false"/><line number="130" hits="0" branch="false"/><line number="138" hits="2" branch="false"/><line number="140" hits="2" branch="true" condition-coverage="100% (2/2)"><conditions><condition number="0" type="jump" coverage="100%"/></conditions></line><line number="141" hits="1" branch="false"/><line number="143" hits="1" branch="false"/><line number="147" hits="1" branch="false"/><line number="148" hits="1" branch="true" condition-coverage="50% (1/2)"><conditions><condition number="0" type="jump" coverage="50%"/></conditions></line><line number="149" hits="0" branch="false"/><line number="151" hits="1" branch="false"/><line number="154" hits="0" branch="false"/><line number="157" hits="0" branch="true" condition-coverage="0% (0/2)"><conditions><condition number="0" type="jump" coverage="0%"/></conditions></line><line number="158" hits="0" branch="false"/><line number="160" hits="0" branch="false"/><line number="163" hits="0" branch="true" condition-coverage="0% (0/2)"><conditions><condition number="0" type="jump" coverage="0%"/></conditions></line><line number="164" hits="0" branch="false"/><line number="166" hits="0" branch="false"/><line number="168" hits="0" branch="false"/><line number="169" hits="0" branch="false"/><line number="170" hits="0" branch="false"/><line number="171" hits="0" branch="false"/><line number="172" hits="0" branch="false"/><line number="174" hits="0" branch="false"/></lines></class><class name="genop_c" filename="src/ops/genop.c" line-rate="0.5555555555555556" branch-rate="0.5" complexity="0.0"><methods/><lines><line number="66" hits="13" branch="false"/><line number="69" hits="13" branch="true" condition-coverage="50% (1/2)"><conditions><condition number="0" type="jump" coverage="50%"/></conditions></line><line number="70" hits="0" branch="false"/><line number="71" hits="0" branch="false"/><line number="74" hits="13" branch="false"/><line number="75" hits="13" branch="true" condition-coverage="50% (1/2)"><conditions><condition number="0" type="jump" coverage="50%"/></conditions></line><line number="76" hits="0" branch="false"/><line number="77" hits="0" branch="false"/><line number="80" hits="13" branch="false"/></lines></class><class name="image_c" filename="src/ops/image.c" line-rate="0.8793103448275862" branch-rate="0.6428571428571429" complexity="0.0"><methods/><lines><line number="27" hits="20" branch="false"/><line number="34" hits="20" branch="true" condition-coverage="50% (1/2)"><conditions><condition number="0" type="jump" coverage="50%"/></conditions></line><line number="35" hits="0" branch="false"/><line number="37" hits="20" branch="false"/><line number="40" hits="20" branch="false"/><line number="43" hits="20" branch="false"/><line number="44" hits="20" branch="true" condition-coverage="50% (1/2)"><conditions><condition number="0" type="jump" coverage="50%"/></conditions></line><line number="45" hits="0" branch="false"/><line number="46" hits="0" branch="false"/><line number="49" hits="20" branch="true" condition-coverage="75% (3/4)"><conditions><condition number="0" type="jump" coverage="75%"/></conditions></line><line number="50" hits="4" branch="false"/><line number="53" hits="16" branch="false"/><line number="57" hits="20" branch="false"/><line number="58" hits="20" branch="false"/><line number="59" hits="20" branch="false"/><line number="67" hits="10" branch="false"/><line number="72" hits="10" branch="true" condition-coverage="50% (1/2)"><conditions><condition number="0" type="jump" coverage="50%"/></conditions></line><line number="73" hits="0" branch="false"/><line number="76" hits="0" branch="false"/><line number="79" hits="10" branch="true" condition-coverage="50% (1/2)"><conditions><condition number="0" type="jump" coverage="50%"/></conditions></line><line number="80" hits="0" branch="false"/><line number="83" hits="0" branch="false"/><line number="86" hits="10" branch="false"/><line number="87" hits="10" branch="false"/><line number="89" hits="10" branch="true" condition-coverage="100% (2/2)"><conditions><condition number="0" type="jump" coverage="100%"/></conditions></line><line number="90" hits="2" branch="false"/><line number="91" hits="2" branch="false"/><line number="92" hits="2" branch="false"/><line number="93" hits="2" branch="false"/><line number="95" hits="2" branch="false"/><line number="99" hits="8" branch="false"/><line number="100" hits="8" branch="false"/><line number="102" hits="8" branch="false"/><line number="107" hits="2" branch="false"/><line number="111" hits="2" branch="false"/><line number="115" hits="2" branch="false"/><line number="119" hits="2" branch="false"/><line number="123" hits="2" branch="false"/><line number="127" hits="2" branch="false"/><line number="131" hits="2" branch="false"/><line number="135" hits="2" branch="false"/><line number="139" hits="2" branch="false"/><line number="143" hits="2" branch="false"/><line number="147" hits="2" branch="false"/><line number="151" hits="2" branch="false"/><line number="155" hits="2" branch="false"/><line number="159" hits="2" branch="false"/><line number="163" hits="2" branch="false"/><line number="167" hits="2" branch="false"/><line number="171" hits="2" branch="false"/><line number="175" hits="2" branch="false"/><line number="179" hits="2" branch="false"/><line number="183" hits="2" branch="false"/><line number="188" hits="15" branch="false"/><line number="190" hits="15" branch="false"/><line number="193" hits="15" branch="false"/><line number="195" hits="15" branch="false"/><line number="196" hits="15" branch="false"/></lines></class><class name="minmax_c" filename="src/ops/minmax.c" line-rate="0.7692307692307693" branch-rate="0.5" complexity="0.0"><methods/><lines><line number="10" hits="2" branch="false"/><line number="17" hits="2" branch="true" condition-coverage="50% (1/2)"><conditions><condition number="0" type="jump" coverage="50%"/></conditions></line><line number="18" hits="0" branch="false"/><line number="20" hits="2" branch="false"/><line number="24" hits="2" branch="false"/><line number="30" hits="2" branch="false"/><line number="31" hits="2" branch="true" condition-coverage="50% (1/2)"><conditions><condition number="0" type="jump" coverage="50%"/></conditions></line><line number="32" hits="0" branch="false"/><line number="34" hits="2" branch="false"/><line number="38" hits="1" branch="false"/><line number="43" hits="1" branch="true" condition-coverage="50% (1/2)"><conditions><condition number="0" type="jump" coverage="50%"/></conditions></line><line number="44" hits="0" branch="false"/><line number="46" hits="0" branch="false"/><line number="49" hits="1" branch="true" condition-coverage="50% (1/2)"><conditions><condition number="0" type="jump" coverage="50%"/></conditions></line><line number="50" hits="0" branch="false"/><line number="52" hits="0" branch="false"/><line number="55" hits="1" branch="false"/><line number="56" hits="1" branch="false"/><line number="57" hits="1" branch="false"/><line number="58" hits="1" branch="false"/><line number="60" hits="1" branch="false"/><line number="61" hits="1" branch="false"/><line number="62" hits="1" branch="false"/><line number="63" hits="1" branch="false"/><line number="64" hits="1" branch="false"/><line number="66" hits="1" branch="false"/></lines></class><class name="noop_c" filename="src/ops/noop.c" line-rate="0.375" branch-rate="0.16666666666666666" complexity="0.0"><methods/><lines><line number="24" hits="1" branch="false"/><line number="26" hits="1" branch="true" condition-coverage="50% (1/2)"><conditions><condition number="0" type="jump" coverage="50%"/></conditions></line><line number="27" hits="0" branch="false"/><line number="29" hits="1" branch="false"/><line number="33" hits="1" branch="false"/><line number="34" hits="1" branch="true" condition-coverage="50% (1/2)"><conditions><condition number="0" type="jump" coverage="50%"/></conditions></line><line number="35" hits="0" branch="false"/><line number="37" hits="1" branch="false"/><line number="40" hits="0" branch="false"/><line number="44" hits="0" branch="true" condition-coverage="0% (0/4)"><conditions><condition number="0" type="jump" coverage="0%"/></conditions></line><line number="45" hits="0" branch="false"/><line number="47" hits="0" branch="false"/><line number="50" hits="0" branch="true" condition-coverage="0% (0/4)"><conditions><condition number="0" type="jump" coverage="0%"/></conditions></line><line number="51" hits="0" branch="false"/><line number="53" hits="0" branch="false"/><line number="56" hits="0" branch="false"/></lines></class><class name="opencv_c" filename="src/ops/opencv.c" line-rate="0.0" branch-rate="0.0" complexity="0.0"><methods/><lines><line number="9" hits="0" branch="false"/><line number="12" hits="0" branch="true" condition-coverage="0% (0/2)"><conditions><condition number="0" type="jump" coverage="0%"/></conditions></line><line number="13" hits="0" branch="false"/><line number="15" hits="0" branch="false"/><line number="19" hits="0" branch="false"/><line number="20" hits="0" branch="true" condition-coverage="0% (0/2)"><conditions><condition number="0" type="jump" coverage="0%"/></conditions></line><line number="21" hits="0" branch="false"/><line number="23" hits="0" branch="false"/><line number="26" hits="0" branch="false"/><line number="43" hits="0" branch="false"/></lines></class><class name="tf_c" filename="src/ops/tf.c" line-rate="0.26" branch-rate="0.1206896551724138" complexity="0.0"><methods/><lines><line number="32" hits="0" branch="false"/><line number="34" hits="0" branch="false"/><line number="35" hits="0" branch="true" condition-coverage="0% (0/2)"><conditions><condition number="0" type="jump" coverage="0%"/></conditions></line><line number="36" hits="0" branch="false"/><line number="38" hits="0" branch="false"/><line number="39" hits="0" branch="false"/><line number="41" hits="0" branch="false"/><line number="48" hits="0" branch="false"/><line number="50" hits="0" branch="true" condition-coverage="0% (0/2)"><conditions><condition number="0" type="jump" coverage="0%"/></conditions></line><line number="51" hits="0" branch="false"/><line number="53" hits="0" branch="false"/><line number="54" hits="0" branch="false"/><line number="61" hits="0" branch="false"/><line number="64" hits="0" branch="true" condition-coverage="0% (0/2)"><conditions><condition number="0" type="jump" coverage="0%"/></conditions></line><line number="65" hits="0" branch="false"/><line number="67" hits="0" branch="false"/><line number="68" hits="0" branch="false"/><line number="69" hits="0" branch="false"/><line number="70" hits="0" branch="false"/><line number="72" hits="0" branch="false"/><line number="76" hits="0" branch="false"/><line number="80" hits="0" branch="true" condition-coverage="0% (0/2)"><conditions><condition number="0" type="jump" coverage="0%"/></conditions></line><line number="81" hits="0" branch="false"/><line number="83" hits="0" branch="false"/><line number="84" hits="0" branch="false"/><line number="91" hits="0" branch="false"/><line number="92" hits="0" branch="false"/><line number="93" hits="0" branch="true" condition-coverage="0% (0/2)"><conditions><condition number="0" type="jump" coverage="0%"/></conditions></line><line number="94" hits="0" branch="false"/><line number="96" hits="0" branch="false"/><line number="97" hits="0" branch="true" condition-coverage="0% (0/2)"><conditions><condition number="0" type="jump" coverage="0%"/></conditions></line><line number="98" hits="0" branch="false"/><line number="100" hits="0" branch="false"/><line number="101" hits="0" branch="false"/><line number="103" hits="0" branch="false"/><line number="104" hits="0" branch="false"/><line number="105" hits="0" branch="false"/><line number="109" hits="0" branch="false"/><line number="111" hits="0" branch="true" condition-coverage="0% (0/2)"><conditions><condition number="0" type="jump" coverage="0%"/></conditions></line><line number="112" hits="0" branch="false"/><line number="114" hits="0" branch="true" condition-coverage="0% (0/2)"><conditions><condition number="0" type="jump" coverage="0%"/></conditions></line><line number="115" hits="0" branch="false"/><line number="117" hits="0" branch="false"/><line number="121" hits="0" branch="false"/><line number="123" hits="0" branch="true" condition-coverage="0% (0/2)"><conditions><condition number="0" type="jump" coverage="0%"/></conditions></line><line number="124" hits="0" branch="false"/><line number="126" hits="0" branch="false"/><line number="134" hits="0" branch="false"/><line number="136" hits="0" branch="true" condition-coverage="0% (0/2)"><conditions><condition number="0" type="jump" coverage="0%"/></conditions></line><line number="137" hits="0" branch="false"/><line number="139" hits="0" branch="false"/><line number="143" hits="1" branch="false"/><line number="147" hits="1" branch="false"/><line number="148" hits="1" branch="true" condition-coverage="50% (1/2)"><conditions><condition number="0" type="jump" coverage="50%"/></conditions></line><line number="149" hits="0" branch="false"/><line number="151" hits="1" branch="false"/><line number="152" hits="1" branch="false"/><line number="153" hits="1" branch="false"/><line number="154" hits="1" branch="true" condition-coverage="50% (1/2)"><conditions><condition number="0" type="jump" coverage="50%"/></conditions></line><line number="155" hits="0" branch="false"/><line number="156" hits="0" branch="false"/><line number="159" hits="1" branch="true" condition-coverage="50% (1/2)"><conditions><condition number="0" type="jump" coverage="50%"/></conditions></line><line number="160" hits="1" branch="false"/><line number="162" hits="1" branch="false"/><line number="166" hits="0" branch="false"/><line number="172" hits="0" branch="false"/><line number="173" hits="0" branch="true" condition-coverage="0% (0/2)"><conditions><condition number="0" type="jump" coverage="0%"/></conditions></line><line number="174" hits="0" branch="false"/><line number="176" hits="0" branch="true" condition-coverage="0% (0/2)"><conditions><condition number="0" type="jump" coverage="0%"/></conditions></line><line number="177" hits="0" branch="false"/><line number="179" hits="0" branch="false"/><line number="180" hits="0" branch="true" condition-coverage="0% (0/2)"><conditions><condition number="0" type="jump" coverage="0%"/></conditions></line><line number="181" hits="0" branch="false"/><line number="183" hits="0" branch="false"/><line number="184" hits="0" branch="false"/><line number="186" hits="0" branch="false"/><line number="188" hits="0" branch="false"/><line number="189" hits="0" branch="false"/><line number="190" hits="0" branch="false"/><line number="193" hits="0" branch="false"/><line number="195" hits="0" branch="true" condition-coverage="0% (0/2)"><conditions><condition number="0" type="jump" coverage="0%"/></conditions></line><line number="196" hits="0" branch="false"/><line number="198" hits="0" branch="false"/><line number="200" hits="0" branch="true" condition-coverage="0% (0/4)"><conditions><condition number="0" type="jump" coverage="0%"/></conditions></line><line number="201" hits="0" branch="false"/><line number="203" hits="0" branch="false"/><line number="204" hits="0" branch="false"/><line number="207" hits="0" branch="false"/><line number="212" hits="0" branch="true" condition-coverage="0% (0/2)"><conditions><condition number="0" type="jump" coverage="0%"/></conditions></line><line number="213" hits="0" branch="false"/><line number="215" hits="0" branch="true" condition-coverage="0% (0/4)"><conditions><condition number="0" type="jump" coverage="0%"/></conditions></line><line number="216" hits="0" branch="false"/><line number="218" hits="0" branch="false"/><line number="219" hits="0" branch="false"/><line number="221" hits="0" branch="false"/><line number="224" hits="0" branch="false"/><line number="226" hits="0" branch="true" condition-coverage="0% (0/2)"><conditions><condition number="0" type="jump" coverage="0%"/></conditions></line><line number="227" hits="0" branch="false"/><line number="229" hits="0" branch="false"/><line number="235" hits="1" branch="false"/><line number="241" hits="1" branch="false"/><line number="243" hits="1" branch="true" condition-coverage="50% (1/2)"><conditions><condition number="0" type="jump" coverage="50%"/></conditions></line><line number="244" hits="0" branch="false"/><line number="245" hits="0" branch="false"/><line number="248" hits="1" branch="false"/><line number="251" hits="1" branch="false"/><line number="255" hits="1" branch="false"/><line number="256" hits="1" branch="true" condition-coverage="50% (1/2)"><conditions><condition number="0" type="jump" coverage="50%"/></conditions></line><line number="257" hits="0" branch="false"/><line number="258" hits="0" branch="false"/><line number="261" hits="1" branch="false"/><line number="263" hits="1" branch="false"/><line number="264" hits="1" branch="false"/><line number="265" hits="1" branch="false"/><line number="271" hits="1" branch="false"/><line number="279" hits="1" branch="false"/><line number="281" hits="1" branch="true" condition-coverage="50% (1/2)"><conditions><condition number="0" type="jump" coverage="50%"/></conditions></line><line number="282" hits="0" branch="false"/><line number="283" hits="0" branch="false"/><line number="286" hits="1" branch="false"/><line number="289" hits="1" branch="false"/><line number="295" hits="1" branch="false"/><line number="296" hits="1" branch="true" condition-coverage="50% (1/2)"><conditions><condition number="0" type="jump" coverage="50%"/></conditions></line><line number="297" hits="0" branch="false"/><line number="298" hits="0" branch="false"/><line number="301" hits="1" branch="false"/><line number="304" hits="1" branch="false"/><line number="305" hits="1" branch="false"/><line number="306" hits="1" branch="false"/><line number="312" hits="0" branch="false"/><line number="318" hits="0" branch="false"/><line number="320" hits="0" branch="true" condition-coverage="0% (0/2)"><conditions><condition number="0" type="jump" coverage="0%"/></conditions></line><line number="321" hits="0" branch="false"/><line number="322" hits="0" branch="false"/><line number="325" hits="0" branch="false"/><line number="328" hits="0" branch="false"/><line number="329" hits="0" branch="true" condition-coverage="0% (0/2)"><conditions><condition number="0" type="jump" coverage="0%"/></conditions></line><line number="330" hits="0" branch="false"/><line number="331" hits="0" branch="false"/><line number="334" hits="0" branch="false"/><line number="336" hits="0" branch="false"/><line number="337" hits="0" branch="false"/><line number="338" hits="0" branch="false"/><line number="342" hits="15" branch="false"/><line number="344" hits="15" branch="false"/><line number="347" hits="15" branch="false"/><line number="349" hits="15" branch="false"/><line number="350" hits="15" branch="false"/><line number="351" hits="15" branch="false"/><line number="352" hits="15" branch="false"/></lines></class><class name="torch_c" filename="src/ops/torch.c" line-rate="0.0" branch-rate="0.0" complexity="0.0"><methods/><lines><line number="19" hits="0" branch="false"/><line number="21" hits="0" branch="false"/><line number="22" hits="0" branch="true" condition-coverage="0% (0/2)"><conditions><condition number="0" type="jump" coverage="0%"/></conditions></line><line number="23" hits="0" branch="false"/><line number="25" hits="0" branch="false"/><line number="26" hits="0" branch="false"/><line number="28" hits="0" branch="false"/><line number="32" hits="0" branch="false"/><line number="34" hits="0" branch="true" condition-coverage="0% (0/2)"><conditions><condition number="0" type="jump" coverage="0%"/></conditions></line><line number="35" hits="0" branch="false"/><line number="36" hits="0" branch="false"/><line number="37" hits="0" branch="false"/><line number="39" hits="0" branch="false"/><line number="42" hits="0" branch="true" condition-coverage="0% (0/2)"><conditions><condition number="0" type="jump" coverage="0%"/></conditions></line><line number="43" hits="0" branch="false"/><line number="45" hits="0" branch="false"/><line number="46" hits="0" branch="false"/><line number="47" hits="0" branch="false"/><line number="48" hits="0" branch="false"/><line number="50" hits="0" branch="false"/><line number="54" hits="0" branch="false"/><line number="56" hits="0" branch="true" condition-coverage="0% (0/2)"><conditions><condition number="0" type="jump" coverage="0%"/></conditions></line><line number="57" hits="0" branch="false"/><line number="59" hits="0" branch="false"/><line number="60" hits="0" branch="false"/><line number="64" hits="0" branch="false"/><line number="68" hits="0" branch="false"/><line number="69" hits="0" branch="true" condition-coverage="0% (0/2)"><conditions><condition number="0" type="jump" coverage="0%"/></conditions></line><line number="70" hits="0" branch="false"/><line number="72" hits="0" branch="false"/><line number="73" hits="0" branch="false"/><line number="75" hits="0" branch="false"/><line number="76" hits="0" branch="true" condition-coverage="0% (0/2)"><conditions><condition number="0" type="jump" coverage="0%"/></conditions></line><line number="77" hits="0" branch="false"/><line number="78" hits="0" branch="false"/><line number="81" hits="0" branch="true" condition-coverage="0% (0/2)"><conditions><condition number="0" type="jump" coverage="0%"/></conditions></line><line number="82" hits="0" branch="false"/><line number="84" hits="0" branch="false"/><line number="88" hits="0" branch="false"/><line number="94" hits="0" branch="false"/><line number="95" hits="0" branch="true" condition-coverage="0% (0/2)"><conditions><condition number="0" type="jump" coverage="0%"/></conditions></line><line number="96" hits="0" branch="false"/><line number="98" hits="0" branch="true" condition-coverage="0% (0/2)"><conditions><condition number="0" type="jump" coverage="0%"/></conditions></line><line number="99" hits="0" branch="false"/><line number="101" hits="0" branch="false"/><line number="102" hits="0" branch="true" condition-coverage="0% (0/2)"><conditions><condition number="0" type="jump" coverage="0%"/></conditions></line><line number="103" hits="0" branch="false"/><line number="105" hits="0" branch="false"/><line number="106" hits="0" branch="false"/><line number="108" hits="0" branch="false"/><line number="110" hits="0" branch="false"/><line number="111" hits="0" branch="false"/><line number="112" hits="0" branch="false"/><line number="115" hits="0" branch="false"/><line number="117" hits="0" branch="true" condition-coverage="0% (0/2)"><conditions><condition number="0" type="jump" coverage="0%"/></conditions></line><line number="118" hits="0" branch="false"/><line number="120" hits="0" branch="false"/><line number="122" hits="0" branch="true" condition-coverage="0% (0/4)"><conditions><condition number="0" type="jump" coverage="0%"/></conditions></line><line number="123" hits="0" branch="false"/><line number="125" hits="0" branch="false"/><line number="126" hits="0" branch="false"/><line number="129" hits="0" branch="false"/><line number="134" hits="0" branch="true" condition-coverage="0% (0/2)"><conditions><condition number="0" type="jump" coverage="0%"/></conditions></line><line number="135" hits="0" branch="false"/><line number="138" hits="0" branch="true" condition-coverage="0% (0/4)"><conditions><condition number="0" type="jump" coverage="0%"/></conditions></line><line number="139" hits="0" branch="false"/><line number="141" hits="0" branch="false"/><line number="142" hits="0" branch="false"/><line number="144" hits="0" branch="false"/><line number="147" hits="0" branch="false"/><line number="149" hits="0" branch="true" condition-coverage="0% (0/2)"><conditions><condition number="0" type="jump" coverage="0%"/></conditions></line><line number="150" hits="0" branch="false"/><line number="152" hits="0" branch="false"/><line number="204" hits="0" branch="false"/><line number="212" hits="0" branch="true" condition-coverage="0% (0/2)"><conditions><condition number="0" type="jump" coverage="0%"/></conditions></line><line number="213" hits="0" branch="false"/><line number="215" hits="0" branch="false"/><line number="219" hits="0" branch="false"/><line number="227" hits="0" branch="false"/><line number="229" hits="0" branch="true" condition-coverage="0% (0/2)"><conditions><condition number="0" type="jump" coverage="0%"/></conditions></line><line number="230" hits="0" branch="false"/><line number="232" hits="0" branch="false"/><line number="235" hits="0" branch="false"/><line number="242" hits="0" branch="true" condition-coverage="0% (0/2)"><conditions><condition number="0" type="jump" coverage="0%"/></conditions></line><line number="243" hits="0" branch="false"/><line number="245" hits="0" branch="false"/><line number="247" hits="0" branch="false"/><line number="256" hits="0" branch="false"/><line number="257" hits="0" branch="true" condition-coverage="0% (0/2)"><conditions><condition number="0" type="jump" coverage="0%"/></conditions></line><line number="258" hits="0" branch="false"/><line number="259" hits="0" branch="false"/><line number="261" hits="0" branch="false"/></lines></cl
[...]
e><line number="62" hits="1" branch="false"/><line number="63" hits="1" branch="false"/><line number="68" hits="1" branch="false"/><line number="72" hits="1" branch="false"/><line number="74" hits="1" branch="true" condition-coverage="50% (1/2)"><conditions><condition number="0" type="jump" coverage="50%"/></conditions></line><line number="75" hits="1" branch="true" condition-coverage="35% (5/14)"><conditions><condition number="0" type="jump" coverage="35%"/></conditions></line><line number="77" hits="1" branch="true" condition-coverage="50% (1/2)"><conditions><condition number="0" type="jump" coverage="50%"/></conditions></line><line number="78" hits="1" branch="true" condition-coverage="35% (5/14)"><conditions><condition number="0" type="jump" coverage="35%"/></conditions></line><line number="80" hits="1" branch="true" condition-coverage="50% (1/2)"><conditions><condition number="0" type="jump" coverage="50%"/></conditions></line><line number="81" hits="1" branch="true" condition-coverage="35% (5/14)"><conditions><condition number="0" type="jump" coverage="35%"/></conditions></line><line number="84" hits="1" branch="false"/><line number="85" hits="1" branch="true" condition-coverage="50% (1/2)"><conditions><condition number="0" type="jump" coverage="50%"/></conditions></line><line number="86" hits="1" branch="true" condition-coverage="33% (4/12)"><conditions><condition number="0" type="jump" coverage="33%"/></conditions></line><line number="88" hits="1" branch="true" condition-coverage="50% (1/2)"><conditions><condition number="0" type="jump" coverage="50%"/></conditions></line><line number="89" hits="1" branch="true" condition-coverage="35% (5/14)"><conditions><condition number="0" type="jump" coverage="35%"/></conditions></line><line number="91" hits="1" branch="true" condition-coverage="50% (1/2)"><conditions><condition number="0" type="jump" coverage="50%"/></conditions></line><line number="92" hits="1" branch="true" condition-coverage="35% (5/14)"><conditions><condition number="0" type="jump" coverage="35%"/></conditions></line><line number="94" hits="1" branch="true" condition-coverage="50% (1/2)"><conditions><condition number="0" type="jump" coverage="50%"/></conditions></line><line number="95" hits="1" branch="true" condition-coverage="35% (5/14)"><conditions><condition number="0" type="jump" coverage="35%"/></conditions></line><line number="97" hits="1" branch="true" condition-coverage="50% (1/2)"><conditions><condition number="0" type="jump" coverage="50%"/></conditions></line><line number="98" hits="1" branch="true" condition-coverage="35% (5/14)"><conditions><condition number="0" type="jump" coverage="35%"/></conditions></line><line number="100" hits="1" branch="true" condition-coverage="50% (1/2)"><conditions><condition number="0" type="jump" coverage="50%"/></conditions></line><line number="101" hits="1" branch="true" condition-coverage="35% (5/14)"><conditions><condition number="0" type="jump" coverage="35%"/></conditions></line><line number="103" hits="1" branch="true" condition-coverage="50% (1/2)"><conditions><condition number="0" type="jump" coverage="50%"/></conditions></line><line number="104" hits="1" branch="true" condition-coverage="35% (5/14)"><conditions><condition number="0" type="jump" coverage="35%"/></conditions></line><line number="106" hits="1" branch="true" condition-coverage="50% (1/2)"><conditions><condition number="0" type="jump" coverage="50%"/></conditions></line><line number="107" hits="1" branch="true" condition-coverage="35% (5/14)"><conditions><condition number="0" type="jump" coverage="35%"/></conditions></line><line number="109" hits="1" branch="false"/><line number="110" hits="1" branch="false"/></lines></class><class name="test_tf_saved_model_cpp" filename="test/test_tf_saved_model.cpp" line-rate="0.918918918918919" branch-rate="0.3728813559322034" complexity="0.0"><methods/><lines><line number="29" hits="3" branch="false"/><line number="34" hits="3" branch="true" condition-coverage="50% (1/2)"><conditions><condition number="0" type="jump" coverage="50%"/></conditions></line><line number="35" hits="3" branch="true" condition-coverage="50% (1/2)"><conditions><condition number="0" type="jump" coverage="50%"/></conditions></line><line number="36" hits="0" branch="true" condition-coverage="0% (0/2)"><conditions><condition number="0" type="jump" coverage="0%"/></conditions></line><line number="37" hits="0" branch="false"/><line number="40" hits="3" branch="false"/><line number="41" hits="3" branch="true" condition-coverage="50% (1/2)"><conditions><condition number="0" type="jump" coverage="50%"/></conditions></line><line number="42" hits="0" branch="true" condition-coverage="0% (0/2)"><conditions><condition number="0" type="jump" coverage="0%"/></conditions></line><line number="43" hits="0" branch="false"/><line number="46" hits="3" branch="false"/><line number="47" hits="3" branch="true" condition-coverage="50% (1/2)"><conditions><condition number="0" type="jump" coverage="50%"/></conditions></line><line number="49" hits="3" branch="true" condition-coverage="50% (1/2)"><conditions><condition number="0" type="jump" coverage="50%"/></conditions></line><line number="50" hits="0" branch="false"/><line number="52" hits="3" branch="false"/><line number="54" hits="3" branch="false"/><line number="57" hits="3" branch="false"/><line number="64" hits="3" branch="false"/><line number="65" hits="3" branch="true" condition-coverage="50% (1/2)"><conditions><condition number="0" type="jump" coverage="50%"/></conditions></line><line number="66" hits="3" branch="true" condition-coverage="50% (1/2)"><conditions><condition number="0" type="jump" coverage="50%"/></conditions></line><line number="67" hits="0" branch="true" condition-coverage="0% (0/2)"><conditions><condition number="0" type="jump" coverage="0%"/></conditions></line><line number="69" hits="3" branch="false"/><line number="74" hits="1" branch="false"/><line number="77" hits="1" branch="false"/><line number="79" hits="1" branch="true" condition-coverage="50% (1/2)"><conditions><condition number="0" type="jump" coverage="50%"/></conditions></line><line number="80" hits="1" branch="true" condition-coverage="33% (4/12)"><conditions><condition number="0" type="jump" coverage="33%"/></conditions></line><line number="83" hits="1" branch="true" condition-coverage="50% (1/2)"><conditions><condition number="0" type="jump" coverage="50%"/></conditions></line><line number="84" hits="1" branch="true" condition-coverage="33% (4/12)"><conditions><condition number="0" type="jump" coverage="33%"/></conditions></line><line number="86" hits="1" branch="true" condition-coverage="50% (1/2)"><conditions><condition number="0" type="jump" coverage="50%"/></conditions></line><line number="87" hits="1" branch="true" condition-coverage="35% (5/14)"><conditions><condition number="0" type="jump" coverage="35%"/></conditions></line><line number="89" hits="1" branch="true" condition-coverage="50% (1/2)"><conditions><condition number="0" type="jump" coverage="50%"/></conditions></line><line number="90" hits="1" branch="true" condition-coverage="33% (4/12)"><conditions><condition number="0" type="jump" coverage="33%"/></conditions></line><line number="92" hits="1" branch="true" condition-coverage="50% (1/2)"><conditions><condition number="0" type="jump" coverage="50%"/></conditions></line><line number="93" hits="1" branch="true" condition-coverage="33% (4/12)"><conditions><condition number="0" type="jump" coverage="33%"/></conditions></line><line number="95" hits="1" branch="true" condition-coverage="50% (1/2)"><conditions><condition number="0" type="jump" coverage="50%"/></conditions></line><line number="96" hits="1" branch="true" condition-coverage="33% (4/12)"><conditions><condition number="0" type="jump" coverage="33%"/></conditions></line><line number="97" hits="1" branch="true" condition-coverage="50% (1/2)"><conditions><condition number="0" type="jump" coverage="50%"/></conditions></line><line number="98" hits="1" branch="true" condition-coverage="35% (5/14)"><conditions><condition number="0" type="jump" coverage="35%"/></conditions></line><line number="101" hits="1" branch="true" condition-coverage="50% (1/2)"><conditions><condition number="0" type="jump" coverage="50%"/></conditions></line><line number="102" hits="1" branch="true" condition-coverage="35% (5/14)"><conditions><condition number="0" type="jump" coverage="35%"/></conditions></line><line number="104" hits="1" branch="true" condition-coverage="50% (1/2)"><conditions><condition number="0" type="jump" coverage="50%"/></conditions></line><line number="105" hits="1" branch="true" condition-coverage="50% (1/2)"><conditions><condition number="0" type="jump" coverage="50%"/></conditions></line><line number="108" hits="1" branch="true" condition-coverage="50% (1/2)"><conditions><condition number="0" type="jump" coverage="50%"/></conditions></line><line number="109" hits="1" branch="true" condition-coverage="35% (5/14)"><conditions><condition number="0" type="jump" coverage="35%"/></conditions></line><line number="111" hits="1" branch="true" condition-coverage="50% (1/2)"><conditions><condition number="0" type="jump" coverage="50%"/></conditions></line><line number="114" hits="1" branch="true" condition-coverage="50% (1/2)"><conditions><condition number="0" type="jump" coverage="50%"/></conditions></line><line number="115" hits="1" branch="true" condition-coverage="35% (5/14)"><conditions><condition number="0" type="jump" coverage="35%"/></conditions></line><line number="117" hits="1" branch="true" condition-coverage="50% (1/2)"><conditions><condition number="0" type="jump" coverage="50%"/></conditions></line><line number="118" hits="1" branch="true" condition-coverage="35% (5/14)"><conditions><condition number="0" type="jump" coverage="35%"/></conditions></line><line number="120" hits="1" branch="true" condition-coverage="50% (1/2)"><conditions><condition number="0" type="jump" coverage="50%"/></conditions></line><line number="121" hits="1" branch="true" condition-coverage="35% (5/14)"><conditions><condition number="0" type="jump" coverage="35%"/></conditions></line><line number="123" hits="1" branch="true" condition-coverage="50% (1/2)"><conditions><condition number="0" type="jump" coverage="50%"/></conditions></line><line number="124" hits="1" branch="true" condition-coverage="35% (5/14)"><conditions><condition number="0" type="jump" coverage="35%"/></conditions></line><line number="125" hits="1" branch="false"/><line number="127" hits="1" branch="false"/><line number="131" hits="1" branch="false"/><line number="133" hits="1" branch="true" condition-coverage="50% (1/2)"><conditions><condition number="0" type="jump" coverage="50%"/></conditions></line><line number="134" hits="1" branch="true" condition-coverage="33% (4/12)"><conditions><condition number="0" type="jump" coverage="33%"/></conditions></line><line number="136" hits="1" branch="true" condition-coverage="50% (1/2)"><conditions><condition number="0" type="jump" coverage="50%"/></conditions></line><line number="137" hits="1" branch="true" condition-coverage="35% (5/14)"><conditions><condition number="0" type="jump" coverage="35%"/></conditions></line><line number="139" hits="1" branch="true" condition-coverage="50% (1/2)"><conditions><condition number="0" type="jump" coverage="50%"/></conditions></line><line number="140" hits="1" branch="true" condition-coverage="35% (5/14)"><conditions><condition number="0" type="jump" coverage="35%"/></conditions></line><line number="142" hits="1" branch="true" condition-coverage="50% (1/2)"><conditions><condition number="0" type="jump" coverage="50%"/></conditions></line><line number="143" hits="1" branch="true" condition-coverage="50% (1/2)"><conditions><condition number="0" type="jump" coverage="50%"/></conditions></line><line number="146" hits="1" branch="true" condition-coverage="50% (1/2)"><conditions><condition number="0" type="jump" coverage="50%"/></conditions></line><line number="147" hits="1" branch="true" condition-coverage="35% (5/14)"><conditions><condition number="0" type="jump" coverage="35%"/></conditions></line><line number="149" hits="1" branch="true" condition-coverage="50% (1/2)"><conditions><condition number="0" type="jump" coverage="50%"/></conditions></line><line number="150" hits="1" branch="true" condition-coverage="35% (5/14)"><conditions><condition number="0" type="jump" coverage="35%"/></conditions></line><line number="152" hits="1" branch="true" condition-coverage="50% (1/2)"><conditions><condition number="0" type="jump" coverage="50%"/></conditions></line><line number="153" hits="1" branch="true" condition-coverage="35% (5/14)"><conditions><condition number="0" type="jump" coverage="35%"/></conditions></line><line number="155" hits="1" branch="true" condition-coverage="50% (1/2)"><conditions><condition number="0" type="jump" coverage="50%"/></conditions></line><line number="156" hits="1" branch="true" condition-coverage="35% (5/14)"><conditions><condition number="0" type="jump" coverage="35%"/></conditions></line><line number="158" hits="1" branch="true" condition-coverage="50% (1/2)"><conditions><condition number="0" type="jump" coverage="50%"/></conditions></line><line number="159" hits="1" branch="true" condition-coverage="35% (5/14)"><conditions><condition number="0" type="jump" coverage="35%"/></conditions></line><line number="160" hits="1" branch="false"/></lines></class><class name="test_vaccel_cpp" filename="test/test_vaccel.cpp" line-rate="0.5679012345679012" branch-rate="0.37037037037037035" complexity="0.0"><methods/><lines><line number="44" hits="1" branch="false"/><line number="49" hits="1" branch="false"/><line number="50" hits="1" branch="true" condition-coverage="50% (1/2)"><conditions><condition number="0" type="jump" coverage="50%"/></conditions></line><line number="51" hits="0" branch="false"/><line number="52" hits="0" branch="false"/><line number="55" hits="1" branch="false"/><line number="57" hits="1" branch="true" condition-coverage="50% (1/2)"><conditions><condition number="0" type="jump" coverage="50%"/></conditions></line><line number="58" hits="0" branch="false"/><line number="59" hits="0" branch="false"/><line number="60" hits="0" branch="false"/><line number="63" hits="1" branch="false"/><line number="64" hits="1" branch="false"/><line number="65" hits="1" branch="true" condition-coverage="50% (1/2)"><conditions><condition number="0" type="jump" coverage="50%"/></conditions></line><line number="66" hits="1" branch="false"/><line number="69" hits="0" branch="false"/><line number="70" hits="0" branch="true" condition-coverage="0% (0/2)"><conditions><condition number="0" type="jump" coverage="0%"/></conditions></line><line number="71" hits="0" branch="false"/><line number="74" hits="0" branch="false"/><line number="76" hits="0" branch="false"/><line number="78" hits="0" branch="false"/><line number="80" hits="1" branch="false"/><line number="81" hits="1" branch="false"/><line number="82" hits="1" branch="false"/><line number="85" hits="1" branch="false"/><line number="89" hits="1" branch="false"/><line number="90" hits="1" branch="true" condition-coverage="50% (1/2)"><conditions><condition number="0" type="jump" coverage="50%"/></conditions></line><line number="91" hits="0" branch="false"/><line number="93" hits="1" branch="false"/><line number="94" hits="1" branch="false"/><line number="95" hits="1" branch="true" condition-coverage="50% (1/2)"><conditions><condition number="0" type="jump" coverage="50%"/></conditions></line><line number="96" hits="1" branch="false"/><line number="97" hits="1" branch="true" condition-coverage="50% (1/2)"><conditions><condition number="0" type="jump" coverage="50%"/></conditions></line><line number="98" hits="1" branch="false"/><line number="100" hits="0" branch="false"/><line number="103" hits="0" branch="false"/><line number="104" hits="0" branch="false"/><line number="107" hits="1" branch="false"/><line number="109" hits="1" branch="false"/><line number="110" hits="1" branch="true" condition-coverage="50% (1/2)"><conditions><condition number="0" type="jump" coverage="50%"/></conditions></line><line number="111" hits="0" branch="false"/><line number="112" hits="0" branch="false"/><line number="115" hits="1" branch="true" condition-coverage="50% (1/2)"><conditions><condition number="0" type="jump" coverage="50%"/></conditions></line><line number="116" hits="0" branch="false"/><line number="117" hits="0" branch="true" condition-coverage="0% (0/2)"><conditions><condition number="0" type="jump" coverage="0%"/></conditions></line><line number="118" hits="0" branch="false"/><line number="119" hits="0" branch="false"/><line number="120" hits="0" branch="true" condition-coverage="0% (0/2)"><conditions><condition number="0" type="jump" coverage="0%"/></conditions></line><line number="121" hits="0" branch="false"/><line number="123" hits="0" branch="false"/><line number="126" hits="0" branch="false"/><line number="127" hits="0" branch="true" condition-coverage="0% (0/2)"><conditions><condition number="0" type="jump" coverage="0%"/></conditions></line><line number="128" hits="0" branch="false"/><line number="130" hits="0" branch="false"/><line number="133" hits="0" branch="false"/><line number="136" hits="1" branch="false"/><line number="138" hits="1" branch="true" condition-coverage="50% (1/2)"><conditions><condition number="0" type="jump" coverage="50%"/></conditions></line><line number="139" hits="0" branch="false"/><line number="140" hits="0" branch="false"/><line number="143" hits="1" branch="false"/><line number="144" hits="1" branch="true" condition-coverage="50% (1/2)"><conditions><condition number="0" type="jump" coverage="50%"/></conditions></line><line number="145" hits="0" branch="false"/><line number="146" hits="0" branch="false"/><line number="149" hits="1" branch="false"/><line number="151" hits="1" branch="false"/><line number="164" hits="0" branch="false"/><line number="166" hits="0" branch="false"/><line number="172" hits="1" branch="false"/><line number="173" hits="1" branch="false"/><line number="174" hits="1" branch="true" condition-coverage="35% (5/14)"><conditions><condition number="0" type="jump" coverage="35%"/></conditions></line><line number="175" hits="1" branch="true" condition-coverage="50% (1/2)"><conditions><condition number="0" type="jump" coverage="50%"/></conditions></line><line number="176" hits="1" branch="true" condition-coverage="50% (1/2)"><conditions><condition number="0" type="jump" coverage="50%"/></conditions></line><line number="177" hits="1" branch="true" condition-coverage="35% (5/14)"><conditions><condition number="0" type="jump" coverage="35%"/></conditions></line><line number="178" hits="1" branch="true" condition-coverage="50% (1/2)"><conditions><condition number="0" type="jump" coverage="50%"/></conditions></line><line number="179" hits="1" branch="true" condition-coverage="35% (5/14)"><conditions><condition number="0" type="jump" coverage="35%"/></conditions></line><line number="180" hits="1" branch="true" condition-coverage="50% (1/2)"><conditions><condition number="0" type="jump" coverage="50%"/></conditions></line><line number="181" hits="1" branch="true" condition-coverage="35% (5/14)"><conditions><condition number="0" type="jump" coverage="35%"/></conditions></line><line number="182" hits="1" branch="true" condition-coverage="50% (1/2)"><conditions><condition number="0" type="jump" coverage="50%"/></conditions></line><line number="183" hits="1" branch="false"/><line number="185" hits="1" branch="true" condition-coverage="33% (4/12)"><conditions><condition number="0" type="jump" coverage="33%"/></conditions></line><line number="186" hits="1" branch="true" condition-coverage="50% (1/2)"><conditions><condition number="0" type="jump" coverage="50%"/></conditions></line><line number="195" hits="1" branch="false"/></lines></class></classes></package></packages></coverage>