<?xml version='1.0' encoding='UTF-8'?>
<!DOCTYPE coverage SYSTEM 'http://cobertura.sourceforge.net/xml/coverage-04.dtd'>
<coverage line-rate="0.9129213483146067" branch-rate="0.3622057318321392" lines-covered="1300" lines-valid="1424" branches-covered="2831" branches-valid="7816" complexity="0.0" timestamp="1702871840" version="gcovr 6.0"><sources><source>.</source></sources><packages><package name="src" line-rate="1.0" branch-rate="0.0" complexity="0.0"><classes><class name="list_h" filename="src/list.h" line-rate="1.0" branch-rate="0.0" complexity="0.0"><methods/><lines><line number="20" hits="54" branch="false"/><line number="22" hits="54" branch="false"/><line number="31" hits="30" branch="false"/><line number="33" hits="30" branch="false"/><line number="34" hits="30" branch="false"/><line number="35" hits="30" branch="false"/><line number="38" hits="18" branch="false"/><line number="40" hits="18" branch="false"/><line number="41" hits="18" branch="false"/></lines></class></classes></package><package name="test.op" line-rate="0.9292452830188679" branch-rate="0.3626159102000976" complexity="0.0"><classes><class name="test_blas_cpp" filename="test/op/test_blas.cpp" line-rate="1.0" branch-rate="0.5" complexity="0.0"><methods/><lines><line number="34" hits="3" branch="false"/><line number="36" hits="1539" branch="true" condition-coverage="100% (2/2)"><conditions><condition number="0" type="jump" coverage="100%"/></conditions></line><line number="37" hits="787968" branch="true" condition-coverage="100% (2/2)"><conditions><condition number="0" type="jump" coverage="100%"/></conditions></line><line number="38" hits="786432" branch="false"/><line number="40" hits="1539" branch="true" condition-coverage="100% (2/2)"><conditions><condition number="0" type="jump" coverage="100%"/></conditions></line><line number="41" hits="787968" branch="true" condition-coverage="100% (2/2)"><conditions><condition number="0" type="jump" coverage="100%"/></conditions></line><line number="42" hits="786432" branch="false"/><line number="44" hits="1539" branch="true" condition-coverage="100% (2/2)"><conditions><condition number="0" type="jump" coverage="100%"/></conditions></line><line number="45" hits="787968" branch="true" condition-coverage="100% (2/2)"><conditions><condition number="0" type="jump" coverage="100%"/></conditions></line><line number="46" hits="786432" branch="false"/><line number="47" hits="3" branch="false"/><line number="50" hits="3" branch="false"/><line number="61" hits="3" branch="false"/><line number="65" hits="3" branch="false"/><line number="69" hits="3" branch="true" condition-coverage="50% (1/2)"><conditions><condition number="0" type="jump" coverage="50%"/></conditions></line><line number="70" hits="3" branch="true" condition-coverage="35% (5/14)"><conditions><condition number="0" type="jump" coverage="35%"/></conditions></line><line number="73" hits="3" branch="true" condition-coverage="50% (1/2)"><conditions><condition number="0" type="jump" coverage="50%"/></conditions></line><line number="75" hits="3" branch="true" condition-coverage="35% (5/14)"><conditions><condition number="0" type="jump" coverage="35%"/></conditions></line><line number="81" hits="3" branch="true" condition-coverage="50% (1/2)"><conditions><condition number="0" type="jump" coverage="50%"/></conditions></line><line number="82" hits="3" branch="true" condition-coverage="35% (5/14)"><conditions><condition number="0" type="jump" coverage="35%"/></conditions></line><line number="83" hits="3" branch="false"/></lines></class><class name="test_exec_cpp" filename="test/op/test_exec.cpp" line-rate="0.9294871794871795" branch-rate="0.3563348416289593" complexity="0.0"><methods/><lines><line number="32" hits="3" branch="false"/><line number="35" hits="3" branch="false"/><line number="38" hits="3" branch="false"/><line number="39" hits="3" branch="false"/><line number="40" hits="3" branch="false"/><line number="41" hits="3" branch="false"/><line number="43" hits="3" branch="true" condition-coverage="50% (1/2)"><conditions><condition number="0" type="jump" coverage="50%"/></conditions></line><line number="44" hits="3" branch="true" condition-coverage="35% (5/14)"><conditions><condition number="0" type="jump" coverage="35%"/></conditions></line><line number="46" hits="3" branch="false"/><line number="47" hits="3" branch="false"/><line number="49" hits="3" branch="true" condition-coverage="50% (1/2)"><conditions><condition number="0" type="jump" coverage="50%"/></conditions></line><line number="50" hits="3" branch="true" condition-coverage="35% (5/14)"><conditions><condition number="0" type="jump" coverage="35%"/></conditions></line><line number="51" hits="3" branch="true" condition-coverage="33% (4/12)"><conditions><condition number="0" type="jump" coverage="33%"/></conditions></line><line number="52" hits="3" branch="true" condition-coverage="35% (5/14)"><conditions><condition number="0" type="jump" coverage="35%"/></conditions></line><line number="53" hits="3" branch="true" condition-coverage="33% (4/12)"><conditions><condition number="0" type="jump" coverage="33%"/></conditions></line><line number="54" hits="3" branch="true" condition-coverage="35% (5/14)"><conditions><condition number="0" type="jump" coverage="35%"/></conditions></line><line number="55" hits="3" branch="false"/><line number="57" hits="3" branch="false"/><line number="62" hits="3" branch="false"/><line number="63" hits="3" branch="false"/><line number="64" hits="3" branch="false"/><line number="65" hits="3" branch="false"/><line number="70" hits="3" branch="true" condition-coverage="50% (1/2)"><conditions><condition number="0" type="jump" coverage="50%"/></conditions></line><line number="71" hits="3" branch="true" condition-coverage="35% (5/14)"><conditions><condition number="0" type="jump" coverage="35%"/></conditions></line><line number="73" hits="3" branch="false"/><line number="74" hits="3" branch="false"/><line number="76" hits="3" branch="false"/><line number="77" hits="3" branch="false"/><line number="79" hits="3" branch="false"/><line number="84" hits="3" branch="false"/><line number="86" hits="3" branch="false"/><line number="88" hits="3" branch="false"/><line number="90" hits="3" branch="true" condition-coverage="50% (1/2)"><conditions><condition number="0" type="jump" coverage="50%"/></conditions></line><line number="91" hits="3" branch="true" condition-coverage="35% (5/14)"><conditions><condition number="0" type="jump" coverage="35%"/></conditions></line><line number="92" hits="3" branch="true" condition-coverage="50% (1/2)"><conditions><condition number="0" type="jump" coverage="50%"/></conditions></line><line number="93" hits="3" branch="true" condition-coverage="33% (4/12)"><conditions><condition number="0" type="jump" coverage="33%"/></conditions></line><line number="94" hits="3" branch="true" condition-coverage="35% (5/14)"><conditions><condition number="0" type="jump" coverage="35%"/></conditions></line><line number="95" hits="3" branch="true" condition-coverage="33% (4/12)"><conditions><condition number="0" type="jump" coverage="33%"/></conditions></line><line number="96" hits="3" branch="true" condition-coverage="35% (5/14)"><conditions><condition number="0" type="jump" coverage="35%"/></conditions></line><line number="97" hits="3" branch="false"/><line number="100" hits="3" branch="false"/><line number="105" hits="3" branch="true" condition-coverage="50% (1/2)"><conditions><condition number="0" type="jump" coverage="50%"/></conditions></line><line number="106" hits="3" branch="true" condition-coverage="50% (1/2)"><conditions><condition number="0" type="jump" coverage="50%"/></conditions></line><line number="107" hits="0" branch="true" condition-coverage="0% (0/2)"><conditions><condition number="0" type="jump" coverage="0%"/></conditions></line><line number="108" hits="0" branch="false"/><line number="111" hits="3" branch="false"/><line number="112" hits="3" branch="true" condition-coverage="50% (1/2)"><conditions><condition number="0" type="jump" coverage="50%"/></conditions></line><line number="113" hits="0" branch="true" condition-coverage="0% (0/2)"><conditions><condition number="0" type="jump" coverage="0%"/></conditions></line><line number="114" hits="0" branch="false"/><line number="117" hits="3" branch="false"/><line number="118" hits="3" branch="true" condition-coverage="50% (1/2)"><conditions><condition number="0" type="jump" coverage="50%"/></conditions></line><line number="119" hits="0" branch="true" condition-coverage="0% (0/2)"><conditions><condition number="0" type="jump" coverage="0%"/></conditions></line><line number="120" hits="0" branch="true" condition-coverage="0% (0/2)"><conditions><condition number="0" type="jump" coverage="0%"/></conditions></line><line number="121" hits="0" branch="false"/><line number="124" hits="3" branch="false"/><line number="125" hits="3" branch="false"/><line number="126" hits="6" branch="true" condition-coverage="100% (2/2)"><conditions><condition number="0" type="jump" coverage="100%"/></conditions></line><line number="127" hits="3" branch="true" condition-coverage="50% (1/2)"><conditions><condition number="0" type="jump" coverage="50%"/></conditions></line><line number="128" hits="3" branch="true" condition-coverage="50% (1/2)"><conditions><condition number="0" type="jump" coverage="50%"/></conditions></line><line number="129" hits="0" branch="true" condition-coverage="0% (0/2)"><conditions><condition number="0" type="jump" coverage="0%"/></conditions></line><line number="130" hits="0" branch="false"/><line number="131" hits="0" branch="true" condition-coverage="0% (0/2)"><conditions><condition number="0" type="jump" coverage="0%"/></conditions></line><line number="132" hits="0" branch="false"/><line number="135" hits="3" branch="false"/><line number="136" hits="3" branch="false"/><line number="139" hits="3" branch="true" condition-coverage="50% (1/2)"><conditions><condition number="0" type="jump" coverage="50%"/></conditions></line><line number="141" hits="3" branch="false"/><line number="142" hits="3" branch="false"/><line number="146" hits="3" branch="false"/><line number="152" hits="3" branch="false"/><line number="154" hits="3" branch="false"/><line number="155" hits="3" branch="true" condition-coverage="50% (1/2)"><conditions><condition number="0" type="jump" coverage="50%"/></conditions></line><line number="156" hits="3" branch="true" condition-coverage="33% (4/12)"><conditions><condition number="0" type="jump" coverage="33%"/></conditions></line><line number="159" hits="3" branch="false"/><line number="160" hits="3" branch="false"/><line number="163" hits="3" branch="false"/><line number="164" hits="3" branch="false"/><line number="166" hits="3" branch="true" condition-coverage="50% (1/2)"><conditions><condition number="0" type="jump" coverage="50%"/></conditions></line><line number="167" hits="3" branch="true" condition-coverage="35% (5/14)"><conditions><condition number="0" type="jump" coverage="35%"/></conditions></line><line number="168" hits="3" branch="true" condition-coverage="33% (4/12)"><conditions><condition number="0" type="jump" coverage="33%"/></conditions></line><line number="170" hits="3" branch="true" condition-coverage="50% (1/2)"><conditions><condition number="0" type="jump" coverage="50%"/></conditions></line><line number="171" hits="3" branch="true" condition-coverage="35% (5/14)"><conditions><condition number="0" type="jump" coverage="35%"/></conditions></line><line number="172" hits="3" branch="true" condition-coverage="33% (4/12)"><conditions><condition number="0" type="jump" coverage="33%"/></conditions></line><line number="175" hits="3" branch="false"/><line number="176" hits="3" branch="false"/><line number="177" hits="3" branch="false"/><line number="178" hits="3" branch="false"/><line number="181" hits="3" branch="false"/><line number="182" hits="3" branch="false"/><line number="183" hits="3" branch="false"/><line number="184" hits="3" branch="false"/><line number="186" hits="3" branch="true" condition-coverage="50% (1/2)"><conditions><condition number="0" type="jump" coverage="50%"/></conditions></line><line number="187" hits="3" branch="true" condition-coverage="35% (5/14)"><conditions><condition number="0" type="jump" coverage="35%"/></conditions></line><line number="188" hits="3" branch="true" condition-coverage="33% (4/12)"><conditions><condition number="0" type="jump" coverage="33%"/></conditions></line><line number="189" hits="3" branch="true" condition-coverage="35% (5/14)"><conditions><condition number="0" type="jump" coverage="35%"/></conditions></line><line number="190" hits="3" branch="true" condition-coverage="33% (4/12)"><conditions><condition number="0" type="jump" coverage="33%"/></conditions></line><line number="191" hits="3" branch="true" condition-coverage="35% (5/14)"><conditions><condition number="0" type="jump" coverage="35%"/></conditions></line><line number="193" hits="3" branch="true" condition-coverage="50% (1/2)"><conditions><condition number="0" type="jump" coverage="50%"/></conditions></line><line number="194" hits="3" branch="true" condition-coverage="35% (5/14)"><conditions><condition number="0" type="jump" coverage="35%"/></conditions></line><line number="195" hits="3" branch="true" condition-coverage="33% (4/12)"><conditions><condition number="0" type="jump" coverage="33%"/></conditions></line><line number="196" hits="3" branch="true" condition-coverage="35% (5/14)"><conditions><condition number="0" type="jump" coverage="35%"/></conditions></line><line number="197" hits="3" branch="true" condition-coverage="33% (4/12)"><conditions><condition number="0" type="jump" coverage="33%"/></conditions></line><line number="198" hits="3" branch="true" condition-coverage="35% (5/14)"><conditions><condition number="0" type="jump" coverage="35%"/></conditions></line><line number="200" hits="3" branch="true" condition-coverage="50% (1/2)"><conditions><condition number="0" type="jump" coverage="50%"/></conditions></line><line number="201" hits="3" branch="true" condition-coverage="35% (5/14)"><conditions><condition number="0" type="jump" coverage="35%"/></conditions></line><line number="202" hits="3" branch="true" condition-coverage="33% (4/12)"><conditions><condition number="0" type="jump" coverage="33%"/></conditions></line><line number="203" hits="3" branch="true" condition-coverage="35% (5/14)"><conditions><condition number="0" type="jump" coverage="35%"/></conditions></line><line number="204" hits="3" branch="true" condition-coverage="35% (5/14)"><conditions><condition number="0" type="jump" coverage="35%"/></conditions></line><line number="205" hits="3" branch="true" condition-coverage="35% (5/14)"><conditions><condition number="0" type="jump" coverage="35%"/></conditions></line><line number="207" hits="3" branch="true" condition-coverage="50% (1/2)"><conditions><condition number="0" type="jump" coverage="50%"/></conditions></line><line number="208" hits="3" branch="true" condition-coverage="35% (5/14)"><conditions><condition number="0" type="jump" coverage="35%"/></conditions></line><line number="209" hits="3" branch="true" condition-coverage="33% (4/12)"><conditions><condition number="0" type="jump" coverage="33%"/></conditions></line><line number="210" hits="3" branch="true" condition-coverage="35% (5/14)"><conditions><condition number="0" type="jump" coverage="35%"/></conditions></line><line number="211" hits="3" branch="true" condition-coverage="35% (5/14)"><conditions><condition number="0" type="jump" coverage="35%"/></conditions></line><line number="212" hits="3" branch="true" condition-coverage="35% (5/14)"><conditions><condition number="0" type="jump" coverage="35%"/></conditions></line><line number="214" hits="3" branch="false"/><line number="215" hits="3" branch="false"/><line number="216" hits="3" branch="false"/><line number="218" hits="3" branch="false"/><line number="220" hits="3" branch="false"/><line number="221" hits="3" branch="false"/><line number="223" hits="3" branch="false"/><line number="225" hits="3" branch="true" condition-coverage="50% (1/2)"><conditions><condition number="0" type="jump" coverage="50%"/></conditions></line><line number="226" hits="3" branch="true" condition-coverage="35% (5/14)"><conditions><condition number="0" type="jump" coverage="35%"/></conditions></line><line number="227" hits="3" branch="true" condition-coverage="33% (4/12)"><conditions><condition number="0" type="jump" coverage="33%"/></conditions></line><line number="228" hits="3" branch="true" condition-coverage="35% (5/14)"><conditions><condition number="0" type="jump" coverage="35%"/></conditions></line><line number="229" hits="3" branch="true" condition-coverage="35% (5/14)"><conditions><condition number="0" type="jump" coverage="35%"/></conditions></line><line number="230" hits="3" branch="true" condition-coverage="35% (5/14)"><conditions><condition number="0" type="jump" coverage="35%"/></conditions></line><line number="232" hits="3" branch="true" condition-coverage="50% (1/2)"><conditions><condition number="0" type="jump" coverage="50%"/></conditions></line><line number="233" hits="3" branch="true" condition-coverage="35% (5/14)"><conditions><condition number="0" type="jump" coverage="35%"/></conditions></line><line number="234" hits="3" branch="true" condition-coverage="33% (4/12)"><conditions><condition number="0" type="jump" coverage="33%"/></conditions></line><line number="235" hits="3" branch="true" condition-coverage="35% (5/14)"><conditions><condition number="0" type="jump" coverage="35%"/></conditions></line><line number="236" hits="3" branch="true" condition-coverage="35% (5/14)"><conditions><condition number="0" type="jump" coverage="35%"/></conditions></line><line number="237" hits="3" branch="true" condition-coverage="35% (5/14)"><conditions><condition number="0" type="jump" coverage="35%"/></conditions></line><line number="239" hits="3" branch="true" condition-coverage="50% (1/2)"><conditions><condition number="0" type="jump" coverage="50%"/></conditions></line><line number="240" hits="3" branch="true" condition-coverage="35% (5/14)"><conditions><condition number="0" type="jump" coverage="35%"/></conditions></line><line number="241" hits="3" branch="true" condition-coverage="33% (4/12)"><conditions><condition number="0" type="jump" coverage="33%"/></conditions></line><line number="242" hits="3" branch="true" condition-coverage="35% (5/14)"><conditions><condition number="0" type="jump" coverage="35%"/></conditions></line><line number="243" hits="3" branch="true" condition-coverage="33% (4/12)"><conditions><condition number="0" type="jump" coverage="33%"/></conditions></line><line number="244" hits="3" branch="true" condition-coverage="35% (5/14)"><conditions><condition number="0" type="jump" coverage="35%"/></conditions></line><line number="246" hits="3" branch="true" condition-coverage="50% (1/2)"><conditions><condition number="0" type="jump" coverage="50%"/></conditions></line><line number="247" hits="3" branch="true" condition-coverage="35% (5/14)"><conditions><condition number="0" type="jump" coverage="35%"/></conditions></line><line number="248" hits="3" branch="true" condition-coverage="33% (4/12)"><conditions><condition number="0" type="jump" coverage="33%"/></conditions></line><line number="249" hits="3" branch="true" condition-coverage="35% (5/14)"><conditions><condition number="0" type="jump" coverage="35%"/></conditions></line><line number="250" hits="3" branch="true" condition-coverage="33% (4/12)"><conditions><condition number="0" type="jump" coverage="33%"/></conditions></line><line number="251" hits="3" branch="true" condition-coverage="35% (5/14)"><conditions><condition number="0" type="jump" coverage="35%"/></conditions></line><line number="253" hits="3" branch="true" condition-coverage="50% (1/2)"><conditions><condition number="0" type="jump" coverage="50%"/></conditions></line><line number="254" hits="3" branch="true" condition-coverage="35% (5/14)"><conditions><condition number="0" type="jump" coverage="35%"/></conditions></line><line number="256" hits="3" branch="true" condition-coverage="50% (1/2)"><conditions><condition number="0" type="jump" coverage="50%"/></conditions></line><line number="257" hits="3" branch="true" condition-coverage="35% (5/14)"><conditions><condition number="0" type="jump" coverage="35%"/></conditions></line><line number="259" hits="3" branch="true" condition-coverage="50% (1/2)"><conditions><condition number="0" type="jump" coverage="50%"/></conditions></line><line number="260" hits="3" branch="true" condition-coverage="35% (5/14)"><conditions><condition number="0" type="jump" coverage="35%"/></conditions></line><line number="262" hits="3" branch="true" condition-coverage="50% (1/2)"><conditions><condition number="0" type="jump" coverage="50%"/></conditions></line><line number="263" hits="3" branch="true" condition-coverage="35% (5/14)"><conditions><condition number="0" type="jump" coverage="35%"/></conditions></line><line number="265" hits="3" branch="false"/><line number="266" hits="3" branch="false"/></lines></class><class name="test_fpga_cpp" filename="test/op/test_fpga.cpp" line-rate="0.9883720930232558" branch-rate="0.38495575221238937" complexity="0.0"><methods/><lines><line number="24" hits="6" branch="false"/><line number="28" hits="6" branch="false"/><line number="29" hits="6" branch="false"/><line number="30" hits="6" branch="false"/><line number="31" hits="6" branch="false"/><line number="33" hits="6" branch="false"/><line number="34" hits="6" branch="false"/><line number="35" hits="6" branch="false"/><line number="37" hits="6" branch="false"/><line number="38" hits="6" branch="false"/><line number="40" hits="6" branch="false"/><line number="42" hits="6" branch="true" condition-coverage="50% (1/2)"><conditions><condition number="0" type="jump" coverage="50%"/></conditions></line><line number="43" hits="6" branch="true" condition-coverage="50% (3/6)"><conditions><condition number="0" type="jump" coverage="50%"/></conditions></line><line number="45" hits="0" branch="true" condition-coverage="0% (0/4)"><conditions><condition number="0" type="jump" coverage="0%"/></conditions></line><line number="48" hits="6" branch="true" condition-coverage="66% (4/6)"><conditions><condition number="0" type="jump" coverage="66%"/></conditions></line><line number="50" hits="3" branch="true" condition-coverage="37% (6/16)"><conditions><condition number="0" type="jump" coverage="37%"/></conditions></line><line number="51" hits="6" branch="false"/><line number="53" hits="6" branch="true" condition-coverage="66% (4/6)"><conditions><condition number="0" type="jump" coverage="66%"/></conditions></line><line number="55" hits="3" branch="true" condition-coverage="50% (1/2)"><conditions><condition number="0" type="jump" coverage="50%"/></conditions></line><line number="56" hits="3" branch="true" condition-coverage="35% (5/14)"><conditions><condition number="0" type="jump" coverage="35%"/></conditions></line><line number="57" hits="3" branch="true" condition-coverage="33% (4/12)"><conditions><condition number="0" type="jump" coverage="33%"/></conditions></line><line number="58" hits="3" branch="true" condition-coverage="35% (5/14)"><conditions><condition number="0" type="jump" coverage="35%"/></conditions></line><line number="59" hits="3" branch="true" condition-coverage="33% (4/12)"><conditions><condition number="0" type="jump" coverage="33%"/></conditions></line><line number="60" hits="3" branch="true" condition-coverage="35% (5/14)"><conditions><condition number="0" type="jump" coverage="35%"/></conditions></line><line number="62" hits="3" branch="true" condition-coverage="50% (1/2)"><conditions><condition number="0" type="jump" coverage="50%"/></conditions></line><line number="63" hits="3" branch="false"/><line number="64" hits="3" branch="false"/><line number="65" hits="3" branch="false"/><line number="67" hits="3" branch="true" condition-coverage="37% (6/16)"><conditions><condition number="0" type="jump" coverage="37%"/></conditions></line><line number="68" hits="3" branch="true" condition-coverage="35% (5/14)"><conditions><condition number="0" type="jump" coverage="35%"/></conditions></line><line number="70" hits="3" branch="true" condition-coverage="35% (5/14)"><conditions><condition number="0" type="jump" coverage="35%"/></conditions></line><line number="72" hits="3" branch="true" condition-coverage="35% (5/14)"><conditions><condition number="0" type="jump" coverage="35%"/></conditions></line><line number="73" hits="6" branch="false"/><line number="74" hits="6" branch="false"/><line number="76" hits="6" branch="false"/><line number="80" hits="6" branch="false"/><line number="81" hits="6" branch="false"/><line number="82" hits="6" branch="false"/><line number="83" hits="6" branch="false"/><line number="85" hits="6" branch="false"/><line number="86" hits="6" branch="false"/><line number="88" hits="6" branch="false"/><line number="89" hits="6" branch="false"/><line number="91" hits="6" branch="true" condition-coverage="66% (4/6)"><conditions><condition number="0" type="jump" coverage="66%"/></conditions></line><line number="93" hits="3" branch="true" condition-coverage="37% (6/16)"><conditions><condition number="0" type="jump" coverage="37%"/></conditions></line><line number="94" hits="6" branch="false"/><line number="96" hits="6" branch="true" condition-coverage="66% (4/6)"><conditions><condition number="0" type="jump" coverage="66%"/></conditions></line><line number="98" hits="3" branch="true" condition-coverage="50% (1/2)"><conditions><condition number="0" type="jump" coverage="50%"/></conditions></line><line number="99" hits="3" branch="true" condition-coverage="35% (5/14)"><conditions><condition number="0" type="jump" coverage="35%"/></conditions></line><line number="100" hits="3" branch="true" condition-coverage="33% (4/12)"><conditions><condition number="0" type="jump" coverage="33%"/></conditions></line><line number="101" hits="3" branch="true" condition-coverage="35% (5/14)"><conditions><condition number="0" type="jump" coverage="35%"/></conditions></line><line number="102" hits="3" branch="true" condition-coverage="33% (4/12)"><conditions><condition number="0" type="jump" coverage="33%"/></conditions></line><line number="103" hits="3" branch="true" condition-coverage="35% (5/14)"><conditions><condition number="0" type="jump" coverage="35%"/></conditions></line><line number="104" hits="3" branch="true" condition-coverage="50% (1/2)"><conditions><condition number="0" type="jump" coverage="50%"/></conditions></line><line number="105" hits="3" branch="false"/><line number="107" hits="3" branch="true" condition-coverage="37% (6/16)"><conditions><condition number="0" type="jump" coverage="37%"/></conditions></line><line number="108" hits="3" branch="true" condition-coverage="35% (5/14)"><conditions><condition number="0" type="jump" coverage="35%"/></conditions></line><line number="110" hits="3" branch="true" condition-coverage="35% (5/14)"><conditions><condition number="0" type="jump" coverage="35%"/></conditions></line><line number="111" hits="6" branch="false"/><line number="112" hits="6" branch="false"/><line number="114" hits="6" branch="false"/><line number="118" hits="6" branch="false"/><line number="119" hits="6" branch="false"/><line number="120" hits="6" branch="false"/><line number="121" hits="6" branch="false"/><line number="123" hits="6" branch="false"/><line number="124" hits="6" branch="false"/><line number="126" hits="6" branch="false"/><line number="127" hits="6" branch="false"/><line number="129" hits="6" branch="true" condition-coverage="66% (4/6)"><conditions><condition number="0" type="jump" coverage="66%"/></conditions></line><line number="131" hits="3" branch="true" condition-coverage="37% (6/16)"><conditions><condition number="0" type="jump" coverage="37%"/></conditions></line><line number="132" hits="6" branch="false"/><line number="134" hits="6" branch="true" condition-coverage="66% (4/6)"><conditions><condition number="0" type="jump" coverage="66%"/></conditions></line><line number="136" hits="3" branch="true" condition-coverage="50% (1/2)"><conditions><condition number="0" type="jump" coverage="50%"/></conditions></line><line number="137" hits="3" branch="true" condition-coverage="35% (5/14)"><conditions><condition number="0" type="jump" coverage="35%"/></conditions></line><line number="138" hits="3" branch="true" condition-coverage="33% (4/12)"><conditions><condition number="0" type="jump" coverage="33%"/></conditions></line><line number="139" hits="3" branch="true" condition-coverage="35% (5/14)"><conditions><condition number="0" type="jump" coverage="35%"/></conditions></line><line number="140" hits="3" branch="true" condition-coverage="33% (4/12)"><conditions><condition number="0" type="jump" coverage="33%"/></conditions></line><line number="141" hits="3" branch="true" condition-coverage="35% (5/14)"><conditions><condition number="0" type="jump" coverage="35%"/></conditions></line><line number="143" hits="3" branch="true" condition-coverage="50% (1/2)"><conditions><condition number="0" type="jump" coverage="50%"/></conditions></line><line number="144" hits="3" branch="false"/><line number="146" hits="3" branch="true" condition-coverage="37% (6/16)"><conditions><condition number="0" type="jump" coverage="37%"/></conditions></line><line number="147" hits="3" branch="true" condition-coverage="35% (5/14)"><conditions><condition number="0" type="jump" coverage="35%"/></conditions></line><line number="149" hits="3" branch="true" condition-coverage="35% (5/14)"><conditions><condition number="0" type="jump" coverage="35%"/></conditions></line><line number="150" hits="6" branch="false"/><line number="151" hits="6" branch="false"/></lines></class><class name="test_image_cpp" filename="test/op/test_image.cpp" line-rate="0.9097222222222222" branch-rate="0.35773480662983426" complexity="0.0"><methods/><lines><line number="37" hits="15" branch="false"/><line number="40" hits="15" branch="false"/><line number="42" hits="15" branch="true" condition-coverage="50% (1/2)"><conditions><condition number="0" type="jump" coverage="50%"/></conditions></line><line number="43" hits="15" branch="true" condition-coverage="50% (1/2)"><conditions><condition number="0" type="jump" coverage="50%"/></conditions></line><line number="44" hits="0" branch="true" condition-coverage="0% (0/2)"><conditions><condition number="0" type="jump" coverage="0%"/></conditions></line><line number="45" hits="0" branch="false"/><line number="49" hits="15" branch="false"/><line number="50" hits="15" branch="true" condition-coverage="50% (1/2)"><conditions><condition number="0" type="jump" coverage="50%"/></conditions></line><line number="52" hits="15" branch="false"/><line number="53" hits="15" branch="true" condition-coverage="50% (1/2)"><conditions><condition number="0" type="jump" coverage="50%"/></conditions></line><line number="54" hits="0" branch="true" condition-coverage="0% (0/2)"><conditions><condition number="0" type="jump" coverage="0%"/></conditions></line><line number="55" hits="0" branch="false"/><line number="59" hits="15" branch="true" condition-coverage="50% (1/2)"><conditions><condition number="0" type="jump" coverage="50%"/></conditions></line><line number="60" hits="15" branch="true" condition-coverage="50% (1/2)"><conditions><condition number="0" type="jump" coverage="50%"/></conditions></line><line number="61" hits="0" branch="true" condition-coverage="0% (0/2)"><conditions><condition number="0" type="jump" coverage="0%"/></conditions></line><line number="62" hits="0" branch="false"/><line number="64" hits="15" branch="false"/><line number="65" hits="15" branch="true" condition-coverage="50% (1/2)"><conditions><condition number="0" type="jump" coverage="50%"/></conditions></line><line number="67" hits="15" branch="true" condition-coverage="50% (1/2)"><conditions><condition number="0" type="jump" coverage="50%"/></conditions></line><line number="68" hits="0" branch="true" condition-coverage="0% (0/2)"><conditions><condition number="0" type="jump" coverage="0%"/></conditions></line><line number="69" hits="0" branch="false"/><line number="72" hits="15" branch="false"/><line number="73" hits="15" branch="false"/><line number="74" hits="15" branch="true" condition-coverage="50% (1/2)"><conditions><condition number="0" type="jump" coverage="50%"/></conditions></line><line number="76" hits="15" branch="false"/><line number="78" hits="0" branch="false"/><line number="79" hits="0" branch="true" condition-coverage="0% (0/2)"><conditions><condition number="0" type="jump" coverage="0%"/></conditions></line><line number="80" hits="0" branch="false"/><line number="81" hits="0" branch="false"/><line number="82" hits="0" branch="false"/><line number="85" hits="3" branch="false"/><line number="87" hits="3" branch="false"/><line number="90" hits="3" branch="false"/><line number="94" hits="3" branch="false"/><line number="95" hits="3" branch="false"/><line number="96" hits="3" branch="false"/><line number="97" hits="3" branch="false"/><line number="99" hits="3" branch="true" condition-coverage="50% (1/2)"><conditions><condition number="0" type="jump" coverage="50%"/></conditions></line><line number="100" hits="3" branch="true" condition-coverage="35% (5/14)"><conditions><condition number="0" type="jump" coverage="35%"/></conditions></line><line number="101" hits="3" branch="true" condition-coverage="33% (4/12)"><conditions><condition number="0" type="jump" coverage="33%"/></conditions></line><line number="102" hits="3" branch="true" condition-coverage="35% (5/14)"><conditions><condition number="0" type="jump" coverage="35%"/></conditions></line><line number="103" hits="3" branch="true" condition-coverage="33% (4/12)"><conditions><condition number="0" type="jump" coverage="33%"/></conditions></line><line number="104" hits="3" branch="true" condition-coverage="35% (5/14)"><conditions><condition number="0" type="jump" coverage="35%"/></conditions></line><line number="106" hits="3" branch="true" condition-coverage="50% (1/2)"><conditions><condition number="0" type="jump" coverage="50%"/></conditions></line><line number="107" hits="3" branch="true" condition-coverage="35% (5/14)"><conditions><condition number="0" type="jump" coverage="35%"/></conditions></line><line number="108" hits="3" branch="true" condition-coverage="33% (4/12)"><conditions><condition number="0" type="jump" coverage="33%"/></conditions></line><line number="109" hits="3" branch="true" condition-coverage="33% (4/12)"><conditions><condition number="0" type="jump" coverage="33%"/></conditions></line><line number="111" hits="3" branch="true" condition-coverage="50% (1/2)"><conditions><condition number="0" type="jump" coverage="50%"/></conditions></line><line number="115" hits="3" branch="true" condition-coverage="50% (1/2)"><conditions><condition number="0" type="jump" coverage="50%"/></conditions></line><line number="117" hits="3" branch="true" condition-coverage="50% (1/2)"><conditions><condition number="0" type="jump" coverage="50%"/></conditions></line><line number="118" hits="3" branch="true" condition-coverage="35% (5/14)"><conditions><condition number="0" type="jump" coverage="35%"/></conditions></line><line number="119" hits="3" branch="false"/><line number="121" hits="3" branch="false"/><line number="124" hits="3" branch="false"/><line number="127" hits="3" branch="false"/><line number="131" hits="3" branch="false"/><line number="132" hits="3" branch="false"/><line number="133" hits="3" branch="false"/><line number="134" hits="3" branch="false"/><line number="136" hits="3" branch="true" condition-coverage="50% (1/2)"><conditions><condition number="0" type="jump" coverage="50%"/></conditions></line><line number="137" hits="3" branch="true" condition-coverage="35% (5/14)"><conditions><condition number="0" type="jump" coverage="35%"/></conditions></line><line number="138" hits="3" branch="true" condition-coverage="33% (4/12)"><conditions><condition number="0" type="jump" coverage="33%"/></conditions></line><line number="139" hits="3" branch="true" condition-coverage="35% (5/14)"><conditions><condition number="0" type="jump" coverage="35%"/></conditions></line><line number="140" hits="3" branch="true" condition-coverage="33% (4/12)"><conditions><condition number="0" type="jump" coverage="33%"/></conditions></line><line number="141" hits="3" branch="true" condition-coverage="35% (5/14)"><conditions><condition number="0" type="jump" coverage="35%"/></conditions></line><line number="143" hits="3" branch="true" condition-coverage="50% (1/2)"><conditions><condition number="0" type="jump" coverage="50%"/></conditions></line><line number="144" hits="3" branch="true" condition-coverage="35% (5/14)"><conditions><condition number="0" type="jump" coverage="35%"/></conditions></line><line number="145" hits="3" branch="true" condition-coverage="33% (4/12)"><conditions><condition number="0" type="jump" coverage="33%"/></conditions></line><line number="146" hits="3" branch="true" condition-coverage="33% (4/12)"><conditions><condition number="0" type="jump" coverage="33%"/></conditions></line><line number="148" hits="3" branch="true" condition-coverage="50% (1/2)"><conditions><condition number="0" type="jump" coverage="50%"/></conditions></line><line number="150" hits="3" branch="true" condition-coverage="35% (5/14)"><conditions><condition number="0" type="jump" coverage="35%"/></conditions></line><line number="151" hits="3" branch="true" condition-coverage="50% (1/2)"><conditions><condition number="0" type="jump" coverage="50%"/></conditions></line><line number="153" hits="3" branch="true" condition-coverage="50% (1/2)"><conditions><condition number="0" type="jump" coverage="50%"/></conditions></line><line number="154" hits="3" branch="true" condition-coverage="35% (5/14)"><conditions><condition number="0" type="jump" coverage="35%"/></conditions></line><line number="155" hits="3" branch="false"/><line number="156" hits="3" branch="false"/><line number="159" hits="3" branch="false"/><line number="162" hits="3" branch="false"/><line number="166" hits="3" branch="false"/><line number="167" hits="3" branch="false"/><line number="168" hits="3" branch="false"/><line number="169" hits="3" branch="false"/><line number="171" hits="3" branch="true" condition-coverage="50% (1/2)"><conditions><condition number="0" type="jump" coverage="50%"/></conditions></line><line number="172" hits="3" branch="true" condition-coverage="35% (5/14)"><conditions><condition number="0" type="jump" coverage="35%"/></conditions></line><line number="173" hits="3" branch="true" condition-coverage="33% (4/12)"><conditions><condition number="0" type="jump" coverage="33%"/></conditions></line><line number="174" hits="3" branch="true" condition-coverage="35% (5/14)"><conditions><condition number="0" type="jump" coverage="35%"/></conditions></line><line number="175" hits="3" branch="true" condition-coverage="33% (4/12)"><conditions><condition number="0" type="jump" coverage="33%"/></conditions></line><line number="176" hits="3" branch="true" condition-coverage="35% (5/14)"><conditions><condition number="0" type="jump" coverage="35%"/></conditions></line><line number="178" hits="3" branch="true" condition-coverage="50% (1/2)"><conditions><condition number="0" type="jump" coverage="50%"/></conditions></line><line number="179" hits="3" branch="true" condition-coverage="35% (5/14)"><conditions><condition number="0" type="jump" coverage="35%"/></conditions></line><line number="180" hits="3" branch="true" condition-coverage="33% (4/12)"><conditions><condition number="0" type="jump" coverage="33%"/></conditions></line><line number="181" hits="3" branch="true" condition-coverage="33% (4/12)"><conditions><condition number="0" type="jump" coverage="33%"/></conditions></line><line number="183" hits="3" branch="true" condition-coverage="50% (1/2)"><conditions><condition number="0" type="jump" coverage="50%"/></conditions></line><line number="185" hits="3" branch="true" condition-coverage="35% (5/14)"><conditions><condition number="0" type="jump" coverage="35%"/></conditions></line><line number="186" hits="3" branch="true" condition-coverage="50% (1/2)"><conditions><condition number="0" type="jump" coverage="50%"/></conditions></line><line number="188" hits="3" branch="true" condition-coverage="50% (1/2)"><conditions><condition number="0" type="jump" coverage="50%"/></conditions></line><line number="189" hits="3" branch="true" condition-coverage="35% (5/14)"><conditions><condition number="0" type="jump" coverage="35%"/></conditions></line><line number="190" hits="3" branch="false"/><line number="192" hits="3" branch="false"/><line number="195" hits="3" branch="false"/><line number="198" hits="3" branch="false"/><line number="202" hits="3" branch="false"/><line number="203" hits="3" branch="false"/><line number="204" hits="3" branch="false"/><line number="205" hits="3" branch="false"/><line number="207" hits="3" branch="true" condition-coverage="50% (1/2)"><conditions><condition number="0" type="jump" coverage="50%"/></conditions></line><line number="208" hits="3" branch="true" condition-coverage="35% (5/14)"><conditions><condition number="0" type="jump" coverage="35%"/></conditions></line><line number="209" hits="3" branch="true" condition-coverage="33% (4/12)"><conditions><condition number="0" type="jump" coverage="33%"/></conditions></line><line number="210" hits="3" branch="true" condition-coverage="35% (5/14)"><conditions><condition number="0" type="jump" coverage="35%"/></conditions></line><line number="211" hits="3" branch="true" condition-coverage="33% (4/12)"><conditions><condition number="0" type="jump" coverage="33%"/></conditions></line><line number="212" hits="3" branch="true" condition-coverage="35% (5/14)"><conditions><condition number="0" type="jump" coverage="35%"/></conditions></line><line number="214" hits="3" branch="true" condition-coverage="50% (1/2)"><conditions><condition number="0" type="jump" coverage="50%"/></conditions></line><line number="215" hits="3" branch="true" condition-coverage="35% (5/14)"><conditions><condition number="0" type="jump" coverage="35%"/></conditions></line><line number="216" hits="3" branch="true" condition-coverage="33% (4/12)"><conditions><condition number="0" type="jump" coverage="33%"/></conditions></line><line number="217" hits="3" branch="true" condition-coverage="33% (4/12)"><conditions><condition number="0" type="jump" coverage="33%"/></conditions></line><line number="219" hits="3" branch="true" condition-coverage="50% (1/2)"><conditions><condition number="0" type="jump" coverage="50%"/></conditions></line><line number="221" hits="3" branch="true" condition-coverage="35% (5/14)"><conditions><condition number="0" type="jump" coverage="35%"/></conditions></line><line number="222" hits="3" branch="true" condition-coverage="50% (1/2)"><conditions><condition number="0" type="jump" coverage="50%"/></conditions></line><line number="224" hits="3" branch="true" condition-coverage="50% (1/2)"><conditions><condition number="0" type="jump" coverage="50%"/></conditions></line><line number="225" hits="3" branch="true" condition-coverage="35% (5/14)"><conditions><condition number="0" type="jump" coverage="35%"/></conditions></line><line number="226" hits="3" branch="false"/><line number="228" hits="3" branch="false"/><line number="231" hits="3" branch="false"/><line number="234" hits="3" branch="false"/><line number="238" hits="3" branch="false"/><line number="239" hits="3" branch="false"/><line number="240" hits="3" branch="false"/><line number="241" hits="3" branch="false"/><line number="243" hits="3" branch="true" condition-coverage="50% (1/2)"><conditions><condition number="0" type="jump" coverage="50%"/></conditions></line><line number="244" hits="3" branch="true" condition-coverage="35% (5/14)"><conditions><condition number="0" type="jump" coverage="35%"/></conditions></line><line number="245" hits="3" branch="true" condition-coverage="33% (4/12)"><conditions><condition number="0" type="jump" coverage="33%"/></conditions></line><line number="246" hits="3" branch="true" condition-coverage="35% (5/14)"><conditions><condition number="0" type="jump" coverage="35%"/></conditions></line><line number="247" hits="3" branch="true" condition-coverage="33% (4/12)"><conditions><condition number="0" type="jump" coverage="33%"/></conditions></line><line number="248" hits="3" branch="true" condition-coverage="35% (5/14)"><conditions><condition number="0" type="jump" coverage="35%"/></conditions></line><line number="250" hits="3" branch="true" condition-coverage="50% (1/2)"><conditions><condition number="0" type="jump" coverage="50%"/></conditions></line><line number="251" hits="3" branch="true" condition-coverage="35% (5/14)"><conditions><condition number="0" type="jump" coverage="35%"/></conditions></line><line number="252" hits="3" branch="true" condition-coverage="33% (4/12)"><conditions><condition number="0" type="jump" coverage="33%"/></conditions></line><line number="253" hits="3" branch="true" condition-coverage="33% (4/12)"><conditions><condition number="0" type="jump" coverage="33%"/></conditions></line><line number="255" hits="3" branch="true" condition-coverage="50% (1/2)"><conditions><condition number="0" type="jump" coverage="50%"/></conditions></line><line number="257" hits="3" branch="true" condition-coverage="35% (5/14)"><conditions><condition number="0" type="jump" coverage="35%"/></conditions></line><line number="258" hits="3" branch="true" condition-coverage="50% (1/2)"><conditions><condition number="0" type="jump" coverage="50%"/></conditions></line><line number="260" hits="3" branch="true" condition-coverage="50% (1/2)"><conditions><condition number="0" type="jump" coverage="50%"/></conditions></line><line number="261" hits="3" branch="true" condition-coverage="35% (5/14)"><conditions><condition number="0" type="jump" coverage="35%"/></conditions></line><line number="262" hits="3" branch="false"/></lines></class><class name="test_image_generic_cpp" filename="test/op/test_image_generic.cpp" line-rate="0.9047619047619048" branch-rate="0.3283582089552239" complexity="0.0"><methods/><lines><line number="36" hits="15" branch="false"/><line number="39" hits="15" branch="false"/><line number="41" hits="15" branch="true" condition-coverage="50% (1/2)"><conditions><condition number="0" type="jump" coverage="50%"/></conditions></line><line number="42" hits="15" branch="true" condition-coverage="50% (1/2)"><conditions><condition number="0" type="jump" coverage="50%"/></conditions></line><line number="43" hits="0" branch="true" condition-coverage="0% (0/2)"><conditions><condition number="0" type="jump" coverage="0%"/></conditions></line><line number="44" hits="0" branch="false"/><line number="48" hits="15" branch="false"/><line number="49" hits="15" branch="true" condition-coverage="50% (1/2)"><conditions><condition number="0" type="jump" coverage="50%"/></conditions></line><line number="51" hits="15" branch="false"/><line number="52" hits="15" branch="true" condition-coverage="50% (1/2)"><conditions><condition number="0" type="jump" coverage="50%"/></conditions></line><line number="53" hits="0" branch="true" condition-coverage="0% (0/2)"><conditions><condition number="0" type="jump" coverage="0%"/></conditions></line><line number="54" hits="0" branch="false"/><line number="58" hits="15" branch="true" condition-coverage="50% (1/2)"><conditions><condition number="0" type="jump" coverage="50%"/></conditions></line><line number="59" hits="15" branch="true" condition-coverage="50% (1/2)"><conditions><condition number="0" type="jump" coverage="50%"/></conditions></line><line number="60" hits="0" branch="true" condition-coverage="0% (0/2)"><conditions><condition number="0" type="jump" coverage="0%"/></conditions></line><line number="61" hits="0" branch="false"/><line number="63" hits="15" branch="false"/><line number="64" hits="15" branch="true" condition-coverage="50% (1/2)"><conditions><condition number="0" type="jump" coverage="50%"/></conditions></line><line number="66" hits="15" branch="true" condition-coverage="50% (1/2)"><conditions><condition number="0" type="jump" coverage="50%"/></conditions></line><line number="67" hits="0" branch="true" condition-coverage="0% (0/2)"><conditions><condition number="0" type="jump" coverage="0%"/></conditions></line><line number="68" hits="0" branch="false"/><line number="71" hits="15" branch="false"/><line number="72" hits="15" branch="false"/><line number="73" hits="15" branch="true" condition-coverage="50% (1/2)"><conditions><condition number="0" type="jump" coverage="50%"/></conditions></line><line number="75" hits="15" branch="false"/><line number="77" hits="0" branch="false"/><line number="78" hits="0" branch="true" condition-coverage="0% (0/2)"><conditions><condition number="0" type="jump" coverage="0%"/></conditions></line><line number="79" hits="0" branch="false"/><line number="80" hits="0" branch="false"/><line number="81" hits="0" branch="false"/><line number="85" hits="3" branch="false"/><line number="87" hits="3" branch="false"/><line number="90" hits="3" branch="false"/><line number="94" hits="3" branch="false"/><line number="95" hits="3" branch="false"/><line number="96" hits="3" branch="false"/><line number="97" hits="3" branch="false"/><line number="99" hits="3" branch="true" condition-coverage="50% (1/2)"><conditions><condition number="0" type="jump" coverage="50%"/></conditions></line><line number="100" hits="3" branch="true" condition-coverage="35% (5/14)"><conditions><condition number="0" type="jump" coverage="35%"/></conditions></line><line number="101" hits="3" branch="true" condition-coverage="33% (4/12)"><conditions><condition number="0" type="jump" coverage="33%"/></conditions></line><line number="102" hits="3" branch="true" condition-coverage="35% (5/14)"><conditions><condition number="0" type="jump" coverage="35%"/></conditions></line><line number="103" hits="3" branch="true" condition-coverage="33% (4/12)"><conditions><condition number="0" type="jump" coverage="33%"/></conditions></line><line number="104" hits="3" branch="true" condition-coverage="35% (5/14)"><conditions><condition number="0" type="jump" coverage="35%"/></conditions></line><line number="106" hits="3" branch="true" condition-coverage="50% (1/2)"><conditions><condition number="0" type="jump" coverage="50%"/></conditions></line><line number="107" hits="3" branch="true" condition-coverage="35% (5/14)"><conditions><condition number="0" type="jump" coverage="35%"/></conditions></line><line number="108" hits="3" branch="true" condition-coverage="33% (4/12)"><conditions><condition number="0" type="jump" coverage="33%"/></conditions></line><line number="109" hits="3" branch="true" condition-coverage="33% (4/12)"><conditions><condition number="0" type="jump" coverage="33%"/></conditions></line><line number="111" hits="3" branch="false"/><line number="112" hits="3" branch="true" condition-coverage="50% (1/2)"><conditions><condition number="0" type="jump" coverage="50%"/></conditions></line><line number="113" hits="3" branch="false"/><line number="115" hits="0" branch="true" condition-coverage="0% (0/14)"><conditions><condition number="0" type="jump" coverage="0%"/></conditions></line><line number="118" hits="3" branch="false"/><line number="119" hits="3" branch="false"/><line number="122" hits="3" branch="false"/><line number="124" hits="3" branch="false"/><line number="127" hits="3" branch="false"/><line number="129" hits="3" branch="true" condition-coverage="50% (1/2)"><conditions><condition number="0" type="jump" coverage="50%"/></conditions></line><line number="131" hits="3" branch="true" condition-coverage="50% (1/2)"><conditions><condition number="0" type="jump" coverage="50%"/></conditions></line><line number="133" hits="3" branch="true" condition-coverage="50% (1/2)"><conditions><condition number="0" type="jump" coverage="50%"/></conditions></line><line number="134" hits="3" branch="true" condition-coverage="35% (5/14)"><conditions><condition number="0" type="jump" coverage="35%"/></conditions></line><line number="135" hits="3" branch="false"/><line number="137" hits="3" branch="false"/><line number="139" hits="3" branch="false"/><line number="142" hits="3" branch="false"/><line number="146" hits="3" branch="false"/><line number="147" hits="3" branch="false"/><line number="148" hits="3" branch="false"/><line number="149" hits="3" branch="false"/><line number="151" hits="3" branch="true" condition-coverage="50% (1/2)"><conditions><condition number="0" type="jump" coverage="50%"/></conditions></line><line number="152" hits="3" branch="true" condition-coverage="35% (5/14)"><conditions><condition number="0" type="jump" coverage="35%"/></conditions></line><line number="153" hits="3" branch="true" condition-coverage="33% (4/12)"><conditions><condition number="0" type="jump" coverage="33%"/></conditions></line><line number="154" hits="3" branch="true" condition-coverage="35% (5/14)"><conditions><condition number="0" type="jump" coverage="35%"/></conditions></line><line number="155" hits="3" branch="true" condition-coverage="33% (4/12)"><conditions><condition number="0" type="jump" coverage="33%"/></conditions></line><line number="156" hits="3" branch="true" condition-coverage="35% (5/14)"><conditions><condition number="0" type="jump" coverage="35%"/></conditions></line><line number="158" hits="3" branch="true" condition-coverage="50% (1/2)"><conditions><condition number="0" type="jump" coverage="50%"/></conditions></line><line number="159" hits="3" branch="true" condition-coverage="35% (5/14)"><conditions><condition number="0" type="jump" coverage="35%"/></conditions></line><line number="160" hits="3" branch="true" condition-coverage="33% (4/12)"><conditions><condition number="0" type="jump" coverage="33%"/></conditions></line><line number="161" hits="3" branch="true" condition-coverage="33% (4/12)"><conditions><condition number="0" type="jump" coverage="33%"/></conditions></line><line number="163" hits="3" branch="false"/><line number="164" hits="3" branch="true" condition-coverage="50% (1/2)"><conditions><condition number="0" type="jump" coverage="50%"/></conditions></line><line number="165" hits="3" branch="false"/><line number="167" hits="0" branch="true" condition-coverage="0% (0/14)"><conditions><condition number="0" type="jump" coverage="0%"/></conditions></line><line number="170" hits="3" branch="false"/><line number="171" hits="3" branch="false"/><line number="174" hits="3" branch="false"/><line number="176" hits="3" branch="false"/><line number="178" hits="3" branch="false"/><line number="180" hits="3" branch="true" condition-coverage="50% (1/2)"><conditions><condition number="0" type="jump" coverage="50%"/></conditions></line><line number="181" hits="3" branch="true" condition-coverage="35% (5/14)"><conditions><condition number="0" type="jump" coverage="35%"/></conditions></line><line number="182" hits="3" branch="true" condition-coverage="50% (1/2)"><conditions><condition number="0" type="jump" coverage="50%"/></conditions></line><line number="184" hits="3" branch="true" condition-coverage="50% (1/2)"><conditions><condition number="0" type="jump" coverage="50%"/></conditions></line><line number="185" hits="3" branch="true" condition-coverage="35% (5/14)"><conditions><condition number="0" type="jump" coverage="35%"/></conditions></line><line number="186" hits="3" branch="false"/><line number="188" hits="3" branch="false"/><line number="191" hits="3" branch="false"/><line number="194" hits="3" branch="false"/><line number="198" hits="3" branch="false"/><line number="199" hits="3" branch="false"/><line number="200" hits="3" branch="false"/><line number="201" hits="3" branch="false"/><line number="203" hits="3" branch="true" condition-coverage="50% (1/2)"><conditions><condition number="0" type="jump" coverage="50%"/></conditions></line><line number="204" hits="3" branch="true" condition-coverage="35% (5/14)"><conditions><condition number="0" type="jump" coverage="35%"/></conditions></line><line number="205" hits="3" branch="true" condition-coverage="33% (4/12)"><conditions><condition number="0" type="jump" coverage="33%"/></conditions></line><line number="206" hits="3" branch="true" condition-coverage="35% (5/14)"><conditions><condition number="0" type="jump" coverage="35%"/></conditions></line><line number="207" hits="3" branch="true" condition-coverage="33% (4/12)"><conditions><condition number="0" type="jump" coverage="33%"/></conditions></line><line number="208" hits="3" branch="true" condition-coverage="35% (5/14)"><conditions><condition number="0" type="jump" coverage="35%"/></conditions></line><line number="210" hits="3" branch="true" condition-coverage="50% (1/2)"><conditions><condition number="0" type="jump" coverage="50%"/></conditions></line><line number="211" hits="3" branch="true" condition-coverage="35% (5/14)"><conditions><condition number="0" type="jump" coverage="35%"/></conditions></line><line number="212" hits="3" branch="true" condition-coverage="33% (4/12)"><conditions><condition number="0" type="jump" coverage="33%"/></conditions></line><line number="213" hits="3" branch="true" condition-coverage="33% (4/12)"><conditions><condition number="0" type="jump" coverage="33%"/></conditions></line><line number="215" hits="3" branch="false"/><line number="216" hits="3" branch="true" condition-coverage="50% (1/2)"><conditions><condition number="0" type="jump" coverage="50%"/></conditions></line><line number="217" hits="3" branch="false"/><line number="219" hits="0" branch="true" condition-coverage="0% (0/14)"><conditions><condition number="0" type="jump" coverage="0%"/></conditions></line><line number="222" hits="3" branch="false"/><line number="223" hits="3" branch="false"/><line number="226" hits="3" branch="false"/><line number="227" hits="3" branch="false"/><line number="229" hits="3" branch="false"/><line number="231" hits="3" branch="true" condition-coverage="50% (1/2)"><conditions><condition number="0" type="jump" coverage="50%"/></conditions></line><line number="232" hits="3" branch="true" condition-coverage="35% (5/14)"><conditions><condition number="0" type="jump" coverage="35%"/></conditions></line><line number="234" hits="3" branch="true" condition-coverage="50% (1/2)"><conditions><condition number="0" type="jump" coverage="50%"/></conditions></line><line number="236" hits="3" branch="true" condition-coverage="50% (1/2)"><conditions><condition number="0" type="jump" coverage="50%"/></conditions></line><line number="237" hits="3" branch="true" condition-coverage="35% (5/14)"><conditions><condition number="0" type="jump" coverage="35%"/></conditions></line><line number="238" hits="3" branch="false"/><line number="240" hits="3" branch="false"/><line number="243" hits="3" branch="false"/><line number="246" hits="3" branch="false"/><line number="250" hits="3" branch="false"/><line number="251" hits="3" branch="false"/><line number="252" hits="3" branch="false"/><line number="253" hits="3" branch="false"/><line number="255" hits="3" branch="true" condition-coverage="50% (1/2)"><conditions><condition number="0" type="jump" coverage="50%"/></conditions></line><line number="256" hits="3" branch="true" condition-coverage="35% (5/14)"><conditions><condition number="0" type="jump" coverage="35%"/></conditions></line><line number="257" hits="3" branch="true" condition-coverage="33% (4/12)"><conditions><condition number="0" type="jump" coverage="33%"/></conditions></line><line number="258" hits="3" branch="true" condition-coverage="35% (5/14)"><conditions><condition number="0" type="jump" coverage="35%"/></conditions></line><line number="259" hits="3" branch="true" condition-coverage="33% (4/12)"><conditions><condition number="0" type="jump" coverage="33%"/></conditions></line><line number="260" hits="3" branch="true" condition-coverage="35% (5/14)"><conditions><condition number="0" type="jump" coverage="35%"/></conditions></line><line number="262" hits="3" branch="true" condition-coverage="50% (1/2)"><conditions><condition number="0" type="jump" coverage="50%"/></conditions></line><line number="263" hits="3" branch="true" condition-coverage="35% (5/14)"><conditions><condition number="0" type="jump" coverage="35%"/></conditions></line><line number="264" hits="3" branch="true" condition-coverage="33% (4/12)"><conditions><condition number="0" type="jump" coverage="33%"/></conditions></line><line number="265" hits="3" branch="true" condition-coverage="33% (4/12)"><conditions><condition number="0" type="jump" coverage="33%"/></conditions></line><line number="267" hits="3" branch="false"/><line number="268" hits="3" branch="true" condition-coverage="50% (1/2)"><conditions><condition number="0" type="jump" coverage="50%"/></conditions></line><line number="269" hits="3" branch="false"/><line number="271" hits="0" branch="true" condition-coverage="0% (0/14)"><conditions><condition number="0" type="jump" coverage="0%"/></conditions></line><line number="274" hits="3" branch="false"/><line number="275" hits="3" branch="false"/><line number="278" hits="3" branch="false"/><line number="279" hits="3" branch="false"/><line number="281" hits="3" branch="false"/><line number="283" hits="3" branch="true" condition-coverage="50% (1/2)"><conditions><condition number="0" type="jump" coverage="50%"/></conditions></line><line number="284" hits="3" branch="true" condition-coverage="35% (5/14)"><conditions><condition number="0" type="jump" coverage="35%"/></conditions></line><line number="285" hits="3" branch="true" condition-coverage="50% (1/2)"><conditions><condition number="0" type="jump" coverage="50%"/></conditions></line><line number="287" hits="3" branch="true" condition-coverage="50% (1/2)"><conditions><condition number="0" type="jump" coverage="50%"/></conditions></line><line number="288" hits="3" branch="true" condition-coverage="35% (5/14)"><conditions><condition number="0" type="jump" coverage="35%"/></conditions></line><line number="289" hits="3" branch="false"/><line number="291" hits="3" branch="false"/><line number="294" hits="3" branch="false"/><line number="297" hits="3" branch="false"/><line number="301" hits="3" branch="false"/><line number="302" hits="3" branch="false"/><line number="303" hits="3" branch="false"/><line number="304" hits="3" branch="false"/><line number="306" hits="3" branch="true" condition-coverage="50% (1/2)"><conditions><condition number="0" type="jump" coverage="50%"/></conditions></line><line number="307" hits="3" branch="true" condition-coverage="35% (5/14)"><conditions><condition number="0" type="jump" coverage="35%"/></conditions></line><line number="308" hits="3" branch="true" condition-coverage="33% (4/12)"><conditions><condition number="0" type="jump" coverage="33%"/></conditions></line><line number="309" hits="3" branch="true" condition-coverage="35% (5/14)"><conditions><condition number="0" type="jump" coverage="35%"/></conditions></line><line number="310" hits="3" branch="true" condition-coverage="33% (4/12)"><conditions><condition number="0" type="jump" coverage="33%"/></conditions></line><line number="311" hits="3" branch="true" condition-coverage="35% (5/14)"><conditions><condition number="0" type="jump" coverage="35%"/></conditions></line><line number="313" hits="3" branch="true" condition-coverage="50% (1/2)"><conditions><condition number="0" type="jump" coverage="50%"/></conditions></line><line number="314" hits="3" branch="true" condition-coverage="35% (5/14)"><conditions><condition number="0" type="jump" coverage="35%"/></conditions></line><line number="315" hits="3" branch="true" condition-coverage="33% (4/12)"><conditions><condition number="0" type="jump" coverage="33%"/></conditions></line><line number="316" hits="3" branch="true" condition-coverage="33% (4/12)"><conditions><condition number="0" type="jump" coverage="33%"/></conditions></line><line number="318" hits="3" branch="false"/><line number="319" hits="3" branch="true" condition-coverage="50% (1/2)"><conditions><condition number="0" type="jump" coverage="50%"/></conditions></line><line number="320" hits="3" branch="false"/><line number="322" hits="0" branch="true" condition-coverage="0% (0/14)"><conditions><condition number="0" type="jump" coverage="0%"/></conditions></line><line number="325" hits="3" branch="false"/><line number="326" hits="3" branch="false"/><line number="329" hits="3" branch="false"/><line number="330" hits="3" branch="false"/><line number="332" hits="3" branch="false"/><line number="334" hits="3" branch="true" condition-coverage="50% (1/2)"><conditions><condition number="0" type="jump" coverage="50%"/></conditions></line><line number="335" hits="3" branch="true" condition-coverage="35% (5/14)"><conditions><condition number="0" type="jump" coverage="35%"/></conditions></line><line number="336" hits="3" branch="true" condition-coverage="50% (1/2)"><conditions><condition number="0" type="jump" coverage="50%"/></conditions></line><line number="338" hits="3" branch="true" condition-coverage="50% (1/2)"><conditions><condition number="0" type="jump" coverage="50%"/></conditions></line><line number="339" hits="3" branch="true" condition-coverage="35% (5/14)"><conditions><condition number="0" type="jump" coverage="35%"/></conditions></line><line number="340" hits="3" branch="false"/></lines></class><class name="test_minmax_cpp" filename="test/op/test_minmax.cpp" line-rate="1.0" branch-rate="0.38392857142857145" complexity="0.0"><methods/><lines><line number="35" hits="3" branch="false"/><line number="38" hits="3" branch="false"/><line number="42" hits="3" branch="false"/><line number="43" hits="3" branch="true" condition-coverage="35% (5/14)"><conditions><condition number="0" type="jump" coverage="35%"/></conditions></line><line number="45" hits="3" branch="false"/><line number="46" hits="3" branch="true" condition-coverage="35% (5/14)"><conditions><condition number="0" type="jump" coverage="35%"/></conditions></line><line number="48" hits="3" branch="true" condition-coverage="50% (1/2)"><conditions><condition number="0" type="jump" coverage="50%"/></conditions></line><line number="49" hits="3" branch="true" condition-coverage="35% (5/14)"><conditions><condition number="0" type="jump" coverage="35%"/></conditions></line><line number="51" hits="786435" branch="true" condition-coverage="100% (2/2)"><conditions><condition number="0" type="jump" coverage="100%"/></conditions></line><line number="52" hits="786432" branch="true" condition-coverage="37% (6/16)"><conditions><condition number="0" type="jump" coverage="37%"/></conditions></line><line number="55" hits="3" branch="false"/><line number="56" hits="3" branch="true" condition-coverage="35% (5/14)"><conditions><condition number="0" type="jump" coverage="35%"/></conditions></line><line number="58" hits="3" branch="false"/><line number="59" hits="3" branch="false"/><line number="62" hits="3" branch="true" condition-coverage="37% (6/16)"><conditions><condition number="0" type="jump" coverage="37%"/></conditions></line><line number="65" hits="3" branch="false"/><line number="67" hits="3" branch="true" condition-coverage="50% (1/2)"><conditions><condition number="0" type="jump" coverage="50%"/></conditions></line><line number="70" hits="3" branch="false"/><line number="71" hits="3" branch="true" condition-coverage="35% (5/14)"><conditions><condition number="0" type="jump" coverage="35%"/></conditions></line><line number="73" hits="3" branch="false"/><line number="74" hits="3" branch="true" condition-coverage="50% (1/2)"><conditions><condition number="0" type="jump" coverage="50%"/></conditions></line><line number="76" hits="3" branch="true" condition-coverage="50% (1/2)"><conditions><condition number="0" type="jump" coverage="50%"/></conditions></line><line number="77" hits="3" branch="false"/><line number="78" hits="3" branch="false"/><line number="79" hits="3" branch="false"/><line number="81" hits="3" branch="false"/><line number="84" hits="3" branch="false"/><line number="88" hits="3" branch="false"/><line number="89" hits="3" branch="true" condition-coverage="35% (5/14)"><conditions><condition number="0" type="jump" coverage="35%"/></conditions></line><line number="91" hits="3" branch="false"/><line number="92" hits="3" branch="true" condition-coverage="35% (5/14)"><conditions><condition number="0" type="jump" coverage="35%"/></conditions></line><line number="94" hits="3" branch="true" condition-coverage="50% (1/2)"><conditions><condition number="0" type="jump" coverage="50%"/></conditions></line><line number="95" hits="3" branch="true" condition-coverage="35% (5/14)"><conditions><condition number="0" type="jump" coverage="35%"/></conditions></line><line number="97" hits="786435" branch="true" condition-coverage="100% (2/2)"><conditions><condition number="0" type="jump" coverage="100%"/></conditions></line><line number="98" hits="786432" branch="true" condition-coverage="37% (6/16)"><conditions><condition number="0" type="jump" coverage="37%"/></conditions></line><line number="101" hits="3" branch="false"/><line number="102" hits="3" branch="true" condition-coverage="35% (5/14)"><conditions><condition number="0" type="jump" coverage="35%"/></conditions></line><line number="104" hits="3" branch="false"/><line number="105" hits="3" branch="false"/><line number="108" hits="3" branch="true" condition-coverage="37% (6/16)"><conditions><condition number="0" type="jump" coverage="37%"/></conditions></line><line number="112" hits="3" branch="false"/><line number="113" hits="3" branch="false"/><line number="115" hits="3" branch="false"/><line number="119" hits="3" branch="false"/><line number="120" hits="3" branch="false"/><line number="121" hits="3" branch="false"/><line number="124" hits="3" branch="false"/><line number="125" hits="3" branch="false"/><line number="127" hits="3" branch="true" condition-coverage="50% (1/2)"><conditions><condition number="0" type="jump" coverage="50%"/></conditions></line><line number="129" hits="3" branch="false"/><line number="130" hits="3" branch="true" condition-coverage="35% (5/14)"><conditions><condition number="0" type="jump" coverage="35%"/></conditions></line><line number="132" hits="3" branch="false"/><line number="133" hits="3" branch="true" condition-coverage="50% (1/2)"><conditions><condition number="0" type="jump" coverage="50%"/></conditions></line><line number="135" hits="3" branch="true" condition-coverage="50% (1/2)"><conditions><condition number="0" type="jump" coverage="50%"/></conditions></line><line number="136" hits="3" branch="false"/><line number="137" hits="3" branch="false"/><line number="138" hits="3" branch="false"/></lines></class><class name="test_noop_cpp" filename="test/op/test_noop.cpp" line-rate="1.0" branch-rate="0.375" complexity="0.0"><methods/><lines><line number="18" hits="3" branch="false"/><line number="24" hits="3" branch="true" condition-coverage="50% (1/2)"><conditions><condition number="0" type="jump" coverage="50%"/></conditions></line><line number="25" hits="3" branch="true" condition-coverage="35% (5/14)"><conditions><condition number="0" type="jump" coverage="35%"/></conditions></line><line number="27" hits="3" branch="true" condition-coverage="50% (1/2)"><conditions><condition number="0" type="jump" coverage="50%"/></conditions></line><line number="28" hits="3" branch="true" condition-coverage="35% (5/14)"><conditions><condition number="0" type="jump" coverage="35%"/></conditions></line><line number="30" hits="3" branch="true" condition-coverage="50% (1/2)"><conditions><condition number="0" type="jump" coverage="50%"/></conditions></line><line number="31" hits="3" branch="true" condition-coverage="35% (5/14)"><conditions><condition number="0" type="jump" coverage="35%"/></conditions></line><line number="32" hits="3" branch="false"/></lines></class><class name="test_tf_interference_cpp" filename="test/op/test_tf_interference.cpp" line-rate="1.0" branch-rate="0.3872832369942196" complexity="0.0"><methods/><lines><line number="29" hits="3" branch="false"/><line number="35" hits="3" branch="false"/><line number="37" hits="3" branch="false"/><line number="38" hits="3" branch="false"/><line number="39" hits="3" branch="false"/><line number="40" hits="3" branch="false"/><line number="42" hits="3" branch="false"/><line number="43" hits="3" branch="false"/><line number="44" hits="3" branch="false"/><line number="46" hits="3" branch="true" condition-coverage="50% (1/2)"><conditions><condition number="0" type="jump" coverage="50%"/></conditions></line><line number="47" hits="3" branch="true" condition-coverage="35% (5/14)"><conditions><condition number="0" type="jump" coverage="35%"/></conditions></line><line number="48" hits="3" branch="true" condition-coverage="35% (5/14)"><conditions><condition number="0" type="jump" coverage="35%"/></conditions></line><line number="49" hits="3" branch="true" condition-coverage="37% (6/16)"><conditions><condition number="0" type="jump" coverage="37%"/></conditions></line><line number="50" hits="3" branch="true" condition-coverage="35% (5/14)"><conditions><condition number="0" type="jump" coverage="35%"/></conditions></line><line number="51" hits="3" branch="true" condition-coverage="50% (4/8)"><conditions><condition number="0" type="jump" coverage="50%"/></conditions></line><line number="53" hits="3" branch="true" condition-coverage="50% (1/2)"><conditions><condition number="0" type="jump" coverage="50%"/></conditions></line><line number="54" hits="3" branch="true" condition-coverage="35% (5/14)"><conditions><condition number="0" type="jump" coverage="35%"/></conditions></line><line number="55" hits="3" branch="true" condition-coverage="37% (6/16)"><conditions><condition number="0" type="jump" coverage="37%"/></conditions></line><line number="56" hits="3" branch="true" condition-coverage="35% (5/14)"><conditions><condition number="0" type="jump" coverage="35%"/></conditions></line><line number="57" hits="3" branch="true" condition-coverage="37% (6/16)"><conditions><condition number="0" type="jump" coverage="37%"/></conditions></line><line number="59" hits="3" branch="true" condition-coverage="50% (1/2)"><conditions><condition number="0" type="jump" coverage="50%"/></conditions></line><line number="60" hits="3" branch="true" condition-coverage="35% (5/14)"><conditions><condition number="0" type="jump" coverage="35%"/></conditions></line><line number="61" hits="3" branch="true" condition-coverage="37% (6/16)"><conditions><condition number="0" type="jump" coverage="37%"/></conditions></line><line number="62" hits="3" branch="true" condition-coverage="37% (6/16)"><conditions><condition number="0" type="jump" coverage="37%"/></conditions></line><line number="63" hits="3" branch="true" condition-coverage="35% (5/14)"><conditions><condition number="0" type="jump" coverage="35%"/></conditions></line><line number="64" hits="3" branch="true" condition-coverage="35% (5/14)"><conditions><condition number="0" type="jump" coverage="35%"/></conditions></line><line number="66" hits="3" branch="true" condition-coverage="50% (1/2)"><conditions><condition number="0" type="jump" coverage="50%"/></conditions></line><line number="68" hits="3" branch="true" condition-coverage="50% (1/2)"><conditions><condition number="0" type="jump" coverage="50%"/></conditions></line><line number="69" hits="3" branch="true" condition-coverage="35% (5/14)"><conditions><condition number="0" type="jump" coverage="35%"/></conditions></line><line number="70" hits="3" branch="true" condition-coverage="37% (6/16)"><conditions><condition number="0" type="jump" coverage="37%"/></conditions></line><line number="71" hits="3" branch="true" condition-coverage="35% (5/14)"><conditions><condition number="0" type="jump" coverage="35%"/></conditions></line><line number="72" hits="3" branch="true" condition-coverage="35% (5/14)"><conditions><condition number="0" type="jump" coverage="35%"/></conditions></line><line number="73" hits="3" branch="true" condition-coverage="35% (5/14)"><conditions><condition number="0" type="jump" coverage="35%"/></conditions></line><line number="75" hits="3" branch="true" condition-coverage="50% (1/2)"><conditions><condition number="0" type="jump" coverage="50%"/></conditions></line><line number="76" hits="3" branch="true" condition-coverage="35% (5/14)"><conditions><condition number="0" type="jump" coverage="35%"/></conditions></line><line number="78" hits="3" branch="false"/><line number="79" hits="3" branch="false"/><line number="81" hits="3" branch="false"/><line number="83" hits="3" branch="false"/><line number="85" hits="93" branch="true" condition-coverage="100% (2/2)"><conditions><condition number="0" type="jump" coverage="100%"/></conditions></line><line number="86" hits="90" branch="false"/><line number="88" hits="3" branch="true" condition-coverage="50% (1/2)"><conditions><condition number="0" type="jump" coverage="50%"/></conditions></line><line number="89" hits="3" branch="true" condition-coverage="33% (4/12)"><conditions><condition number="0" type="jump" coverage="33%"/></conditions></line><line number="91" hits="3" branch="false"/><line number="92" hits="3" branch="false"/><line number="94" hits="3" branch="false"/><line number="96" hits="3" branch="false"/><line number="99" hits="3" branch="true" condition-coverage="50% (1/2)"><conditions><condition number="0" type="jump" coverage="50%"/></conditions></line><line number="102" hits="3" branch="true" condition-coverage="35% (5/14)"><conditions><condition number="0" type="jump" coverage="35%"/></conditions></line><line number="104" hits="3" branch="true" condition-coverage="50% (1/2)"><conditions><condition number="0" type="jump" coverage="50%"/></conditions></line><line number="105" hits="3" branch="true" condition-coverage="50% (1/2)"><conditions><condition number="0" type="jump" coverage="50%"/></conditions></line><line number="106" hits="9" branch="true" condition-coverage="100% (2/2)"><conditions><condition number="0" type="jump" coverage="100%"/></conditions></line><line number="107" hits="6" branch="true" condition-coverage="50% (1/2)"><conditions><condition number="0" type="jump" coverage="50%"/></conditions></line><line number="109" hits="3" branch="true" condition-coverage="50% (1/2)"><conditions><condition number="0" type="jump" coverage="50%"/></conditions></line><line number="110" hits="3" branch="false"/><line number="111" hits="33" branch="true" condition-coverage="75% (3/4)"><conditions><condition number="0" type="jump" coverage="75%"/></conditions></line><line number="112" hits="30" branch="true" condition-coverage="50% (1/2)"><conditions><condition number="0" type="jump" coverage="50%"/></conditions></line><line number="113" hits="3" branch="false"/></lines></class><class name="test_tf_model_cpp" filename="test/op/test_tf_model.cpp" line-rate="0.8" branch-rate="0.36633663366336633" complexity="0.0"><methods/><lines><line number="28" hits="3" branch="false"/><line number="33" hits="3" branch="true" condition-coverage="50% (1/2)"><conditions><condition number="0" type="jump" coverage="50%"/></conditions></line><line number="34" hits="3" branch="true" condition-coverage="50% (1/2)"><conditions><condition number="0" type="jump" coverage="50%"/></conditions></line><line number="35" hits="0" branch="true" condition-coverage="0% (0/2)"><conditions><condition number="0" type="jump" coverage="0%"/></conditions></line><line number="36" hits="0" branch="false"/><line number="39" hits="3" branch="false"/><line number="40" hits="3" branch="true" condition-coverage="50% (1/2)"><conditions><condition number="0" type="jump" coverage="50%"/></conditions></line><line number="41" hits="0" branch="true" condition-coverage="0% (0/2)"><conditions><condition number="0" ty
[...]
><condition number="0" type="jump" coverage="35%"/></conditions></line><line number="185" hits="3" branch="true" condition-coverage="35% (5/14)"><conditions><condition number="0" type="jump" coverage="35%"/></conditions></line><line number="186" hits="3" branch="true" condition-coverage="35% (5/14)"><conditions><condition number="0" type="jump" coverage="35%"/></conditions></line><line number="188" hits="3" branch="true" condition-coverage="50% (1/2)"><conditions><condition number="0" type="jump" coverage="50%"/></conditions></line><line number="189" hits="3" branch="true" condition-coverage="33% (4/12)"><conditions><condition number="0" type="jump" coverage="33%"/></conditions></line><line number="191" hits="3" branch="true" condition-coverage="50% (1/2)"><conditions><condition number="0" type="jump" coverage="50%"/></conditions></line><line number="192" hits="3" branch="true" condition-coverage="35% (5/14)"><conditions><condition number="0" type="jump" coverage="35%"/></conditions></line><line number="194" hits="3" branch="true" condition-coverage="50% (1/2)"><conditions><condition number="0" type="jump" coverage="50%"/></conditions></line><line number="195" hits="3" branch="true" condition-coverage="35% (5/14)"><conditions><condition number="0" type="jump" coverage="35%"/></conditions></line><line number="197" hits="3" branch="false"/><line number="198" hits="3" branch="true" condition-coverage="50% (1/2)"><conditions><condition number="0" type="jump" coverage="50%"/></conditions></line><line number="199" hits="3" branch="true" condition-coverage="35% (5/14)"><conditions><condition number="0" type="jump" coverage="35%"/></conditions></line><line number="201" hits="3" branch="false"/><line number="202" hits="3" branch="true" condition-coverage="50% (1/2)"><conditions><condition number="0" type="jump" coverage="50%"/></conditions></line><line number="203" hits="3" branch="true" condition-coverage="35% (5/14)"><conditions><condition number="0" type="jump" coverage="35%"/></conditions></line><line number="204" hits="3" branch="true" condition-coverage="33% (4/12)"><conditions><condition number="0" type="jump" coverage="33%"/></conditions></line><line number="205" hits="3" branch="true" condition-coverage="35% (5/14)"><conditions><condition number="0" type="jump" coverage="35%"/></conditions></line><line number="206" hits="3" branch="true" condition-coverage="33% (4/12)"><conditions><condition number="0" type="jump" coverage="33%"/></conditions></line><line number="207" hits="3" branch="true" condition-coverage="35% (5/14)"><conditions><condition number="0" type="jump" coverage="35%"/></conditions></line><line number="209" hits="3" branch="true" condition-coverage="50% (1/2)"><conditions><condition number="0" type="jump" coverage="50%"/></conditions></line><line number="210" hits="3" branch="true" condition-coverage="33% (4/12)"><conditions><condition number="0" type="jump" coverage="33%"/></conditions></line><line number="212" hits="3" branch="true" condition-coverage="50% (1/2)"><conditions><condition number="0" type="jump" coverage="50%"/></conditions></line><line number="213" hits="3" branch="true" condition-coverage="35% (5/14)"><conditions><condition number="0" type="jump" coverage="35%"/></conditions></line><line number="215" hits="3" branch="true" condition-coverage="33% (4/12)"><conditions><condition number="0" type="jump" coverage="33%"/></conditions></line><line number="216" hits="3" branch="true" condition-coverage="35% (5/14)"><conditions><condition number="0" type="jump" coverage="35%"/></conditions></line><line number="217" hits="3" branch="true" condition-coverage="35% (5/14)"><conditions><condition number="0" type="jump" coverage="35%"/></conditions></line><line number="218" hits="3" branch="true" condition-coverage="35% (5/14)"><conditions><condition number="0" type="jump" coverage="35%"/></conditions></line><line number="220" hits="3" branch="true" condition-coverage="50% (1/2)"><conditions><condition number="0" type="jump" coverage="50%"/></conditions></line><line number="221" hits="3" branch="true" condition-coverage="35% (5/14)"><conditions><condition number="0" type="jump" coverage="35%"/></conditions></line><line number="222" hits="3" branch="false"/><line number="225" hits="3" branch="false"/><line number="229" hits="3" branch="false"/><line number="230" hits="3" branch="false"/><line number="231" hits="3" branch="false"/><line number="232" hits="3" branch="false"/><line number="234" hits="3" branch="false"/><line number="236" hits="3" branch="true" condition-coverage="50% (1/2)"><conditions><condition number="0" type="jump" coverage="50%"/></conditions></line><line number="237" hits="3" branch="true" condition-coverage="35% (5/14)"><conditions><condition number="0" type="jump" coverage="35%"/></conditions></line><line number="239" hits="3" branch="true" condition-coverage="50% (1/2)"><conditions><condition number="0" type="jump" coverage="50%"/></conditions></line><line number="240" hits="3" branch="true" condition-coverage="35% (5/14)"><conditions><condition number="0" type="jump" coverage="35%"/></conditions></line><line number="242" hits="3" branch="true" condition-coverage="50% (1/2)"><conditions><condition number="0" type="jump" coverage="50%"/></conditions></line><line number="243" hits="3" branch="true" condition-coverage="35% (5/14)"><conditions><condition number="0" type="jump" coverage="35%"/></conditions></line><line number="245" hits="3" branch="true" condition-coverage="35% (5/14)"><conditions><condition number="0" type="jump" coverage="35%"/></conditions></line><line number="246" hits="3" branch="true" condition-coverage="33% (4/12)"><conditions><condition number="0" type="jump" coverage="33%"/></conditions></line><line number="247" hits="3" branch="true" condition-coverage="35% (5/14)"><conditions><condition number="0" type="jump" coverage="35%"/></conditions></line><line number="248" hits="3" branch="true" condition-coverage="33% (4/12)"><conditions><condition number="0" type="jump" coverage="33%"/></conditions></line><line number="249" hits="3" branch="true" condition-coverage="35% (5/14)"><conditions><condition number="0" type="jump" coverage="35%"/></conditions></line><line number="251" hits="3" branch="true" condition-coverage="50% (1/2)"><conditions><condition number="0" type="jump" coverage="50%"/></conditions></line><line number="252" hits="3" branch="true" condition-coverage="35% (5/14)"><conditions><condition number="0" type="jump" coverage="35%"/></conditions></line><line number="253" hits="3" branch="true" condition-coverage="33% (4/12)"><conditions><condition number="0" type="jump" coverage="33%"/></conditions></line><line number="254" hits="3" branch="true" condition-coverage="35% (5/14)"><conditions><condition number="0" type="jump" coverage="35%"/></conditions></line><line number="255" hits="3" branch="true" condition-coverage="33% (4/12)"><conditions><condition number="0" type="jump" coverage="33%"/></conditions></line><line number="256" hits="3" branch="true" condition-coverage="35% (5/14)"><conditions><condition number="0" type="jump" coverage="35%"/></conditions></line><line number="258" hits="3" branch="true" condition-coverage="50% (1/2)"><conditions><condition number="0" type="jump" coverage="50%"/></conditions></line><line number="259" hits="3" branch="true" condition-coverage="35% (5/14)"><conditions><condition number="0" type="jump" coverage="35%"/></conditions></line><line number="260" hits="3" branch="true" condition-coverage="33% (4/12)"><conditions><condition number="0" type="jump" coverage="33%"/></conditions></line><line number="261" hits="3" branch="true" condition-coverage="35% (5/14)"><conditions><condition number="0" type="jump" coverage="35%"/></conditions></line><line number="262" hits="3" branch="true" condition-coverage="35% (5/14)"><conditions><condition number="0" type="jump" coverage="35%"/></conditions></line><line number="263" hits="3" branch="true" condition-coverage="35% (5/14)"><conditions><condition number="0" type="jump" coverage="35%"/></conditions></line><line number="265" hits="3" branch="true" condition-coverage="50% (1/2)"><conditions><condition number="0" type="jump" coverage="50%"/></conditions></line><line number="266" hits="3" branch="true" condition-coverage="35% (5/14)"><conditions><condition number="0" type="jump" coverage="35%"/></conditions></line><line number="267" hits="3" branch="true" condition-coverage="35% (5/14)"><conditions><condition number="0" type="jump" coverage="35%"/></conditions></line><line number="268" hits="3" branch="true" condition-coverage="33% (4/12)"><conditions><condition number="0" type="jump" coverage="33%"/></conditions></line><line number="269" hits="3" branch="true" condition-coverage="35% (5/14)"><conditions><condition number="0" type="jump" coverage="35%"/></conditions></line><line number="270" hits="3" branch="true" condition-coverage="33% (4/12)"><conditions><condition number="0" type="jump" coverage="33%"/></conditions></line><line number="271" hits="3" branch="true" condition-coverage="35% (5/14)"><conditions><condition number="0" type="jump" coverage="35%"/></conditions></line><line number="273" hits="3" branch="true" condition-coverage="50% (1/2)"><conditions><condition number="0" type="jump" coverage="50%"/></conditions></line><line number="274" hits="3" branch="true" condition-coverage="35% (5/14)"><conditions><condition number="0" type="jump" coverage="35%"/></conditions></line><line number="275" hits="3" branch="true" condition-coverage="33% (4/12)"><conditions><condition number="0" type="jump" coverage="33%"/></conditions></line><line number="276" hits="3" branch="true" condition-coverage="35% (5/14)"><conditions><condition number="0" type="jump" coverage="35%"/></conditions></line><line number="277" hits="3" branch="true" condition-coverage="35% (5/14)"><conditions><condition number="0" type="jump" coverage="35%"/></conditions></line><line number="278" hits="3" branch="true" condition-coverage="35% (5/14)"><conditions><condition number="0" type="jump" coverage="35%"/></conditions></line><line number="280" hits="3" branch="true" condition-coverage="50% (1/2)"><conditions><condition number="0" type="jump" coverage="50%"/></conditions></line><line number="281" hits="3" branch="true" condition-coverage="35% (5/14)"><conditions><condition number="0" type="jump" coverage="35%"/></conditions></line><line number="283" hits="3" branch="true" condition-coverage="50% (1/2)"><conditions><condition number="0" type="jump" coverage="50%"/></conditions></line><line number="284" hits="3" branch="true" condition-coverage="35% (5/14)"><conditions><condition number="0" type="jump" coverage="35%"/></conditions></line><line number="285" hits="3" branch="false"/><line number="289" hits="3" branch="false"/><line number="293" hits="3" branch="false"/><line number="294" hits="3" branch="false"/><line number="295" hits="3" branch="false"/><line number="296" hits="3" branch="false"/><line number="298" hits="3" branch="false"/><line number="300" hits="3" branch="false"/><line number="304" hits="3" branch="false"/><line number="305" hits="3" branch="false"/><line number="306" hits="3" branch="false"/><line number="307" hits="3" branch="false"/><line number="308" hits="3" branch="false"/><line number="309" hits="3" branch="false"/><line number="312" hits="3" branch="false"/><line number="314" hits="3" branch="false"/><line number="316" hits="3" branch="true" condition-coverage="50% (1/2)"><conditions><condition number="0" type="jump" coverage="50%"/></conditions></line><line number="317" hits="3" branch="true" condition-coverage="35% (5/14)"><conditions><condition number="0" type="jump" coverage="35%"/></conditions></line><line number="319" hits="3" branch="true" condition-coverage="50% (1/2)"><conditions><condition number="0" type="jump" coverage="50%"/></conditions></line><line number="320" hits="3" branch="true" condition-coverage="35% (5/14)"><conditions><condition number="0" type="jump" coverage="35%"/></conditions></line><line number="322" hits="3" branch="true" condition-coverage="50% (1/2)"><conditions><condition number="0" type="jump" coverage="50%"/></conditions></line><line number="323" hits="3" branch="true" condition-coverage="35% (5/14)"><conditions><condition number="0" type="jump" coverage="35%"/></conditions></line><line number="325" hits="3" branch="true" condition-coverage="50% (1/2)"><conditions><condition number="0" type="jump" coverage="50%"/></conditions></line><line number="326" hits="3" branch="true" condition-coverage="35% (5/14)"><conditions><condition number="0" type="jump" coverage="35%"/></conditions></line><line number="328" hits="3" branch="true" condition-coverage="50% (1/2)"><conditions><condition number="0" type="jump" coverage="50%"/></conditions></line><line number="329" hits="3" branch="true" condition-coverage="35% (5/14)"><conditions><condition number="0" type="jump" coverage="35%"/></conditions></line><line number="331" hits="3" branch="true" condition-coverage="50% (1/2)"><conditions><condition number="0" type="jump" coverage="50%"/></conditions></line><line number="332" hits="3" branch="true" condition-coverage="35% (5/14)"><conditions><condition number="0" type="jump" coverage="35%"/></conditions></line><line number="334" hits="3" branch="true" condition-coverage="50% (1/2)"><conditions><condition number="0" type="jump" coverage="50%"/></conditions></line><line number="335" hits="3" branch="true" condition-coverage="35% (5/14)"><conditions><condition number="0" type="jump" coverage="35%"/></conditions></line><line number="338" hits="3" branch="true" condition-coverage="35% (5/14)"><conditions><condition number="0" type="jump" coverage="35%"/></conditions></line><line number="346" hits="3" branch="false"/></lines></class><class name="test_vaccel_cpp" filename="test/unit/test_vaccel.cpp" line-rate="0.2891566265060241" branch-rate="0.2982456140350877" complexity="0.0"><methods/><lines><line number="45" hits="0" branch="false"/><line number="50" hits="0" branch="false"/><line number="51" hits="0" branch="true" condition-coverage="0% (0/2)"><conditions><condition number="0" type="jump" coverage="0%"/></conditions></line><line number="52" hits="0" branch="false"/><line number="53" hits="0" branch="false"/><line number="56" hits="0" branch="false"/><line number="58" hits="0" branch="true" condition-coverage="0% (0/2)"><conditions><condition number="0" type="jump" coverage="0%"/></conditions></line><line number="59" hits="0" branch="false"/><line number="60" hits="0" branch="false"/><line number="61" hits="0" branch="false"/><line number="64" hits="0" branch="false"/><line number="65" hits="0" branch="false"/><line number="66" hits="0" branch="true" condition-coverage="0% (0/2)"><conditions><condition number="0" type="jump" coverage="0%"/></conditions></line><line number="67" hits="0" branch="false"/><line number="70" hits="0" branch="false"/><line number="71" hits="0" branch="true" condition-coverage="0% (0/2)"><conditions><condition number="0" type="jump" coverage="0%"/></conditions></line><line number="72" hits="0" branch="false"/><line number="75" hits="0" branch="false"/><line number="77" hits="0" branch="false"/><line number="79" hits="0" branch="false"/><line number="81" hits="0" branch="false"/><line number="82" hits="0" branch="false"/><line number="83" hits="0" branch="false"/><line number="86" hits="0" branch="false"/><line number="90" hits="0" branch="false"/><line number="91" hits="0" branch="true" condition-coverage="0% (0/2)"><conditions><condition number="0" type="jump" coverage="0%"/></conditions></line><line number="92" hits="0" branch="false"/><line number="94" hits="0" branch="false"/><line number="95" hits="0" branch="false"/><line number="96" hits="0" branch="true" condition-coverage="0% (0/2)"><conditions><condition number="0" type="jump" coverage="0%"/></conditions></line><line number="97" hits="0" branch="false"/><line number="98" hits="0" branch="true" condition-coverage="0% (0/2)"><conditions><condition number="0" type="jump" coverage="0%"/></conditions></line><line number="99" hits="0" branch="false"/><line number="101" hits="0" branch="false"/><line number="104" hits="0" branch="false"/><line number="105" hits="0" branch="false"/><line number="108" hits="1" branch="false"/><line number="110" hits="1" branch="false"/><line number="111" hits="1" branch="true" condition-coverage="50% (1/2)"><conditions><condition number="0" type="jump" coverage="50%"/></conditions></line><line number="112" hits="0" branch="false"/><line number="113" hits="0" branch="false"/><line number="116" hits="1" branch="true" condition-coverage="50% (1/2)"><conditions><condition number="0" type="jump" coverage="50%"/></conditions></line><line number="117" hits="0" branch="false"/><line number="118" hits="0" branch="true" condition-coverage="0% (0/2)"><conditions><condition number="0" type="jump" coverage="0%"/></conditions></line><line number="119" hits="0" branch="false"/><line number="120" hits="0" branch="false"/><line number="121" hits="0" branch="true" condition-coverage="0% (0/2)"><conditions><condition number="0" type="jump" coverage="0%"/></conditions></line><line number="122" hits="0" branch="false"/><line number="123" hits="0" branch="false"/><line number="126" hits="0" branch="false"/><line number="127" hits="0" branch="true" condition-coverage="0% (0/2)"><conditions><condition number="0" type="jump" coverage="0%"/></conditions></line><line number="128" hits="0" branch="false"/><line number="129" hits="0" branch="false"/><line number="132" hits="0" branch="false"/><line number="135" hits="1" branch="false"/><line number="136" hits="1" branch="true" condition-coverage="50% (1/2)"><conditions><condition number="0" type="jump" coverage="50%"/></conditions></line><line number="137" hits="0" branch="false"/><line number="138" hits="0" branch="false"/><line number="141" hits="1" branch="false"/><line number="142" hits="1" branch="true" condition-coverage="50% (1/2)"><conditions><condition number="0" type="jump" coverage="50%"/></conditions></line><line number="143" hits="0" branch="false"/><line number="144" hits="0" branch="false"/><line number="147" hits="1" branch="false"/><line number="149" hits="1" branch="false"/><line number="152" hits="0" branch="false"/><line number="156" hits="0" branch="true" condition-coverage="0% (0/2)"><conditions><condition number="0" type="jump" coverage="0%"/></conditions></line><line number="157" hits="0" branch="false"/><line number="159" hits="0" branch="false"/><line number="162" hits="0" branch="false"/><line number="165" hits="1" branch="false"/><line number="168" hits="1" branch="false"/><line number="169" hits="1" branch="true" condition-coverage="35% (5/14)"><conditions><condition number="0" type="jump" coverage="35%"/></conditions></line><line number="171" hits="1" branch="false"/><line number="172" hits="1" branch="true" condition-coverage="35% (5/14)"><conditions><condition number="0" type="jump" coverage="35%"/></conditions></line><line number="174" hits="1" branch="false"/><line number="175" hits="1" branch="true" condition-coverage="35% (5/14)"><conditions><condition number="0" type="jump" coverage="35%"/></conditions></line><line number="177" hits="1" branch="false"/><line number="178" hits="1" branch="true" condition-coverage="35% (5/14)"><conditions><condition number="0" type="jump" coverage="35%"/></conditions></line><line number="180" hits="1" branch="false"/><line number="181" hits="1" branch="true" condition-coverage="35% (5/14)"><conditions><condition number="0" type="jump" coverage="35%"/></conditions></line><line number="183" hits="1" branch="false"/><line number="184" hits="1" branch="true" condition-coverage="35% (5/14)"><conditions><condition number="0" type="jump" coverage="35%"/></conditions></line><line number="201" hits="1" branch="false"/></lines></class></classes></package></packages></coverage>